Unity Editor version:    2022.3.26f1 (ec6cd8118806)
Branch:                  2022.3/staging
Build type:              Release
Batch mode:              YES
System name:             Linux
Distro version:          #1 SMP PREEMPT_DYNAMIC Sat Jul 27 14:46:06 UTC 2024
Kernel version:          6.9.12-1-MANJARO
Architecture:            x86_64
Available memory:        32036 MB
Using pre-set license
Pro License: YES

(Unity:70965): Gtk-CRITICAL **: 22:48:47.282: gtk_window_set_default_icon: assertion 'GDK_IS_PIXBUF (icon)' failed

(Unity:70965): GLib-GObject-CRITICAL **: 22:48:47.282: g_object_unref: assertion 'G_IS_OBJECT (object)' failed
Desktop is 1920 x 1080 @ 60 Hz
Initialize udev device monitor.

COMMAND LINE ARGUMENTS:
Unity
-adb2
-batchMode
-noUpm
-name
AssetImportWorker0
-projectPath
/home/mplopes/Documentos/Pool 3D
-logFile
Logs/AssetImportWorker0.log
-srvPort
36541
Successfully changed project path to: /home/mplopes/Documentos/Pool 3D
/home/mplopes/Documentos/Pool 3D
[UnityMemory] Configuration Parameters - Can be set up in boot.config
    "memorysetup-bucket-allocator-granularity=16"
    "memorysetup-bucket-allocator-bucket-count=8"
    "memorysetup-bucket-allocator-block-size=33554432"
    "memorysetup-bucket-allocator-block-count=8"
    "memorysetup-main-allocator-block-size=16777216"
    "memorysetup-thread-allocator-block-size=16777216"
    "memorysetup-gfx-main-allocator-block-size=16777216"
    "memorysetup-gfx-thread-allocator-block-size=16777216"
    "memorysetup-cache-allocator-block-size=4194304"
    "memorysetup-typetree-allocator-block-size=2097152"
    "memorysetup-profiler-bucket-allocator-granularity=16"
    "memorysetup-profiler-bucket-allocator-bucket-count=8"
    "memorysetup-profiler-bucket-allocator-block-size=33554432"
    "memorysetup-profiler-bucket-allocator-block-count=8"
    "memorysetup-profiler-allocator-block-size=16777216"
    "memorysetup-profiler-editor-allocator-block-size=1048576"
    "memorysetup-temp-allocator-size-main=16777216"
    "memorysetup-job-temp-allocator-block-size=2097152"
    "memorysetup-job-temp-allocator-block-size-background=1048576"
    "memorysetup-job-temp-allocator-reduction-small-platforms=262144"
    "memorysetup-allocator-temp-initial-block-size-main=262144"
    "memorysetup-allocator-temp-initial-block-size-worker=262144"
    "memorysetup-temp-allocator-size-background-worker=32768"
    "memorysetup-temp-allocator-size-job-worker=262144"
    "memorysetup-temp-allocator-size-preload-manager=33554432"
    "memorysetup-temp-allocator-size-nav-mesh-worker=65536"
    "memorysetup-temp-allocator-size-audio-worker=65536"
    "memorysetup-temp-allocator-size-cloud-worker=32768"
    "memorysetup-temp-allocator-size-gi-baking-worker=262144"
    "memorysetup-temp-allocator-size-gfx=262144"
Player connection [135973078725376] Host "[IP] 10.0.0.155 [Port] 0 [Flags] 2 [Guid] 3771318243 [EditorId] 3771318243 [Version] 1048832 [Id] LinuxEditor(16,10.0.0.155) [Debug] 1 [PackageName] LinuxEditor [ProjectName] Editor" joined multi-casting on [225.0.0.222:54997]...

Player connection [135973078725376] Host "[IP] 10.0.0.155 [Port] 0 [Flags] 2 [Guid] 3771318243 [EditorId] 3771318243 [Version] 1048832 [Id] LinuxEditor(16,10.0.0.155) [Debug] 1 [PackageName] LinuxEditor [ProjectName] Editor" joined alternative multi-casting on [225.0.0.222:34997]...

[Physics::Module] Initialized MultithreadedJobDispatcher with 15 workers.
Refreshing native plugins compatible for Editor in 3,25 ms, found 0 plugins.
Preloading 0 native plugins for Editor in 0,00 ms.
Initialize engine version: 2022.3.26f1 (ec6cd8118806)
[Subsystems] Discovering subsystems at path /run/media/mplopes/48b9a565-fcde-403d-aa1b-2e8fddeb6749/.UnityEngine/2022.3.26f1/Editor/Data/Resources/UnitySubsystems
[Subsystems] Discovering subsystems at path /home/mplopes/Documentos/Pool 3D/Assets
GLX Extensions: GLX_ARB_context_flush_control GLX_ARB_create_context GLX_ARB_create_context_no_error GLX_ARB_create_context_profile GLX_ARB_create_context_robustness GLX_ARB_fbconfig_float GLX_ARB_framebuffer_sRGB GLX_ARB_get_proc_address GLX_ARB_multisample GLX_EXT_buffer_age GLX_EXT_create_context_es2_profile GLX_EXT_create_context_es_profile GLX_EXT_fbconfig_packed_float GLX_EXT_framebuffer_sRGB GLX_EXT_no_config_context GLX_EXT_swap_control GLX_EXT_swap_control_tear GLX_EXT_texture_from_pixmap GLX_EXT_visual_info GLX_EXT_visual_rating GLX_INTEL_swap_event GLX_MESA_copy_sub_buffer GLX_MESA_gl_interop GLX_MESA_query_renderer GLX_MESA_swap_control GLX_OML_sync_control GLX_SGIS_multisample GLX_SGIX_fbconfig GLX_SGIX_pbuffer GLX_SGIX_visual_select_group GLX_SGI_make_current_read GLX_SGI_swap_control GLX_SGI_video_sync 
Renderer: AMD Radeon RX 550 / 550 Series (radeonsi, polaris12, LLVM 18.1.8, DRM 3.57, 6.9.12-1-MANJARO)
Vendor:   AMD
Version:  4.6 (Core Profile) Mesa 24.3.0-devel (git-50c0dbfd70)
GLES:     0
 GL_AMD_conservative_depth GL_AMD_depth_clamp_separate GL_AMD_draw_buffers_blend GL_AMD_framebuffer_multisample_advanced GL_AMD_gpu_shader_int64 GL_AMD_multi_draw_indirect GL_AMD_performance_monitor GL_AMD_pinned_memory GL_AMD_query_buffer_object GL_AMD_seamless_cubemap_per_texture GL_AMD_shader_stencil_export GL_AMD_shader_trinary_minmax GL_AMD_texture_texture4 GL_AMD_vertex_shader_layer GL_AMD_vertex_shader_viewport_index GL_ANGLE_texture_compression_dxt3 GL_ANGLE_texture_compression_dxt5 GL_ARB_ES2_compatibility GL_ARB_ES3_1_compatibility GL_ARB_ES3_2_compatibility GL_ARB_ES3_compatibility GL_ARB_arrays_of_arrays GL_ARB_base_instance GL_ARB_bindless_texture GL_ARB_blend_func_extended GL_ARB_buffer_storage GL_ARB_clear_buffer_object GL_ARB_clear_texture GL_ARB_clip_control GL_ARB_color_buffer_float GL_ARB_compressed_texture_pixel_storage GL_ARB_compute_shader GL_ARB_compute_variable_group_size GL_ARB_conditional_render_inverted GL_ARB_conservative_depth GL_ARB_copy_buffer GL_ARB_copy_image GL_ARB_cull_dist
ance GL_ARB_debug_output GL_ARB_depth_buffer_float GL_ARB_depth_clamp GL_ARB_derivative_control GL_ARB_direct_state_access GL_ARB_draw_buffers GL_ARB_draw_buffers_blend GL_ARB_draw_elements_base_vertex GL_ARB_draw_indirect GL_ARB_draw_instanced GL_ARB_enhanced_layouts GL_ARB_explicit_attrib_location GL_ARB_explicit_uniform_location GL_ARB_fragment_coord_conventions GL_ARB_fragment_layer_viewport GL_ARB_fragment_shader GL_ARB_framebuffer_no_attachments GL_ARB_framebuffer_object GL_ARB_framebuffer_sRGB GL_ARB_get_program_binary GL_ARB_get_texture_sub_image GL_ARB_gl_spirv GL_ARB_gpu_shader5 GL_ARB_gpu_shader_fp64 GL_ARB_gpu_shader_int64 GL_ARB_half_float_pixel GL_ARB_half_float_vertex GL_ARB_indirect_parameters GL_ARB_instanced_arrays GL_ARB_internalformat_query GL_ARB_internalformat_query2 GL_ARB_invalidate_subdata GL_ARB_map_buffer_alignment GL_ARB_map_buffer_range GL_ARB_multi_bind GL_ARB_multi_draw_indirect GL_ARB_occlusion_query2 GL_ARB_parallel_shader_compile GL_ARB_pipeline_statistics_query GL_ARB_pixel
_buffer_object GL_ARB_point_sprite GL_ARB_polygon_offset_clamp GL_ARB_program_interface_query GL_ARB_provoking_vertex GL_ARB_query_buffer_object GL_ARB_robust_buffer_access_behavior GL_ARB_robustness GL_ARB_sample_shading GL_ARB_sampler_objects GL_ARB_seamless_cube_map GL_ARB_seamless_cubemap_per_texture GL_ARB_separate_shader_objects GL_ARB_shader_atomic_counter_ops GL_ARB_shader_atomic_counters GL_ARB_shader_ballot GL_ARB_shader_bit_encoding GL_ARB_shader_clock GL_ARB_shader_draw_parameters GL_ARB_shader_group_vote GL_ARB_shader_image_load_store GL_ARB_shader_image_size GL_ARB_shader_objects GL_ARB_shader_precision GL_ARB_shader_stencil_export GL_ARB_shader_storage_buffer_object GL_ARB_shader_subroutine GL_ARB_shader_texture_image_samples GL_ARB_shader_texture_lod GL_ARB_shader_viewport_layer_array GL_ARB_shading_language_420pack GL_ARB_shading_language_include GL_ARB_shading_language_packing GL_ARB_spirv_extensions GL_ARB_stencil_texturing GL_ARB_sync GL_ARB_tessellation_shader GL_ARB_texture_barrier GL_A
RB_texture_border_clamp GL_ARB_texture_buffer_object GL_ARB_texture_buffer_object_rgb32 GL_ARB_texture_buffer_range GL_ARB_texture_compression_bptc GL_ARB_texture_compression_rgtc GL_ARB_texture_cube_map_array GL_ARB_texture_filter_anisotropic GL_ARB_texture_filter_minmax GL_ARB_texture_float GL_ARB_texture_gather GL_ARB_texture_mirror_clamp_to_edge GL_ARB_texture_multisample GL_ARB_texture_non_power_of_two GL_ARB_texture_query_levels GL_ARB_texture_query_lod GL_ARB_texture_rectangle GL_ARB_texture_rg GL_ARB_texture_rgb10_a2ui GL_ARB_texture_stencil8 GL_ARB_texture_storage GL_ARB_texture_storage_multisample GL_ARB_texture_swizzle GL_ARB_texture_view GL_ARB_timer_query GL_ARB_transform_feedback2 GL_ARB_transform_feedback3 GL_ARB_transform_feedback_instanced GL_ARB_transform_feedback_overflow_query GL_ARB_uniform_buffer_object GL_ARB_vertex_array_bgra GL_ARB_vertex_array_object GL_ARB_vertex_attrib_64bit GL_ARB_vertex_attrib_binding GL_ARB_vertex_buffer_object GL_ARB_vertex_shader GL_ARB_vertex_type_10f_11f_11
f_rev GL_ARB_vertex_type_2_10_10_10_rev GL_ARB_viewport_array GL_ATI_blend_equation_separate GL_ATI_meminfo GL_ATI_texture_float GL_ATI_texture_mirror_once GL_EXT_EGL_image_storage GL_EXT_EGL_image_storage_compression GL_EXT_EGL_sync GL_EXT_abgr GL_EXT_blend_equation_separate GL_EXT_debug_label GL_EXT_demote_to_helper_invocation GL_EXT_depth_bounds_test GL_EXT_draw_buffers2 GL_EXT_draw_instanced GL_EXT_framebuffer_blit GL_EXT_framebuffer_multisample GL_EXT_framebuffer_multisample_blit_scaled GL_EXT_framebuffer_object GL_EXT_framebuffer_sRGB GL_EXT_memory_object GL_EXT_memory_object_fd GL_EXT_packed_depth_stencil GL_EXT_packed_float GL_EXT_pixel_buffer_object GL_EXT_polygon_offset_clamp GL_EXT_provoking_vertex GL_EXT_semaphore GL_EXT_semaphore_fd GL_EXT_shader_image_load_formatted GL_EXT_shader_image_load_store GL_EXT_shader_integer_mix GL_EXT_shader_samples_identical GL_EXT_texture_array GL_EXT_texture_compression_dxt1 GL_EXT_texture_compression_rgtc GL_EXT_texture_compression_s3tc GL_EXT_texture_filter_anis
otropic GL_EXT_texture_filter_minmax GL_EXT_texture_integer GL_EXT_texture_mirror_clamp GL_EXT_texture_sRGB GL_EXT_texture_sRGB_R8 GL_EXT_texture_sRGB_decode GL_EXT_texture_shadow_lod GL_EXT_texture_shared_exponent GL_EXT_texture_snorm GL_EXT_texture_storage GL_EXT_texture_swizzle GL_EXT_timer_query GL_EXT_transform_feedback GL_EXT_vertex_array_bgra GL_EXT_vertex_attrib_64bit GL_EXT_window_rectangles GL_IBM_multimode_draw_arrays GL_INTEL_blackhole_render GL_KHR_blend_equation_advanced GL_KHR_context_flush_control GL_KHR_debug GL_KHR_no_error GL_KHR_parallel_shader_compile GL_KHR_robust_buffer_access_behavior GL_KHR_robustness GL_KHR_texture_compression_astc_ldr GL_KHR_texture_compression_astc_sliced_3d GL_MESA_framebuffer_flip_y GL_MESA_pack_invert GL_MESA_shader_integer_functions GL_MESA_texture_const_bandwidth GL_MESA_texture_signed_rgba GL_NVX_gpu_memory_info GL_NV_alpha_to_coverage_dither_control GL_NV_compute_shader_derivatives GL_NV_conditional_render GL_NV_copy_image GL_NV_depth_clamp GL_NV_packed_dep
th_stencil GL_NV_shader_atomic_int64 GL_NV_texture_barrier GL_NV_vdpau_interop GL_OES_EGL_image GL_S3_s3tc
OPENGL LOG: Creating OpenGL 4.6 graphics device ; Context level  <OpenGL 4.5> ; Context handle 1922676608
Initialize mono
Mono path[0] = '/run/media/mplopes/48b9a565-fcde-403d-aa1b-2e8fddeb6749/.UnityEngine/2022.3.26f1/Editor/Data/Managed'
Mono path[1] = '/run/media/mplopes/48b9a565-fcde-403d-aa1b-2e8fddeb6749/.UnityEngine/2022.3.26f1/Editor/Data/MonoBleedingEdge/lib/mono/unityjit-linux'
Mono config path = '/run/media/mplopes/48b9a565-fcde-403d-aa1b-2e8fddeb6749/.UnityEngine/2022.3.26f1/Editor/Data/MonoBleedingEdge/etc'
Using monoOptions --debugger-agent=transport=dt_socket,embedding=1,server=y,suspend=n,address=127.0.0.1:56965
Begin MonoManager ReloadAssembly
Registering precompiled unity dll's ...
Register platform support module: /run/media/mplopes/48b9a565-fcde-403d-aa1b-2e8fddeb6749/.UnityEngine/2022.3.26f1/Editor/Data/PlaybackEngines/WebGLSupport/UnityEditor.WebGL.Extensions.dll
Register platform support module: /run/media/mplopes/48b9a565-fcde-403d-aa1b-2e8fddeb6749/.UnityEngine/2022.3.26f1/Editor/Data/PlaybackEngines/WindowsStandaloneSupport/UnityEditor.WindowsStandalone.Extensions.dll
Register platform support module: /run/media/mplopes/48b9a565-fcde-403d-aa1b-2e8fddeb6749/.UnityEngine/2022.3.26f1/Editor/Data/PlaybackEngines/LinuxStandaloneSupport/UnityEditor.LinuxStandalone.Extensions.dll
Registered in 0,014015 seconds.
- Loaded All Assemblies, in  0,486 seconds
Native extension for LinuxStandalone target not found
Native extension for WindowsStandalone target not found
Native extension for WebGL target not found
Mono: successfully reloaded assembly
- Finished resetting the current domain, in  0,448 seconds
Domain Reload Profiling: 934ms
	BeginReloadAssembly (97ms)
		ExecutionOrderSort (0ms)
		DisableScriptedObjects (0ms)
		BackupInstance (0ms)
		ReleaseScriptingObjects (0ms)
		CreateAndSetChildDomain (1ms)
	RebuildCommonClasses (64ms)
	RebuildNativeTypeToScriptingClass (19ms)
	initialDomainReloadingComplete (97ms)
	LoadAllAssembliesAndSetupDomain (209ms)
		LoadAssemblies (97ms)
		RebuildTransferFunctionScriptingTraits (0ms)
		AnalyzeDomain (207ms)
			TypeCache.Refresh (205ms)
				TypeCache.ScanAssembly (189ms)
			ScanForSourceGeneratedMonoScriptInfo (0ms)
			ResolveRequiredComponents (1ms)
	FinalizeReload (448ms)
		ReleaseScriptCaches (0ms)
		RebuildScriptCaches (0ms)
		SetupLoadedEditorAssemblies (365ms)
			LogAssemblyErrors (0ms)
			InitializePlatformSupportModulesInManaged (60ms)
			SetLoadedEditorAssemblies (11ms)
			RefreshPlugins (0ms)
			BeforeProcessingInitializeOnLoad (3ms)
			ProcessInitializeOnLoadAttributes (218ms)
			ProcessInitializeOnLoadMethodAttributes (73ms)
			AfterProcessingInitializeOnLoad (0ms)
			EditorAssembliesLoaded (0ms)
		ExecutionOrderSort2 (0ms)
		AwakeInstancesAfterBackupRestoration (0ms)
========================================================================
Worker process is ready to serve import requests
Begin MonoManager ReloadAssembly
- Loaded All Assemblies, in  0,580 seconds
Refreshing native plugins compatible for Editor in 1,95 ms, found 0 plugins.
Native extension for LinuxStandalone target not found
Native extension for WindowsStandalone target not found
Native extension for WebGL target not found
Package Manager log level set to [2]
[Package Manager] Server::EnsureServerProcessIsRunning -- launch failed, reason: Unity was launched with the -noUpm command-line argument
[Package Manager] UpmClient::Send -- Unable to send message (not connected to UPM process).
[Package Manager] Cannot connect to Unity Package Manager local server
Mono: successfully reloaded assembly
- Finished resetting the current domain, in  0,734 seconds
Domain Reload Profiling: 1313ms
	BeginReloadAssembly (164ms)
		ExecutionOrderSort (0ms)
		DisableScriptedObjects (7ms)
		BackupInstance (0ms)
		ReleaseScriptingObjects (0ms)
		CreateAndSetChildDomain (30ms)
	RebuildCommonClasses (54ms)
	RebuildNativeTypeToScriptingClass (12ms)
	initialDomainReloadingComplete (59ms)
	LoadAllAssembliesAndSetupDomain (291ms)
		LoadAssemblies (248ms)
		RebuildTransferFunctionScriptingTraits (0ms)
		AnalyzeDomain (123ms)
			TypeCache.Refresh (106ms)
				TypeCache.ScanAssembly (90ms)
			ScanForSourceGeneratedMonoScriptInfo (12ms)
			ResolveRequiredComponents (3ms)
	FinalizeReload (734ms)
		ReleaseScriptCaches (0ms)
		RebuildScriptCaches (0ms)
		SetupLoadedEditorAssemblies (534ms)
			LogAssemblyErrors (0ms)
			InitializePlatformSupportModulesInManaged (61ms)
			SetLoadedEditorAssemblies (4ms)
			RefreshPlugins (0ms)
			BeforeProcessingInitializeOnLoad (58ms)
			ProcessInitializeOnLoadAttributes (366ms)
			ProcessInitializeOnLoadMethodAttributes (37ms)
			AfterProcessingInitializeOnLoad (8ms)
			EditorAssembliesLoaded (0ms)
		ExecutionOrderSort2 (0ms)
		AwakeInstancesAfterBackupRestoration (4ms)
Launched and connected shader compiler UnityShaderCompiler after 0.03 seconds
Refreshing native plugins compatible for Editor in 1,89 ms, found 0 plugins.
Preloading 0 native plugins for Editor in 0,00 ms.
Unloading 1519 Unused Serialized files (Serialized files now loaded: 0)
Unloading 35 unused Assets / (53,0 KB). Loaded Objects now: 1980.
Memory consumption went from 81,8 MB to 81,7 MB.
Total: 5,801488 ms (FindLiveObjects: 0,173906 ms CreateObjectMapping: 0,043461 ms MarkObjects: 5,163431 ms  DeleteObjects: 0,418955 ms)

AssetImportParameters requested are different than current active one (requested -> active):
  custom:video-encoder-webm-vp8: eb34c28f22e8b96e1ab97ce403110664 -> 
  custom:video-decoder-webm-vp8: 9c59270c3fd7afecdb556c50c9e8de78 -> 
  custom:audio-decoder-ogg-vorbis: bf7c407c2cedff20999df2af8eb42d56 -> 
  custom:SearchIndexIgnoredProperties: e643bd26f0fe6173181afceb89e7c659 -> 
  custom:container-demuxer-ogg: 62fdf1f143b41e24485cea50d1cbac27 -> 
  custom:AudioImporter_EditorPlatform: 2f0ff77a95e0ac474e3e8eeba4e2f7cb -> 
  custom:CustomObjectIndexerAttribute: 232f87dd983dbecb2a4e21e08eb2cef8 -> 
  custom:container-demuxer-webm: 4f35f7cbe854078d1ac9338744f61a02 -> 
  custom:video-decoder-ogg-theora: a1e56fd34408186e4bbccfd4996cb3dc -> 
  custom:audio-encoder-webm-vorbis: bf7c407c2cedff20999df2af8eb42d56 -> 
  custom:container-muxer-webm: aa71ff27fc2769a1b78a27578f13a17b -> 
========================================================================
Received Import Request.
  Time since last request: 42592,761158 seconds.
  path: Assets/Images/defaultPrticleAddictive.png
  artifactKey: Guid(cdb8c4c315334f9b90cb37a7ef9a525e) Importer(2089858483,0ecaa5967403d082aa24f35e1b516d23)
Start importing Assets/Images/defaultPrticleAddictive.png using Guid(cdb8c4c315334f9b90cb37a7ef9a525e) Importer(2089858483,0ecaa5967403d082aa24f35e1b516d23)  -> (artifact id: '820aeb9dbcf9699e00b3db7dbbabc047') in 0,175169 seconds
Number of updated asset objects reloaded before import = 0
Number of asset objects unloaded after import = 1
========================================================================
Received Import Request.
  Time since last request: 0,000024 seconds.
  path: Assets/Images/2.png
  artifactKey: Guid(7271823978854a29810b0416493a5af2) Importer(2089858483,0ecaa5967403d082aa24f35e1b516d23)
Start importing Assets/Images/2.png using Guid(7271823978854a29810b0416493a5af2) Importer(2089858483,0ecaa5967403d082aa24f35e1b516d23)  -> (artifact id: '0b07ad4b3d0496270041bf7224293035') in 0,029312 seconds
Number of updated asset objects reloaded before import = 0
Number of asset objects unloaded after import = 3
========================================================================
Received Import Request.
  Time since last request: 0,000069 seconds.
  path: Assets/Images/btnRestart.png
  artifactKey: Guid(a52555f49e9642cfa73b847f0366a52e) Importer(2089858483,0ecaa5967403d082aa24f35e1b516d23)
Start importing Assets/Images/btnRestart.png using Guid(a52555f49e9642cfa73b847f0366a52e) Importer(2089858483,0ecaa5967403d082aa24f35e1b516d23)  -> (artifact id: '5e7c2c6da825df0e6d1368af79ae0881') in 0,015962 seconds
Number of updated asset objects reloaded before import = 0
Number of asset objects unloaded after import = 3
========================================================================
Received Import Request.
  Time since last request: 0,000021 seconds.
  path: Assets/Images/ball-15.png
  artifactKey: Guid(ae8eb0f9e5c94c9b87a32ad2646181ae) Importer(2089858483,0ecaa5967403d082aa24f35e1b516d23)
Start importing Assets/Images/ball-15.png using Guid(ae8eb0f9e5c94c9b87a32ad2646181ae) Importer(2089858483,0ecaa5967403d082aa24f35e1b516d23)  -> (artifact id: '1c3bd21d5a216859684cbf2cd81347e4') in 0,011866 seconds
Number of updated asset objects reloaded before import = 0
Number of asset objects unloaded after import = 1
========================================================================
Received Import Request.
  Time since last request: 0,000058 seconds.
  path: Assets/Font/ITC Avant Garde Gothic LT Medium.ttf
  artifactKey: Guid(c5d9bdd5d97248c2b34ceb9c517b4345) Importer(2089858483,0ecaa5967403d082aa24f35e1b516d23)
Start importing Assets/Font/ITC Avant Garde Gothic LT Medium.ttf using Guid(c5d9bdd5d97248c2b34ceb9c517b4345) Importer(2089858483,0ecaa5967403d082aa24f35e1b516d23)  -> (artifact id: 'e21df4a40f6356c396c51da1f9065b8f') in 0,016949 seconds
Number of updated asset objects reloaded before import = 0
Number of asset objects unloaded after import = 3
========================================================================
Received Import Request.
  Time since last request: 0,000024 seconds.
  path: Assets/Images/boxBgPlain.png
  artifactKey: Guid(5341c14a00364b65a81d994cfccd2eaa) Importer(2089858483,0ecaa5967403d082aa24f35e1b516d23)
Start importing Assets/Images/boxBgPlain.png using Guid(5341c14a00364b65a81d994cfccd2eaa) Importer(2089858483,0ecaa5967403d082aa24f35e1b516d23)  -> (artifact id: '1d1b385ba21bb87e1ad368d376b2bc96') in 0,014086 seconds
Number of updated asset objects reloaded before import = 0
Number of asset objects unloaded after import = 3
========================================================================
Received Import Request.
  Time since last request: 0,000018 seconds.
  path: Assets/Images/btnSnooker3.png
  artifactKey: Guid(b6f4699cdc324d82a77910f2530535eb) Importer(2089858483,0ecaa5967403d082aa24f35e1b516d23)
Start importing Assets/Images/btnSnooker3.png using Guid(b6f4699cdc324d82a77910f2530535eb) Importer(2089858483,0ecaa5967403d082aa24f35e1b516d23)  -> (artifact id: '6e618474f9851f75df52a9768768310c') in 0,014484 seconds
Number of updated asset objects reloaded before import = 0
Number of asset objects unloaded after import = 3
========================================================================
Received Import Request.
  Time since last request: 0,000021 seconds.
  path: Assets/Images/eivaa-logo-text.png
  artifactKey: Guid(d35ca1a9c1a84359b65e08ce95051e3b) Importer(2089858483,0ecaa5967403d082aa24f35e1b516d23)
Start importing Assets/Images/eivaa-logo-text.png using Guid(d35ca1a9c1a84359b65e08ce95051e3b) Importer(2089858483,0ecaa5967403d082aa24f35e1b516d23)  -> (artifact id: '209375eae9432b992dacf5a288615c1c') in 0,021138 seconds
Number of updated asset objects reloaded before import = 0
Number of asset objects unloaded after import = 3
========================================================================
Received Import Request.
  Time since last request: 0,000024 seconds.
  path: Assets/Images/cueShadow.png
  artifactKey: Guid(a1934f7e5d384b3395c1168d50373b27) Importer(2089858483,0ecaa5967403d082aa24f35e1b516d23)
Start importing Assets/Images/cueShadow.png using Guid(a1934f7e5d384b3395c1168d50373b27) Importer(2089858483,0ecaa5967403d082aa24f35e1b516d23)  -> (artifact id: 'c3861494e39249b24f5f2731d36b55b0') in 0,013417 seconds
Number of updated asset objects reloaded before import = 0
Number of asset objects unloaded after import = 1
========================================================================
Received Import Request.
  Time since last request: 0,000076 seconds.
  path: Assets/Images/meterThumb.png
  artifactKey: Guid(6069eb31c67548429f284e7bfcb9cc0e) Importer(2089858483,0ecaa5967403d082aa24f35e1b516d23)
Start importing Assets/Images/meterThumb.png using Guid(6069eb31c67548429f284e7bfcb9cc0e) Importer(2089858483,0ecaa5967403d082aa24f35e1b516d23)  -> (artifact id: 'afb54ae215aebb0de91565c7fe203ddb') in 0,014686 seconds
Number of updated asset objects reloaded before import = 0
Number of asset objects unloaded after import = 3
========================================================================
Received Import Request.
  Time since last request: 0,000261 seconds.
  path: Assets/Images/gameCenterBtn.png
  artifactKey: Guid(f27d1fa086884cc4bb54f896ba772421) Importer(2089858483,0ecaa5967403d082aa24f35e1b516d23)
Start importing Assets/Images/gameCenterBtn.png using Guid(f27d1fa086884cc4bb54f896ba772421) Importer(2089858483,0ecaa5967403d082aa24f35e1b516d23)  -> (artifact id: '293ef3feadcaeaa14d23e2492d7dd5c5') in 0,019526 seconds
Number of updated asset objects reloaded before import = 0
Number of asset objects unloaded after import = 3
========================================================================
Received Import Request.
  Time since last request: 0,000025 seconds.
  path: Assets/Images/guideSelect.png
  artifactKey: Guid(4e5827c7c0254e6a9481d7c8b23401c7) Importer(2089858483,0ecaa5967403d082aa24f35e1b516d23)
Start importing Assets/Images/guideSelect.png using Guid(4e5827c7c0254e6a9481d7c8b23401c7) Importer(2089858483,0ecaa5967403d082aa24f35e1b516d23)  -> (artifact id: '612d7d3a33e016bb0186baf32f679d07') in 0,027333 seconds
Number of updated asset objects reloaded before import = 0
Number of asset objects unloaded after import = 6
========================================================================
Received Import Request.
  Time since last request: 0,000019 seconds.
  path: Assets/Images/1.png
  artifactKey: Guid(2672aa0d6ee242b4a1bf3d94fdf5621e) Importer(2089858483,0ecaa5967403d082aa24f35e1b516d23)
Start importing Assets/Images/1.png using Guid(2672aa0d6ee242b4a1bf3d94fdf5621e) Importer(2089858483,0ecaa5967403d082aa24f35e1b516d23)  -> (artifact id: '0089c86da3a9ecc2e3b471f57a763eb4') in 0,015011 seconds
Number of updated asset objects reloaded before import = 0
Number of asset objects unloaded after import = 3
========================================================================
Received Import Request.
  Time since last request: 0,000022 seconds.
  path: Assets/Images/ball-uk-yellow.png
  artifactKey: Guid(e198da2b27ed4e979b2dacf3d771c81c) Importer(2089858483,0ecaa5967403d082aa24f35e1b516d23)
Start importing Assets/Images/ball-uk-yellow.png using Guid(e198da2b27ed4e979b2dacf3d771c81c) Importer(2089858483,0ecaa5967403d082aa24f35e1b516d23)  -> (artifact id: 'e087e5ffbd76f455693c35c541be7561') in 0,012697 seconds
Number of updated asset objects reloaded before import = 0
Number of asset objects unloaded after import = 1
========================================================================
Received Import Request.
  Time since last request: 0,000057 seconds.
  path: Assets/Images/arrow2.png
  artifactKey: Guid(c94465ce5c9f4088925b23d8c1dce66b) Importer(2089858483,0ecaa5967403d082aa24f35e1b516d23)
Start importing Assets/Images/arrow2.png using Guid(c94465ce5c9f4088925b23d8c1dce66b) Importer(2089858483,0ecaa5967403d082aa24f35e1b516d23)  -> (artifact id: 'd558bd0482bf38219693d5038a798532') in 0,015789 seconds
Number of updated asset objects reloaded before import = 0
Number of asset objects unloaded after import = 3
========================================================================
Received Import Request.
  Time since last request: 0,000017 seconds.
  path: Assets/Images/button_h.png
  artifactKey: Guid(a89f49f8c2754f449d993002959ecb24) Importer(2089858483,0ecaa5967403d082aa24f35e1b516d23)
Start importing Assets/Images/button_h.png using Guid(a89f49f8c2754f449d993002959ecb24) Importer(2089858483,0ecaa5967403d082aa24f35e1b516d23)  -> (artifact id: 'c3ee350fc83ba70b3bca6f8efe892a7c') in 0,013391 seconds
Number of updated asset objects reloaded before import = 0
Number of asset objects unloaded after import = 3
========================================================================
Received Import Request.
  Time since last request: 0,000071 seconds.
  path: Assets/Images/btnPractice.png
  artifactKey: Guid(8133b1132a494a5085d87e4fc897d519) Importer(2089858483,0ecaa5967403d082aa24f35e1b516d23)
Start importing Assets/Images/btnPractice.png using Guid(8133b1132a494a5085d87e4fc897d519) Importer(2089858483,0ecaa5967403d082aa24f35e1b516d23)  -> (artifact id: '0fac2bde5d9a750a013a9796d4d1fc14') in 0,016291 seconds
Number of updated asset objects reloaded before import = 0
Number of asset objects unloaded after import = 3
========================================================================
Received Import Request.
  Time since last request: 0,000016 seconds.
  path: Assets/Images/placeCueBtn.png
  artifactKey: Guid(d1b2b751e264489da7e0d30871306b0f) Importer(2089858483,0ecaa5967403d082aa24f35e1b516d23)
Start importing Assets/Images/placeCueBtn.png using Guid(d1b2b751e264489da7e0d30871306b0f) Importer(2089858483,0ecaa5967403d082aa24f35e1b516d23)  -> (artifact id: '0347fb5ced505d171fb5256743025b30') in 0,013704 seconds
Number of updated asset objects reloaded before import = 0
Number of asset objects unloaded after import = 3
========================================================================
Received Import Request.
  Time since last request: 0,000034 seconds.
  path: Assets/Images/btnRules.png
  artifactKey: Guid(d7701a8d49f04d93b1f1efe87dc4bf19) Importer(2089858483,0ecaa5967403d082aa24f35e1b516d23)
Start importing Assets/Images/btnRules.png using Guid(d7701a8d49f04d93b1f1efe87dc4bf19) Importer(2089858483,0ecaa5967403d082aa24f35e1b516d23)  -> (artifact id: '710da6dba685065d8611a7c39cd3d044') in 0,014894 seconds
Number of updated asset objects reloaded before import = 0
Number of asset objects unloaded after import = 3
========================================================================
Received Import Request.
  Time since last request: 0,000016 seconds.
  path: Assets/Font/Roboto-Medium.ttf
  artifactKey: Guid(23814b66afc74d31a0aa289f8c4010a0) Importer(2089858483,0ecaa5967403d082aa24f35e1b516d23)
Start importing Assets/Font/Roboto-Medium.ttf using Guid(23814b66afc74d31a0aa289f8c4010a0) Importer(2089858483,0ecaa5967403d082aa24f35e1b516d23)  -> (artifact id: '1cfcf687761eb5edc4af6d937fbc5b2b') in 0,007074 seconds
Number of updated asset objects reloaded before import = 0
Number of asset objects unloaded after import = 3
========================================================================
Received Import Request.
  Time since last request: 0,000139 seconds.
  path: Assets/Images/ball-10.png
  artifactKey: Guid(ed7261498f3d4d1982137e3df94da507) Importer(2089858483,0ecaa5967403d082aa24f35e1b516d23)
Start importing Assets/Images/ball-10.png using Guid(ed7261498f3d4d1982137e3df94da507) Importer(2089858483,0ecaa5967403d082aa24f35e1b516d23)  -> (artifact id: '121f3092a9c1bd8b803b06a1c0bf3340') in 0,012843 seconds
Number of updated asset objects reloaded before import = 0
Number of asset objects unloaded after import = 1
========================================================================
Received Import Request.
  Time since last request: 0,000052 seconds.
  path: Assets/Images/logoBackground.png
  artifactKey: Guid(849563224f194e8da4489a4fd0957664) Importer(2089858483,0ecaa5967403d082aa24f35e1b516d23)
Start importing Assets/Images/logoBackground.png using Guid(849563224f194e8da4489a4fd0957664) Importer(2089858483,0ecaa5967403d082aa24f35e1b516d23)  -> (artifact id: '334f26d940e3ab03ab26f275374e904e') in 0,020659 seconds
Number of updated asset objects reloaded before import = 0
Number of asset objects unloaded after import = 3
========================================================================
Received Import Request.
  Time since last request: 0,000031 seconds.
  path: Assets/Images/btnResume.png
  artifactKey: Guid(acf73e168b2741acbca71a196ee78fa3) Importer(2089858483,0ecaa5967403d082aa24f35e1b516d23)
Start importing Assets/Images/btnResume.png using Guid(acf73e168b2741acbca71a196ee78fa3) Importer(2089858483,0ecaa5967403d082aa24f35e1b516d23)  -> (artifact id: '0ea80b9f1e5f57e8e0e9058ba274582e') in 0,015331 seconds
Number of updated asset objects reloaded before import = 0
Number of asset objects unloaded after import = 3
========================================================================
Received Import Request.
  Time since last request: 0,000031 seconds.
  path: Assets/Images/arrow.png
  artifactKey: Guid(984e492410f945588f9e22d95f0e2dd7) Importer(2089858483,0ecaa5967403d082aa24f35e1b516d23)
Start importing Assets/Images/arrow.png using Guid(984e492410f945588f9e22d95f0e2dd7) Importer(2089858483,0ecaa5967403d082aa24f35e1b516d23)  -> (artifact id: 'bd308d2b2d5892492c0b4c13c97e1031') in 0,012257 seconds
Number of updated asset objects reloaded before import = 0
Number of asset objects unloaded after import = 3
========================================================================
Received Import Request.
  Time since last request: 0,000016 seconds.
  path: Assets/Cubemap/cubemapBall.png
  artifactKey: Guid(a6374fdee9304c988bf32c84631003eb) Importer(2089858483,0ecaa5967403d082aa24f35e1b516d23)
Start importing Assets/Cubemap/cubemapBall.png using Guid(a6374fdee9304c988bf32c84631003eb) Importer(2089858483,0ecaa5967403d082aa24f35e1b516d23)  -> (artifact id: 'feb0e68f752b948dc575fc97456d2566') in 0,019360 seconds
Number of updated asset objects reloaded before import = 0
Number of asset objects unloaded after import = 1
========================================================================
Received Import Request.
  Time since last request: 0,000053 seconds.
  path: Assets/Images/btnSnooker6.png
  artifactKey: Guid(24969992ca894621ba5f7e39b363c94f) Importer(2089858483,0ecaa5967403d082aa24f35e1b516d23)
Start importing Assets/Images/btnSnooker6.png using Guid(24969992ca894621ba5f7e39b363c94f) Importer(2089858483,0ecaa5967403d082aa24f35e1b516d23)  -> (artifact id: '899d68a22201f012a6f8f2a977e92368') in 0,018756 seconds
Number of updated asset objects reloaded before import = 0
Number of asset objects unloaded after import = 3
========================================================================
Received Import Request.
  Time since last request: 0,000019 seconds.
  path: Assets/Images/powerFlickBg.png
  artifactKey: Guid(881196254cf44117856ebd99f1a8967b) Importer(2089858483,0ecaa5967403d082aa24f35e1b516d23)
Start importing Assets/Images/powerFlickBg.png using Guid(881196254cf44117856ebd99f1a8967b) Importer(2089858483,0ecaa5967403d082aa24f35e1b516d23)  -> (artifact id: 'cff4ab14d55455ff5eb917ceff37635f') in 0,015535 seconds
Number of updated asset objects reloaded before import = 0
Number of asset objects unloaded after import = 3
========================================================================
Received Import Request.
  Time since last request: 0,000321 seconds.
  path: Assets/Images/ground3mask.png
  artifactKey: Guid(e2e29972a01a450483eb69eeb91f885a) Importer(2089858483,0ecaa5967403d082aa24f35e1b516d23)
Start importing Assets/Images/ground3mask.png using Guid(e2e29972a01a450483eb69eeb91f885a) Importer(2089858483,0ecaa5967403d082aa24f35e1b516d23)  -> (artifact id: 'ea623cf626af9da7dd120a13c49621ac') in 0,017207 seconds
Number of updated asset objects reloaded before import = 0
Number of asset objects unloaded after import = 1
========================================================================
Received Import Request.
  Time since last request: 0,000057 seconds.
  path: Assets/Images/checkbox-checked.png
  artifactKey: Guid(99a0ee443371464da791bb01cead3c55) Importer(2089858483,0ecaa5967403d082aa24f35e1b516d23)
Start importing Assets/Images/checkbox-checked.png using Guid(99a0ee443371464da791bb01cead3c55) Importer(2089858483,0ecaa5967403d082aa24f35e1b516d23)  -> (artifact id: '6c1ff87e0f9d3c118054e96eb6949fab') in 0,021952 seconds
Number of updated asset objects reloaded before import = 0
Number of asset objects unloaded after import = 3
========================================================================
Received Import Request.
  Time since last request: 0,000019 seconds.
  path: Assets/Images/ball-13.png
  artifactKey: Guid(ce2cb7f579484888b3de6aec88c489dc) Importer(2089858483,0ecaa5967403d082aa24f35e1b516d23)
Start importing Assets/Images/ball-13.png using Guid(ce2cb7f579484888b3de6aec88c489dc) Importer(2089858483,0ecaa5967403d082aa24f35e1b516d23)  -> (artifact id: '3cfb2a2caeb82c3c4e0bb45b9d584e1d') in 0,017255 seconds
Number of updated asset objects reloaded before import = 0
Number of asset objects unloaded after import = 1
========================================================================
Received Import Request.
  Time since last request: 0,000035 seconds.
  path: Assets/Images/playerGlow.png
  artifactKey: Guid(2ed2becdcf8842d8af05aae3e9513353) Importer(2089858483,0ecaa5967403d082aa24f35e1b516d23)
Start importing Assets/Images/playerGlow.png using Guid(2ed2becdcf8842d8af05aae3e9513353) Importer(2089858483,0ecaa5967403d082aa24f35e1b516d23)  -> (artifact id: '44e37f1d5c76ff0b8af1e6758457688c') in 0,019397 seconds
Number of updated asset objects reloaded before import = 0
Number of asset objects unloaded after import = 3
========================================================================
Received Import Request.
  Time since last request: 0,000029 seconds.
  path: Assets/Images/youtubeBtn.png
  artifactKey: Guid(e82daed730ff43d0abde6299f075a1f8) Importer(2089858483,0ecaa5967403d082aa24f35e1b516d23)
Start importing Assets/Images/youtubeBtn.png using Guid(e82daed730ff43d0abde6299f075a1f8) Importer(2089858483,0ecaa5967403d082aa24f35e1b516d23)  -> (artifact id: '03a37a2c7a1686d248c5c6936dbc22b1') in 0,020388 seconds
Number of updated asset objects reloaded before import = 0
Number of asset objects unloaded after import = 3
========================================================================
Received Import Request.
  Time since last request: 0,000025 seconds.
  path: Assets/Materials/2.mat
  artifactKey: Guid(84992639af90426bba95aa47cb72a48f) Importer(2089858483,0ecaa5967403d082aa24f35e1b516d23)
Start importing Assets/Materials/2.mat using Guid(84992639af90426bba95aa47cb72a48f) Importer(2089858483,0ecaa5967403d082aa24f35e1b516d23)  -> (artifact id: 'bf5cb288c06857b086f3f3eddc8cc5b4') in 0,023833 seconds
Number of updated asset objects reloaded before import = 0
Number of asset objects unloaded after import = 2
========================================================================
Received Import Request.
  Time since last request: 0,000015 seconds.
  path: Assets/Materials/cueBall.mat
  artifactKey: Guid(924268fb93f74d0cb1623dbedab8c7e6) Importer(2089858483,0ecaa5967403d082aa24f35e1b516d23)
Start importing Assets/Materials/cueBall.mat using Guid(924268fb93f74d0cb1623dbedab8c7e6) Importer(2089858483,0ecaa5967403d082aa24f35e1b516d23)  -> (artifact id: 'e89a84d3f9e994a36049f1bad6b17217') in 0,004468 seconds
Number of updated asset objects reloaded before import = 0
Number of asset objects unloaded after import = 2
========================================================================
Received Import Request.
  Time since last request: 0,000022 seconds.
  path: Assets/Images/snooker-pink.png
  artifactKey: Guid(94edfbb3e0fe48d389e0926951cc5f22) Importer(2089858483,0ecaa5967403d082aa24f35e1b516d23)
Start importing Assets/Images/snooker-pink.png using Guid(94edfbb3e0fe48d389e0926951cc5f22) Importer(2089858483,0ecaa5967403d082aa24f35e1b516d23)  -> (artifact id: '395feac517175c6bb914740e216abf8b') in 0,012642 seconds
Number of updated asset objects reloaded before import = 0
Number of asset objects unloaded after import = 1
========================================================================
Received Import Request.
  Time since last request: 0,000154 seconds.
  path: Assets/Images/starParticle1.png
  artifactKey: Guid(442d341969df4dc98924a9e7d2dbdb24) Importer(2089858483,0ecaa5967403d082aa24f35e1b516d23)
Start importing Assets/Images/starParticle1.png using Guid(442d341969df4dc98924a9e7d2dbdb24) Importer(2089858483,0ecaa5967403d082aa24f35e1b516d23)  -> (artifact id: 'e97c9035de1ee19c557ad22ef301431b') in 0,011813 seconds
Number of updated asset objects reloaded before import = 0
Number of asset objects unloaded after import = 1
========================================================================
Received Import Request.
  Time since last request: 0,000049 seconds.
  path: Assets/Images/tree2.png
  artifactKey: Guid(254b83662fee448689065ac2e30bfe40) Importer(2089858483,0ecaa5967403d082aa24f35e1b516d23)
Start importing Assets/Images/tree2.png using Guid(254b83662fee448689065ac2e30bfe40) Importer(2089858483,0ecaa5967403d082aa24f35e1b516d23)  -> (artifact id: '2791fa7bc1fa0e5a0ab76d3fc209e55c') in 0,011588 seconds
Number of updated asset objects reloaded before import = 0
Number of asset objects unloaded after import = 1
========================================================================
Received Import Request.
  Time since last request: 0,000035 seconds.
  path: Assets/Materials/cueInside-3.mat
  artifactKey: Guid(64a68372fde347838a6faee00d6cc28a) Importer(2089858483,0ecaa5967403d082aa24f35e1b516d23)
Start importing Assets/Materials/cueInside-3.mat using Guid(64a68372fde347838a6faee00d6cc28a) Importer(2089858483,0ecaa5967403d082aa24f35e1b516d23)  -> (artifact id: '91d60b45e5a15a5a0ac719e16f4c4a48') in 0,003835 seconds
Number of updated asset objects reloaded before import = 0
Number of asset objects unloaded after import = 1
========================================================================
Received Import Request.
  Time since last request: 0,000041 seconds.
  path: Assets/Images/stick6.png
  artifactKey: Guid(963f030431e444ebb4154ba01ee72e6c) Importer(2089858483,0ecaa5967403d082aa24f35e1b516d23)
Start importing Assets/Images/stick6.png using Guid(963f030431e444ebb4154ba01ee72e6c) Importer(2089858483,0ecaa5967403d082aa24f35e1b516d23)  -> (artifact id: '9158fa1afc3e69c50717c820e1d1a38b') in 0,016376 seconds
Number of updated asset objects reloaded before import = 0
Number of asset objects unloaded after import = 3
========================================================================
Received Import Request.
  Time since last request: 0,000021 seconds.
  path: Assets/Images/spinBtn.png
  artifactKey: Guid(6420172b5ff049e09a1e421c96685f53) Importer(2089858483,0ecaa5967403d082aa24f35e1b516d23)
Start importing Assets/Images/spinBtn.png using Guid(6420172b5ff049e09a1e421c96685f53) Importer(2089858483,0ecaa5967403d082aa24f35e1b516d23)  -> (artifact id: '21cc4cedfc4395ef8a7d73781c59e0dc') in 0,013960 seconds
Number of updated asset objects reloaded before import = 0
Number of asset objects unloaded after import = 3
========================================================================
Received Import Request.
  Time since last request: 0,000026 seconds.
  path: Assets/Materials/13.mat
  artifactKey: Guid(e85f64bea48d4f0a8a86bbfb95abbb82) Importer(2089858483,0ecaa5967403d082aa24f35e1b516d23)
Start importing Assets/Materials/13.mat using Guid(e85f64bea48d4f0a8a86bbfb95abbb82) Importer(2089858483,0ecaa5967403d082aa24f35e1b516d23)  -> (artifact id: 'e413895f16121295e87f3bf5b9c30905') in 0,004272 seconds
Number of updated asset objects reloaded before import = 0
Number of asset objects unloaded after import = 2
========================================================================
Received Import Request.
  Time since last request: 0,000046 seconds.
  path: Assets/Images/snooker-yellow.png
  artifactKey: Guid(dfa42c33f405443cabaf9f3b531bd6d6) Importer(2089858483,0ecaa5967403d082aa24f35e1b516d23)
Start importing Assets/Images/snooker-yellow.png using Guid(dfa42c33f405443cabaf9f3b531bd6d6) Importer(2089858483,0ecaa5967403d082aa24f35e1b516d23)  -> (artifact id: '20b2f4b83f055909815639406eb3d60d') in 0,013835 seconds
Number of updated asset objects reloaded before import = 0
Number of asset objects unloaded after import = 1
========================================================================
Received Import Request.
  Time since last request: 0,000042 seconds.
  path: Assets/Images/stick4_d1.png
  artifactKey: Guid(7a4eaf7e187b4b7284d79e8a2616e926) Importer(2089858483,0ecaa5967403d082aa24f35e1b516d23)
Start importing Assets/Images/stick4_d1.png using Guid(7a4eaf7e187b4b7284d79e8a2616e926) Importer(2089858483,0ecaa5967403d082aa24f35e1b516d23)  -> (artifact id: 'f4c8a08bde46863823e9b55a7e2c189a') in 0,010954 seconds
Number of updated asset objects reloaded before import = 0
Number of asset objects unloaded after import = 1
========================================================================
Received Import Request.
  Time since last request: 0,000132 seconds.
  path: Assets/Materials/6.mat
  artifactKey: Guid(6c0ceb886b6a4e1981ff728bf83e00e4) Importer(2089858483,0ecaa5967403d082aa24f35e1b516d23)
Start importing Assets/Materials/6.mat using Guid(6c0ceb886b6a4e1981ff728bf83e00e4) Importer(2089858483,0ecaa5967403d082aa24f35e1b516d23)  -> (artifact id: '8d7000abad800767c7f84c628ba02080') in 0,003962 seconds
Number of updated asset objects reloaded before import = 0
Number of asset objects unloaded after import = 2
========================================================================
Received Import Request.
  Time since last request: 0,000037 seconds.
  path: Assets/Materials/ground3.mat
  artifactKey: Guid(a1f6082c4b294459b64baba4898601d2) Importer(2089858483,0ecaa5967403d082aa24f35e1b516d23)
Start importing Assets/Materials/ground3.mat using Guid(a1f6082c4b294459b64baba4898601d2) Importer(2089858483,0ecaa5967403d082aa24f35e1b516d23)  -> (artifact id: '8915b280555e907354b8e2d0839fc5e9') in 0,005200 seconds
Number of updated asset objects reloaded before import = 0
Number of asset objects unloaded after import = 2
========================================================================
Received Import Request.
  Time since last request: 0,000021 seconds.
  path: Assets/Materials/9.mat
  artifactKey: Guid(68bc4ef7f79b4b43818b8e367f58fe30) Importer(2089858483,0ecaa5967403d082aa24f35e1b516d23)
Start importing Assets/Materials/9.mat using Guid(68bc4ef7f79b4b43818b8e367f58fe30) Importer(2089858483,0ecaa5967403d082aa24f35e1b516d23)  -> (artifact id: '7160faa6fbaf7a6fcb88e67175fe996c') in 0,005076 seconds
Number of updated asset objects reloaded before import = 0
Number of asset objects unloaded after import = 2
========================================================================
Received Import Request.
  Time since last request: 0,000021 seconds.
  path: Assets/Images/tabArrow.png
  artifactKey: Guid(3eb3710dca144060954984bd5ae627b0) Importer(2089858483,0ecaa5967403d082aa24f35e1b516d23)
Start importing Assets/Images/tabArrow.png using Guid(3eb3710dca144060954984bd5ae627b0) Importer(2089858483,0ecaa5967403d082aa24f35e1b516d23)  -> (artifact id: '481b6732c6f124930348a722e0155e1c') in 0,013669 seconds
Number of updated asset objects reloaded before import = 0
Number of asset objects unloaded after import = 3
========================================================================
Received Import Request.
  Time since last request: 0,000143 seconds.
  path: Assets/Materials/Default-Material.mat
  artifactKey: Guid(184a0190cdd84353b958f08ff8a1ba2e) Importer(2089858483,0ecaa5967403d082aa24f35e1b516d23)
Start importing Assets/Materials/Default-Material.mat using Guid(184a0190cdd84353b958f08ff8a1ba2e) Importer(2089858483,0ecaa5967403d082aa24f35e1b516d23)  -> (artifact id: 'c8d6d1894bfd54aecf6e42e3209f2ba8') in 0,004273 seconds
Number of updated asset objects reloaded before import = 0
Number of asset objects unloaded after import = 1
========================================================================
Received Import Request.
  Time since last request: 0,000086 seconds.
  path: Assets/Materials/cueInside-5.mat
  artifactKey: Guid(62438ed7b42e413da39d223aca2d7423) Importer(2089858483,0ecaa5967403d082aa24f35e1b516d23)
Start importing Assets/Materials/cueInside-5.mat using Guid(62438ed7b42e413da39d223aca2d7423) Importer(2089858483,0ecaa5967403d082aa24f35e1b516d23)  -> (artifact id: 'ef63ea723de0678d7f47070e0bed3dea') in 0,003602 seconds
Number of updated asset objects reloaded before import = 0
Number of asset objects unloaded after import = 1
========================================================================
Received Import Request.
  Time since last request: 0,000014 seconds.
  path: Assets/Materials/ballInHandIndicator.mat
  artifactKey: Guid(7d95c7d65fbd41a0b87f09b0f33e1082) Importer(2089858483,0ecaa5967403d082aa24f35e1b516d23)
Start importing Assets/Materials/ballInHandIndicator.mat using Guid(7d95c7d65fbd41a0b87f09b0f33e1082) Importer(2089858483,0ecaa5967403d082aa24f35e1b516d23)  -> (artifact id: '378cbac0ed32ffa370ab2b2f595216a9') in 0,003417 seconds
Number of updated asset objects reloaded before import = 0
Number of asset objects unloaded after import = 2
========================================================================
Received Import Request.
  Time since last request: 0,000015 seconds.
  path: Assets/Images/rulesPausesBtn.png
  artifactKey: Guid(101b3b9364ea47d8951a40e5db1147ec) Importer(2089858483,0ecaa5967403d082aa24f35e1b516d23)
Start importing Assets/Images/rulesPausesBtn.png using Guid(101b3b9364ea47d8951a40e5db1147ec) Importer(2089858483,0ecaa5967403d082aa24f35e1b516d23)  -> (artifact id: 'ec95b7f96030ad4f202c8e409e35bd51') in 0,013047 seconds
Number of updated asset objects reloaded before import = 0
Number of asset objects unloaded after import = 3
========================================================================
Received Import Request.
  Time since last request: 0,000043 seconds.
  path: Assets/Images/stick5_d1.png
  artifactKey: Guid(fcdfa882f3bd42ed9893feae2393d269) Importer(2089858483,0ecaa5967403d082aa24f35e1b516d23)
Start importing Assets/Images/stick5_d1.png using Guid(fcdfa882f3bd42ed9893feae2393d269) Importer(2089858483,0ecaa5967403d082aa24f35e1b516d23)  -> (artifact id: '79da141d2be884595affe2570a6941be') in 0,011287 seconds
Number of updated asset objects reloaded before import = 0
Number of asset objects unloaded after import = 1
========================================================================
Received Import Request.
  Time since last request: 0,000067 seconds.
  path: Assets/Images/stick2.png
  artifactKey: Guid(cbd4937ff1a2469a9a9d536b4816d6ee) Importer(2089858483,0ecaa5967403d082aa24f35e1b516d23)
Start importing Assets/Images/stick2.png using Guid(cbd4937ff1a2469a9a9d536b4816d6ee) Importer(2089858483,0ecaa5967403d082aa24f35e1b516d23)  -> (artifact id: '3b6c41bd96aeb823b3ee61e31ff7d7c2') in 0,013793 seconds
Number of updated asset objects reloaded before import = 0
Number of asset objects unloaded after import = 3
========================================================================
Received Import Request.
  Time since last request: 0,000018 seconds.
  path: Assets/Images/textField.png
  artifactKey: Guid(82ec42fcafd248bcb24c757c91d11c6b) Importer(2089858483,0ecaa5967403d082aa24f35e1b516d23)
Start importing Assets/Images/textField.png using Guid(82ec42fcafd248bcb24c757c91d11c6b) Importer(2089858483,0ecaa5967403d082aa24f35e1b516d23)  -> (artifact id: 'aca4f9f0b1d2d05e3bd16a9743b318c3') in 0,028668 seconds
Number of updated asset objects reloaded before import = 0
Number of asset objects unloaded after import = 3
========================================================================
Received Import Request.
  Time since last request: 0,000022 seconds.
  path: Assets/Images/optionChosen.png
  artifactKey: Guid(3c4fd28f08cd4ca284e29e4f7613ec93) Importer(2089858483,0ecaa5967403d082aa24f35e1b516d23)
Start importing Assets/Images/optionChosen.png using Guid(3c4fd28f08cd4ca284e29e4f7613ec93) Importer(2089858483,0ecaa5967403d082aa24f35e1b516d23)  -> (artifact id: '2df7a5ef9a212e4d4771e136dcf356f8') in 0,017520 seconds
Number of updated asset objects reloaded before import = 0
Number of asset objects unloaded after import = 3
========================================================================
Received Import Request.
  Time since last request: 0,000022 seconds.
  path: Assets/Images/ball-7.png
  artifactKey: Guid(1a49e867933b4bc592ebc224fe69b156) Importer(2089858483,0ecaa5967403d082aa24f35e1b516d23)
Start importing Assets/Images/ball-7.png using Guid(1a49e867933b4bc592ebc224fe69b156) Importer(2089858483,0ecaa5967403d082aa24f35e1b516d23)  -> (artifact id: '0c0029f207a962fe3c73b8c52bdcb48f') in 0,010997 seconds
Number of updated asset objects reloaded before import = 0
Number of asset objects unloaded after import = 1
========================================================================
Received Import Request.
  Time since last request: 0,000019 seconds.
  path: Assets/Cubemap/cubemapSpec.png
  artifactKey: Guid(2148895490df4d188b9415dd64236433) Importer(2089858483,0ecaa5967403d082aa24f35e1b516d23)
Start importing Assets/Cubemap/cubemapSpec.png using Guid(2148895490df4d188b9415dd64236433) Importer(2089858483,0ecaa5967403d082aa24f35e1b516d23)  -> (artifact id: '31da651eaebae59b8fdeefa80b4568dc') in 0,009417 seconds
Number of updated asset objects reloaded before import = 0
Number of asset objects unloaded after import = 1
========================================================================
Received Import Request.
  Time since last request: 0,197837 seconds.
  path: Assets/Materials/shadowBall.mat
  artifactKey: Guid(bb24594b53d04de8b3a463bdf9d9b5ef) Importer(2089858483,0ecaa5967403d082aa24f35e1b516d23)
Start importing Assets/Materials/shadowBall.mat using Guid(bb24594b53d04de8b3a463bdf9d9b5ef) Importer(2089858483,0ecaa5967403d082aa24f35e1b516d23)  -> (artifact id: '2423392621deb2bb768389c2705e81da') in 0,040712 seconds
Number of updated asset objects reloaded before import = 0
Number of asset objects unloaded after import = 2
========================================================================
Received Import Request.
  Time since last request: 0,000032 seconds.
  path: Assets/Materials/starParticle3.mat
  artifactKey: Guid(35a6da1465724517b3335b1bc4366faa) Importer(2089858483,0ecaa5967403d082aa24f35e1b516d23)
Start importing Assets/Materials/starParticle3.mat using Guid(35a6da1465724517b3335b1bc4366faa) Importer(2089858483,0ecaa5967403d082aa24f35e1b516d23)  -> (artifact id: 'cb5478ccf0ae9ea2b066f39e8e8dc185') in 0,004481 seconds
Number of updated asset objects reloaded before import = 0
Number of asset objects unloaded after import = 2
========================================================================
Received Import Request.
  Time since last request: 0,000418 seconds.
  path: Assets/PhysicMaterials/tableSideHole.physicMaterial
  artifactKey: Guid(8a437f4b63234df7881464349747eb1d) Importer(2089858483,0ecaa5967403d082aa24f35e1b516d23)
Start importing Assets/PhysicMaterials/tableSideHole.physicMaterial using Guid(8a437f4b63234df7881464349747eb1d) Importer(2089858483,0ecaa5967403d082aa24f35e1b516d23)  -> (artifact id: 'fbd934a0fbd08829b48dd7261d4d436b') in 0,003607 seconds
Number of updated asset objects reloaded before import = 0
Number of asset objects unloaded after import = 1
========================================================================
Received Import Request.
  Time since last request: 0,000017 seconds.
  path: Assets/MonoBehaviour/GameSkin.guiskin
  artifactKey: Guid(f3700c1e53b94c438adc913b5b2e79c9) Importer(2089858483,0ecaa5967403d082aa24f35e1b516d23)
Start importing Assets/MonoBehaviour/GameSkin.guiskin using Guid(f3700c1e53b94c438adc913b5b2e79c9) Importer(2089858483,0ecaa5967403d082aa24f35e1b516d23)  -> (artifact id: '9dd93979961db2390257ce4b563971d7') in 0,002167 seconds
Number of updated asset objects reloaded before import = 0
Number of asset objects unloaded after import = 1
========================================================================
Received Import Request.
  Time since last request: 0,000043 seconds.
  path: Assets/Meshs/stick2mesh.asset
  artifactKey: Guid(0b366faf855a44468ee321f98c6c11e9) Importer(2089858483,0ecaa5967403d082aa24f35e1b516d23)
Start importing Assets/Meshs/stick2mesh.asset using Guid(0b366faf855a44468ee321f98c6c11e9) Importer(2089858483,0ecaa5967403d082aa24f35e1b516d23)  -> (artifact id: '953283aaae8ba80720cd22f1cd15ec23') in 0,005180 seconds
Number of updated asset objects reloaded before import = 0
Number of asset objects unloaded after import = 1
========================================================================
Received Import Request.
  Time since last request: 0,000057 seconds.
  path: Assets/Resources/guiballs/14.png
  artifactKey: Guid(e1859f25faf44a3d95432edd9c84287c) Importer(2089858483,0ecaa5967403d082aa24f35e1b516d23)
Start importing Assets/Resources/guiballs/14.png using Guid(e1859f25faf44a3d95432edd9c84287c) Importer(2089858483,0ecaa5967403d082aa24f35e1b516d23)  -> (artifact id: '30a4787243daf3dfcda0f82e6dfb264f') in 0,013984 seconds
Number of updated asset objects reloaded before import = 0
Number of asset objects unloaded after import = 3
========================================================================
Received Import Request.
  Time since last request: 0,000024 seconds.
  path: Assets/Meshs/colTop.asset
  artifactKey: Guid(67400fa64b894a11bbe822e728becfde) Importer(2089858483,0ecaa5967403d082aa24f35e1b516d23)
Start importing Assets/Meshs/colTop.asset using Guid(67400fa64b894a11bbe822e728becfde) Importer(2089858483,0ecaa5967403d082aa24f35e1b516d23)  -> (artifact id: 'ee949a2a5046c65c5b792cf96cc8feda') in 0,005105 seconds
Number of updated asset objects reloaded before import = 0
Number of asset objects unloaded after import = 1
========================================================================
Received Import Request.
  Time since last request: 0,000025 seconds.
  path: Assets/Meshs/colHole.asset
  artifactKey: Guid(cb30fce5e27c402699c11773684592ea) Importer(2089858483,0ecaa5967403d082aa24f35e1b516d23)
Start importing Assets/Meshs/colHole.asset using Guid(cb30fce5e27c402699c11773684592ea) Importer(2089858483,0ecaa5967403d082aa24f35e1b516d23)  -> (artifact id: 'e6ecb52ee431c29ae656e2b54ea9a78e') in 0,005425 seconds
Number of updated asset objects reloaded before import = 0
Number of asset objects unloaded after import = 1
========================================================================
Received Import Request.
  Time since last request: 0,000023 seconds.
  path: Assets/_Scenes/logo.unity
  artifactKey: Guid(79aebaf1fdc4cd146854d6aef37f757c) Importer(2089858483,0ecaa5967403d082aa24f35e1b516d23)
Start importing Assets/_Scenes/logo.unity using Guid(79aebaf1fdc4cd146854d6aef37f757c) Importer(2089858483,0ecaa5967403d082aa24f35e1b516d23)  -> (artifact id: '233a0ac4b3ab239cf1bae2a0029fe58d') in 0,003327 seconds
Number of updated asset objects reloaded before import = 0
Number of asset objects unloaded after import = 1
========================================================================
Received Import Request.
  Time since last request: 0,000025 seconds.
  path: Assets/Materials/tree2.mat
  artifactKey: Guid(1af65dd018d74361a679ea71c8f6c9cb) Importer(2089858483,0ecaa5967403d082aa24f35e1b516d23)
Start importing Assets/Materials/tree2.mat using Guid(1af65dd018d74361a679ea71c8f6c9cb) Importer(2089858483,0ecaa5967403d082aa24f35e1b516d23)  -> (artifact id: 'ccf6aa7da8b7cd5a5f6a51c79404f264') in 0,005184 seconds
Number of updated asset objects reloaded before import = 0
Number of asset objects unloaded after import = 2
========================================================================
Received Import Request.
  Time since last request: 0,000024 seconds.
  path: Assets/Meshs/ground2mesh.asset
  artifactKey: Guid(08ae8108097242899f558804d987cee6) Importer(2089858483,0ecaa5967403d082aa24f35e1b516d23)
Start importing Assets/Meshs/ground2mesh.asset using Guid(08ae8108097242899f558804d987cee6) Importer(2089858483,0ecaa5967403d082aa24f35e1b516d23)  -> (artifact id: '490995fc7321f19045105e020f70e61b') in 0,004642 seconds
Number of updated asset objects reloaded before import = 0
Number of asset objects unloaded after import = 1
========================================================================
Received Import Request.
  Time since last request: 0,000700 seconds.
  path: Assets/Meshs/stick1mesh.asset
  artifactKey: Guid(d80a27eb216b4fbfb45d5874ff6afb89) Importer(2089858483,0ecaa5967403d082aa24f35e1b516d23)
Start importing Assets/Meshs/stick1mesh.asset using Guid(d80a27eb216b4fbfb45d5874ff6afb89) Importer(2089858483,0ecaa5967403d082aa24f35e1b516d23)  -> (artifact id: '783ab1bc4f851fd02459c05e79e506f4') in 0,003761 seconds
Number of updated asset objects reloaded before import = 0
Number of asset objects unloaded after import = 1
========================================================================
Received Import Request.
  Time since last request: 0,000074 seconds.
  path: Assets/Scripts/setTextFromVariable.cs
  artifactKey: Guid(ffd80b94c55b01adde5bb985dff8a3ab) Importer(2089858483,0ecaa5967403d082aa24f35e1b516d23)
Start importing Assets/Scripts/setTextFromVariable.cs using Guid(ffd80b94c55b01adde5bb985dff8a3ab) Importer(2089858483,0ecaa5967403d082aa24f35e1b516d23)  -> (artifact id: '4329319f1dbf109c5099ffea4b7febad') in 0,005341 seconds
Number of updated asset objects reloaded before import = 0
Number of asset objects unloaded after import = 1
========================================================================
Received Import Request.
  Time since last request: 0,000051 seconds.
  path: Assets/Scripts/settingsArrowAnim.cs
  artifactKey: Guid(fdf89cf09206c246a62a650df41adc51) Importer(2089858483,0ecaa5967403d082aa24f35e1b516d23)
Start importing Assets/Scripts/settingsArrowAnim.cs using Guid(fdf89cf09206c246a62a650df41adc51) Importer(2089858483,0ecaa5967403d082aa24f35e1b516d23)  -> (artifact id: 'f56bb51ac5ad263502f9d62c704a2975') in 0,003834 seconds
Number of updated asset objects reloaded before import = 0
Number of asset objects unloaded after import = 1
========================================================================
Received Import Request.
  Time since last request: 0,000099 seconds.
  path: Assets/Meshs/wood.asset
  artifactKey: Guid(dde97cebeb194775829461cd1bfa5a7d) Importer(2089858483,0ecaa5967403d082aa24f35e1b516d23)
Start importing Assets/Meshs/wood.asset using Guid(dde97cebeb194775829461cd1bfa5a7d) Importer(2089858483,0ecaa5967403d082aa24f35e1b516d23)  -> (artifact id: '5962ef92fa3885cbeeccc26a4728ebdb') in 0,004631 seconds
Number of updated asset objects reloaded before import = 0
Number of asset objects unloaded after import = 1
========================================================================
Received Import Request.
  Time since last request: 0,000788 seconds.
  path: Assets/Materials/snooker-yellow.mat
  artifactKey: Guid(98c83d468b3a42c18950b756d6e28db1) Importer(2089858483,0ecaa5967403d082aa24f35e1b516d23)
Start importing Assets/Materials/snooker-yellow.mat using Guid(98c83d468b3a42c18950b756d6e28db1) Importer(2089858483,0ecaa5967403d082aa24f35e1b516d23)  -> (artifact id: 'b9ce026e4b5a9507c415d7b709e5c696') in 0,004975 seconds
Number of updated asset objects reloaded before import = 0
Number of asset objects unloaded after import = 2
========================================================================
Received Import Request.
  Time since last request: 0,000023 seconds.
  path: Assets/Scripts/uiAnimatorPowerMeter.cs
  artifactKey: Guid(a02a5a2d8423f69c3b0777ae6e3035c5) Importer(2089858483,0ecaa5967403d082aa24f35e1b516d23)
Start importing Assets/Scripts/uiAnimatorPowerMeter.cs using Guid(a02a5a2d8423f69c3b0777ae6e3035c5) Importer(2089858483,0ecaa5967403d082aa24f35e1b516d23)  -> (artifact id: 'c012506d0fdd43b59949afad4e26daef') in 0,003298 seconds
Number of updated asset objects reloaded before import = 0
Number of asset objects unloaded after import = 1
========================================================================
Received Import Request.
  Time since last request: 0,000075 seconds.
  path: Assets/Materials/stick2.mat
  artifactKey: Guid(d5799146cc4a4b9185fb24b8b654fd29) Importer(2089858483,0ecaa5967403d082aa24f35e1b516d23)
Start importing Assets/Materials/stick2.mat using Guid(d5799146cc4a4b9185fb24b8b654fd29) Importer(2089858483,0ecaa5967403d082aa24f35e1b516d23)  -> (artifact id: '18ae36f8ba300c65b640c2ed634ff569') in 0,007130 seconds
Number of updated asset objects reloaded before import = 0
Number of asset objects unloaded after import = 2
========================================================================
Received Import Request.
  Time since last request: 0,000032 seconds.
  path: Assets/Meshs/stick6mesh.asset
  artifactKey: Guid(fff625a34f824b6b8748d9f135106b31) Importer(2089858483,0ecaa5967403d082aa24f35e1b516d23)
Start importing Assets/Meshs/stick6mesh.asset using Guid(fff625a34f824b6b8748d9f135106b31) Importer(2089858483,0ecaa5967403d082aa24f35e1b516d23)  -> (artifact id: '76ef1375d299409cdfa5fc6f667ef233') in 0,002959 seconds
Number of updated asset objects reloaded before import = 0
Number of asset objects unloaded after import = 1
========================================================================
Received Import Request.
  Time since last request: 0,000069 seconds.
  path: Assets/Meshs/wall2.asset
  artifactKey: Guid(c0ed7fa31db04461b000edffe1eba3f6) Importer(2089858483,0ecaa5967403d082aa24f35e1b516d23)
Start importing Assets/Meshs/wall2.asset using Guid(c0ed7fa31db04461b000edffe1eba3f6) Importer(2089858483,0ecaa5967403d082aa24f35e1b516d23)  -> (artifact id: '013b031ff45fe14a3ccbec0b50ad4629') in 0,005192 seconds
Number of updated asset objects reloaded before import = 0
Number of asset objects unloaded after import = 1
========================================================================
Received Import Request.
  Time since last request: 0,000095 seconds.
  path: Assets/Scripts/adMobScript.cs
  artifactKey: Guid(4b5426f70b10186e04779823bde191e3) Importer(2089858483,0ecaa5967403d082aa24f35e1b516d23)
Start importing Assets/Scripts/adMobScript.cs using Guid(4b5426f70b10186e04779823bde191e3) Importer(2089858483,0ecaa5967403d082aa24f35e1b516d23)  -> (artifact id: 'd5f01767b809ebb5f6c8de2c850b7b99') in 0,004279 seconds
Number of updated asset objects reloaded before import = 0
Number of asset objects unloaded after import = 1
========================================================================
Received Import Request.
  Time since last request: 0,000214 seconds.
  path: Assets/Meshs/holes.asset
  artifactKey: Guid(f6398739fe5b48c8b9b5d771e52683bc) Importer(2089858483,0ecaa5967403d082aa24f35e1b516d23)
Start importing Assets/Meshs/holes.asset using Guid(f6398739fe5b48c8b9b5d771e52683bc) Importer(2089858483,0ecaa5967403d082aa24f35e1b516d23)  -> (artifact id: 'bc31c7dd081c8580810808b90ee13bd7') in 0,004992 seconds
Number of updated asset objects reloaded before import = 0
Number of asset objects unloaded after import = 1
========================================================================
Received Import Request.
  Time since last request: 0,000054 seconds.
  path: Assets/Scripts/rotateBall.cs
  artifactKey: Guid(ad4cba6be44607d743fd0ef16205b116) Importer(2089858483,0ecaa5967403d082aa24f35e1b516d23)
Start importing Assets/Scripts/rotateBall.cs using Guid(ad4cba6be44607d743fd0ef16205b116) Importer(2089858483,0ecaa5967403d082aa24f35e1b516d23)  -> (artifact id: 'ced8e7ac1a2d259dcbd5fcc7b0d4efd1') in 0,003083 seconds
Number of updated asset objects reloaded before import = 0
Number of asset objects unloaded after import = 1
========================================================================
Received Import Request.
  Time since last request: 0,000036 seconds.
  path: Assets/Scripts/musicPlayer.cs
  artifactKey: Guid(ce3b2e47f4394cd874a42f4258a54659) Importer(2089858483,0ecaa5967403d082aa24f35e1b516d23)
Start importing Assets/Scripts/musicPlayer.cs using Guid(ce3b2e47f4394cd874a42f4258a54659) Importer(2089858483,0ecaa5967403d082aa24f35e1b516d23)  -> (artifact id: 'c7fb6f9a30fbf17af8118830d1dd9738') in 0,003971 seconds
Number of updated asset objects reloaded before import = 0
Number of asset objects unloaded after import = 1
========================================================================
Received Import Request.
  Time since last request: 0,339889 seconds.
  path: Assets/Resources/guiballs/17.png
  artifactKey: Guid(394780d0c72246c5838893281c9750d2) Importer(2089858483,0ecaa5967403d082aa24f35e1b516d23)
Start importing Assets/Resources/guiballs/17.png using Guid(394780d0c72246c5838893281c9750d2) Importer(2089858483,0ecaa5967403d082aa24f35e1b516d23)  -> (artifact id: '6a57bd019e0d21792b624241ab59d5da') in 0,015722 seconds
Number of updated asset objects reloaded before import = 0
Number of asset objects unloaded after import = 3
========================================================================
Received Import Request.
  Time since last request: 0,000091 seconds.
  path: Assets/Resources/avatars/set2/4.png
  artifactKey: Guid(0ad2fdb9d1f14a9e82cc82e2f4de3bfd) Importer(2089858483,0ecaa5967403d082aa24f35e1b516d23)
Start importing Assets/Resources/avatars/set2/4.png using Guid(0ad2fdb9d1f14a9e82cc82e2f4de3bfd) Importer(2089858483,0ecaa5967403d082aa24f35e1b516d23)  -> (artifact id: '8f308a2312b7d994ecfd340414ed426c') in 0,012819 seconds
Number of updated asset objects reloaded before import = 0
Number of asset objects unloaded after import = 3
========================================================================
Received Import Request.
  Time since last request: 0,000548 seconds.
  path: Assets/Resources/musics/LifeIsForLiving.wav
  artifactKey: Guid(81cc04dd14e942288136463447b8a942) Importer(2089858483,0ecaa5967403d082aa24f35e1b516d23)
Start importing Assets/Resources/musics/LifeIsForLiving.wav using Guid(81cc04dd14e942288136463447b8a942) Importer(2089858483,0ecaa5967403d082aa24f35e1b516d23)  -> (artifact id: '1b7f3277ba60e1eaae56a660a8a1f807') in 0,419662 seconds
Number of updated asset objects reloaded before import = 0
Number of asset objects unloaded after import = 1
========================================================================
Received Import Request.
  Time since last request: 0,000102 seconds.
  path: Assets/Resources/guiballs/5.png
  artifactKey: Guid(4a96247f01a349baa2a0dce484e071b5) Importer(2089858483,0ecaa5967403d082aa24f35e1b516d23)
Start importing Assets/Resources/guiballs/5.png using Guid(4a96247f01a349baa2a0dce484e071b5) Importer(2089858483,0ecaa5967403d082aa24f35e1b516d23)  -> (artifact id: '3c7a792bdde43562a6645f130f4ace39') in 0,013968 seconds
Number of updated asset objects reloaded before import = 0
Number of asset objects unloaded after import = 3
========================================================================
Received Import Request.
  Time since last request: 0,000056 seconds.
  path: Assets/Resources/guiballs/8.png
  artifactKey: Guid(2f49b64c346a4deebb3785fa5cc183ba) Importer(2089858483,0ecaa5967403d082aa24f35e1b516d23)
Start importing Assets/Resources/guiballs/8.png using Guid(2f49b64c346a4deebb3785fa5cc183ba) Importer(2089858483,0ecaa5967403d082aa24f35e1b516d23)  -> (artifact id: 'eb26d35ad7bdf37128a501976cc59607') in 0,015100 seconds
Number of updated asset objects reloaded before import = 0
Number of asset objects unloaded after import = 3
========================================================================
Received Import Request.
  Time since last request: 0,000025 seconds.
  path: Assets/Resources/avatars/set1/2.png
  artifactKey: Guid(809e1f7235d3468fb222a1471bd7b555) Importer(2089858483,0ecaa5967403d082aa24f35e1b516d23)
Start importing Assets/Resources/avatars/set1/2.png using Guid(809e1f7235d3468fb222a1471bd7b555) Importer(2089858483,0ecaa5967403d082aa24f35e1b516d23)  -> (artifact id: '6090e8378bdad5f94a8e899ee32d1b55') in 0,014057 seconds
Number of updated asset objects reloaded before import = 0
Number of asset objects unloaded after import = 3
========================================================================
Received Import Request.
  Time since last request: 0,000052 seconds.
  path: Assets/Resources/avatars/set1/8.png
  artifactKey: Guid(36f913889455414991e74fdaadc3bfc7) Importer(2089858483,0ecaa5967403d082aa24f35e1b516d23)
Start importing Assets/Resources/avatars/set1/8.png using Guid(36f913889455414991e74fdaadc3bfc7) Importer(2089858483,0ecaa5967403d082aa24f35e1b516d23)  -> (artifact id: 'd1bb183eb2b1be5d1c8b7095d9edef86') in 0,015727 seconds
Number of updated asset objects reloaded before import = 0
Number of asset objects unloaded after import = 3
========================================================================
Received Import Request.
  Time since last request: 0,000017 seconds.
  path: Assets/Resources/musics/MorningGoodNews.wav
  artifactKey: Guid(16e3c657eec446f7be83aafeb96cef56) Importer(2089858483,0ecaa5967403d082aa24f35e1b516d23)
Start importing Assets/Resources/musics/MorningGoodNews.wav using Guid(16e3c657eec446f7be83aafeb96cef56) Importer(2089858483,0ecaa5967403d082aa24f35e1b516d23)  -> (artifact id: 'ebd9610af00ff450e69136c8ee9023b7') in 0,498095 seconds
Number of updated asset objects reloaded before import = 0
Number of asset objects unloaded after import = 1
========================================================================
Received Prepare
Begin MonoManager ReloadAssembly
- Loaded All Assemblies, in  0,554 seconds
Refreshing native plugins compatible for Editor in 1,89 ms, found 0 plugins.
Native extension for LinuxStandalone target not found
Native extension for WindowsStandalone target not found
Native extension for WebGL target not found
[Package Manager] Server::EnsureServerProcessIsRunning -- launch failed, reason: Unity was launched with the -noUpm command-line argument
[Package Manager] UpmClient::Send -- Unable to send message (not connected to UPM process).
[Package Manager] Cannot connect to Unity Package Manager local server
Mono: successfully reloaded assembly
- Finished resetting the current domain, in  0,836 seconds
Domain Reload Profiling: 1389ms
	BeginReloadAssembly (249ms)
		ExecutionOrderSort (0ms)
		DisableScriptedObjects (7ms)
		BackupInstance (0ms)
		ReleaseScriptingObjects (0ms)
		CreateAndSetChildDomain (45ms)
	RebuildCommonClasses (51ms)
	RebuildNativeTypeToScriptingClass (13ms)
	initialDomainReloadingComplete (39ms)
	LoadAllAssembliesAndSetupDomain (202ms)
		LoadAssemblies (252ms)
		RebuildTransferFunctionScriptingTraits (0ms)
		AnalyzeDomain (30ms)
			TypeCache.Refresh (13ms)
				TypeCache.ScanAssembly (3ms)
			ScanForSourceGeneratedMonoScriptInfo (11ms)
			ResolveRequiredComponents (4ms)
	FinalizeReload (837ms)
		ReleaseScriptCaches (0ms)
		RebuildScriptCaches (0ms)
		SetupLoadedEditorAssemblies (495ms)
			LogAssemblyErrors (0ms)
			InitializePlatformSupportModulesInManaged (57ms)
			SetLoadedEditorAssemblies (4ms)
			RefreshPlugins (0ms)
			BeforeProcessingInitializeOnLoad (59ms)
			ProcessInitializeOnLoadAttributes (336ms)
			ProcessInitializeOnLoadMethodAttributes (31ms)
			AfterProcessingInitializeOnLoad (8ms)
			EditorAssembliesLoaded (0ms)
		ExecutionOrderSort2 (0ms)
		AwakeInstancesAfterBackupRestoration (4ms)
Refreshing native plugins compatible for Editor in 2,14 ms, found 0 plugins.
Preloading 0 native plugins for Editor in 0,00 ms.
Unloading 1554 Unused Serialized files (Serialized files now loaded: 0)
Unloading 32 unused Assets / (36,8 KB). Loaded Objects now: 2027.
Memory consumption went from 83,4 MB to 83,4 MB.
Total: 4,822482 ms (FindLiveObjects: 0,183214 ms CreateObjectMapping: 0,040145 ms MarkObjects: 4,474580 ms  DeleteObjects: 0,123060 ms)

Prepare: number of updated asset objects reloaded= 0
AssetImportParameters requested are different than current active one (requested -> active):
  custom:video-encoder-webm-vp8: eb34c28f22e8b96e1ab97ce403110664 -> 
  custom:video-decoder-webm-vp8: 9c59270c3fd7afecdb556c50c9e8de78 -> 
  custom:audio-decoder-ogg-vorbis: bf7c407c2cedff20999df2af8eb42d56 -> 
  custom:SearchIndexIgnoredProperties: e643bd26f0fe6173181afceb89e7c659 -> 
  custom:container-demuxer-ogg: 62fdf1f143b41e24485cea50d1cbac27 -> 
  custom:AudioImporter_EditorPlatform: 2f0ff77a95e0ac474e3e8eeba4e2f7cb -> 
  custom:CustomObjectIndexerAttribute: 232f87dd983dbecb2a4e21e08eb2cef8 -> 
  custom:container-demuxer-webm: 4f35f7cbe854078d1ac9338744f61a02 -> 
  custom:video-decoder-ogg-theora: a1e56fd34408186e4bbccfd4996cb3dc -> 
  custom:audio-encoder-webm-vorbis: bf7c407c2cedff20999df2af8eb42d56 -> 
  custom:container-muxer-webm: aa71ff27fc2769a1b78a27578f13a17b -> 
========================================================================
Received Prepare
Begin MonoManager ReloadAssembly
- Loaded All Assemblies, in  0,569 seconds
Refreshing native plugins compatible for Editor in 2,14 ms, found 0 plugins.
Native extension for LinuxStandalone target not found
Native extension for WindowsStandalone target not found
Native extension for WebGL target not found
[Package Manager] Server::EnsureServerProcessIsRunning -- launch failed, reason: Unity was launched with the -noUpm command-line argument
[Package Manager] UpmClient::Send -- Unable to send message (not connected to UPM process).
[Package Manager] Cannot connect to Unity Package Manager local server
Mono: successfully reloaded assembly
- Finished resetting the current domain, in  0,998 seconds
Domain Reload Profiling: 1566ms
	BeginReloadAssembly (274ms)
		ExecutionOrderSort (0ms)
		DisableScriptedObjects (8ms)
		BackupInstance (0ms)
		ReleaseScriptingObjects (0ms)
		CreateAndSetChildDomain (44ms)
	RebuildCommonClasses (59ms)
	RebuildNativeTypeToScriptingClass (12ms)
	initialDomainReloadingComplete (44ms)
	LoadAllAssembliesAndSetupDomain (180ms)
		LoadAssemblies (251ms)
		RebuildTransferFunctionScriptingTraits (0ms)
		AnalyzeDomain (24ms)
			TypeCache.Refresh (9ms)
				TypeCache.ScanAssembly (1ms)
			ScanForSourceGeneratedMonoScriptInfo (10ms)
			ResolveRequiredComponents (4ms)
	FinalizeReload (999ms)
		ReleaseScriptCaches (0ms)
		RebuildScriptCaches (0ms)
		SetupLoadedEditorAssemblies (616ms)
			LogAssemblyErrors (0ms)
			InitializePlatformSupportModulesInManaged (59ms)
			SetLoadedEditorAssemblies (4ms)
			RefreshPlugins (0ms)
			BeforeProcessingInitializeOnLoad (57ms)
			ProcessInitializeOnLoadAttributes (443ms)
			ProcessInitializeOnLoadMethodAttributes (45ms)
			AfterProcessingInitializeOnLoad (8ms)
			EditorAssembliesLoaded (0ms)
		ExecutionOrderSort2 (0ms)
		AwakeInstancesAfterBackupRestoration (5ms)
Refreshing native plugins compatible for Editor in 2,93 ms, found 0 plugins.
Preloading 0 native plugins for Editor in 0,00 ms.
Unloading 1554 Unused Serialized files (Serialized files now loaded: 0)
Unloading 32 unused Assets / (35,7 KB). Loaded Objects now: 2030.
Memory consumption went from 83,4 MB to 83,4 MB.
Total: 11,812289 ms (FindLiveObjects: 0,275617 ms CreateObjectMapping: 0,067787 ms MarkObjects: 11,306460 ms  DeleteObjects: 0,160040 ms)

Prepare: number of updated asset objects reloaded= 0
AssetImportParameters requested are different than current active one (requested -> active):
  custom:video-encoder-webm-vp8: eb34c28f22e8b96e1ab97ce403110664 -> 
  custom:video-decoder-webm-vp8: 9c59270c3fd7afecdb556c50c9e8de78 -> 
  custom:audio-decoder-ogg-vorbis: bf7c407c2cedff20999df2af8eb42d56 -> 
  custom:SearchIndexIgnoredProperties: e643bd26f0fe6173181afceb89e7c659 -> 
  custom:container-demuxer-ogg: 62fdf1f143b41e24485cea50d1cbac27 -> 
  custom:AudioImporter_EditorPlatform: 2f0ff77a95e0ac474e3e8eeba4e2f7cb -> 
  custom:CustomObjectIndexerAttribute: 232f87dd983dbecb2a4e21e08eb2cef8 -> 
  custom:container-demuxer-webm: 4f35f7cbe854078d1ac9338744f61a02 -> 
  custom:video-decoder-ogg-theora: a1e56fd34408186e4bbccfd4996cb3dc -> 
  custom:audio-encoder-webm-vorbis: bf7c407c2cedff20999df2af8eb42d56 -> 
  custom:container-muxer-webm: aa71ff27fc2769a1b78a27578f13a17b -> 
========================================================================
Received Prepare
Begin MonoManager ReloadAssembly
- Loaded All Assemblies, in  0,513 seconds
Refreshing native plugins compatible for Editor in 2,04 ms, found 0 plugins.
Native extension for LinuxStandalone target not found
Native extension for WindowsStandalone target not found
Native extension for WebGL target not found
[Package Manager] Server::EnsureServerProcessIsRunning -- launch failed, reason: Unity was launched with the -noUpm command-line argument
[Package Manager] UpmClient::Send -- Unable to send message (not connected to UPM process).
[Package Manager] Cannot connect to Unity Package Manager local server
Mono: successfully reloaded assembly
- Finished resetting the current domain, in  0,980 seconds
Domain Reload Profiling: 1493ms
	BeginReloadAssembly (231ms)
		ExecutionOrderSort (0ms)
		DisableScriptedObjects (7ms)
		BackupInstance (0ms)
		ReleaseScriptingObjects (0ms)
		CreateAndSetChildDomain (35ms)
	RebuildCommonClasses (49ms)
	RebuildNativeTypeToScriptingClass (12ms)
	initialDomainReloadingComplete (38ms)
	LoadAllAssembliesAndSetupDomain (184ms)
		LoadAssemblies (232ms)
		RebuildTransferFunctionScriptingTraits (0ms)
		AnalyzeDomain (25ms)
			TypeCache.Refresh (9ms)
				TypeCache.ScanAssembly (1ms)
			ScanForSourceGeneratedMonoScriptInfo (10ms)
			ResolveRequiredComponents (4ms)
	FinalizeReload (981ms)
		ReleaseScriptCaches (0ms)
		RebuildScriptCaches (0ms)
		SetupLoadedEditorAssemblies (588ms)
			LogAssemblyErrors (0ms)
			InitializePlatformSupportModulesInManaged (68ms)
			SetLoadedEditorAssemblies (6ms)
			RefreshPlugins (0ms)
			BeforeProcessingInitializeOnLoad (70ms)
			ProcessInitializeOnLoadAttributes (393ms)
			ProcessInitializeOnLoadMethodAttributes (41ms)
			AfterProcessingInitializeOnLoad (10ms)
			EditorAssembliesLoaded (0ms)
		ExecutionOrderSort2 (0ms)
		AwakeInstancesAfterBackupRestoration (7ms)
Refreshing native plugins compatible for Editor in 2,45 ms, found 0 plugins.
Preloading 0 native plugins for Editor in 0,00 ms.
Unloading 1554 Unused Serialized files (Serialized files now loaded: 0)
Unloading 32 unused Assets / (35,8 KB). Loaded Objects now: 2033.
Memory consumption went from 83,4 MB to 83,4 MB.
Total: 5,576886 ms (FindLiveObjects: 0,205455 ms CreateObjectMapping: 0,042600 ms MarkObjects: 5,071259 ms  DeleteObjects: 0,255389 ms)

Prepare: number of updated asset objects reloaded= 0
AssetImportParameters requested are different than current active one (requested -> active):
  custom:video-encoder-webm-vp8: eb34c28f22e8b96e1ab97ce403110664 -> 
  custom:video-decoder-webm-vp8: 9c59270c3fd7afecdb556c50c9e8de78 -> 
  custom:audio-decoder-ogg-vorbis: bf7c407c2cedff20999df2af8eb42d56 -> 
  custom:SearchIndexIgnoredProperties: e643bd26f0fe6173181afceb89e7c659 -> 
  custom:container-demuxer-ogg: 62fdf1f143b41e24485cea50d1cbac27 -> 
  custom:AudioImporter_EditorPlatform: 2f0ff77a95e0ac474e3e8eeba4e2f7cb -> 
  custom:CustomObjectIndexerAttribute: 232f87dd983dbecb2a4e21e08eb2cef8 -> 
  custom:container-demuxer-webm: 4f35f7cbe854078d1ac9338744f61a02 -> 
  custom:video-decoder-ogg-theora: a1e56fd34408186e4bbccfd4996cb3dc -> 
  custom:audio-encoder-webm-vorbis: bf7c407c2cedff20999df2af8eb42d56 -> 
  custom:container-muxer-webm: aa71ff27fc2769a1b78a27578f13a17b -> 
========================================================================
Received Prepare
Begin MonoManager ReloadAssembly
- Loaded All Assemblies, in  0,509 seconds
Refreshing native plugins compatible for Editor in 1,98 ms, found 0 plugins.
Native extension for LinuxStandalone target not found
Native extension for WindowsStandalone target not found
Native extension for WebGL target not found
[Package Manager] Server::EnsureServerProcessIsRunning -- launch failed, reason: Unity was launched with the -noUpm command-line argument
[Package Manager] UpmClient::Send -- Unable to send message (not connected to UPM process).
[Package Manager] Cannot connect to Unity Package Manager local server
Mono: successfully reloaded assembly
- Finished resetting the current domain, in  0,852 seconds
Domain Reload Profiling: 1361ms
	BeginReloadAssembly (247ms)
		ExecutionOrderSort (0ms)
		DisableScriptedObjects (7ms)
		BackupInstance (0ms)
		ReleaseScriptingObjects (0ms)
		CreateAndSetChildDomain (47ms)
	RebuildCommonClasses (51ms)
	RebuildNativeTypeToScriptingClass (12ms)
	initialDomainReloadingComplete (38ms)
	LoadAllAssembliesAndSetupDomain (161ms)
		LoadAssemblies (222ms)
		RebuildTransferFunctionScriptingTraits (0ms)
		AnalyzeDomain (11ms)
			TypeCache.Refresh (5ms)
				TypeCache.ScanAssembly (0ms)
			ScanForSourceGeneratedMonoScriptInfo (0ms)
			ResolveRequiredComponents (4ms)
	FinalizeReload (853ms)
		ReleaseScriptCaches (0ms)
		RebuildScriptCaches (0ms)
		SetupLoadedEditorAssemblies (505ms)
			LogAssemblyErrors (0ms)
			InitializePlatformSupportModulesInManaged (63ms)
			SetLoadedEditorAssemblies (4ms)
			RefreshPlugins (0ms)
			BeforeProcessingInitializeOnLoad (63ms)
			ProcessInitializeOnLoadAttributes (332ms)
			ProcessInitializeOnLoadMethodAttributes (35ms)
			AfterProcessingInitializeOnLoad (8ms)
			EditorAssembliesLoaded (0ms)
		ExecutionOrderSort2 (0ms)
		AwakeInstancesAfterBackupRestoration (4ms)
Refreshing native plugins compatible for Editor in 1,93 ms, found 0 plugins.
Preloading 0 native plugins for Editor in 0,00 ms.
Unloading 1554 Unused Serialized files (Serialized files now loaded: 0)
Unloading 32 unused Assets / (35,8 KB). Loaded Objects now: 2036.
Memory consumption went from 83,4 MB to 83,4 MB.
Total: 4,386425 ms (FindLiveObjects: 0,196388 ms CreateObjectMapping: 0,045335 ms MarkObjects: 3,986435 ms  DeleteObjects: 0,156864 ms)

Prepare: number of updated asset objects reloaded= 0
AssetImportParameters requested are different than current active one (requested -> active):
  custom:video-encoder-webm-vp8: eb34c28f22e8b96e1ab97ce403110664 -> 
  custom:video-decoder-webm-vp8: 9c59270c3fd7afecdb556c50c9e8de78 -> 
  custom:audio-decoder-ogg-vorbis: bf7c407c2cedff20999df2af8eb42d56 -> 
  custom:SearchIndexIgnoredProperties: e643bd26f0fe6173181afceb89e7c659 -> 
  custom:container-demuxer-ogg: 62fdf1f143b41e24485cea50d1cbac27 -> 
  custom:AudioImporter_EditorPlatform: 2f0ff77a95e0ac474e3e8eeba4e2f7cb -> 
  custom:CustomObjectIndexerAttribute: 232f87dd983dbecb2a4e21e08eb2cef8 -> 
  custom:container-demuxer-webm: 4f35f7cbe854078d1ac9338744f61a02 -> 
  custom:video-decoder-ogg-theora: a1e56fd34408186e4bbccfd4996cb3dc -> 
  custom:audio-encoder-webm-vorbis: bf7c407c2cedff20999df2af8eb42d56 -> 
  custom:container-muxer-webm: aa71ff27fc2769a1b78a27578f13a17b -> 
========================================================================
Received Prepare
Begin MonoManager ReloadAssembly
- Loaded All Assemblies, in  0,500 seconds
Refreshing native plugins compatible for Editor in 1,89 ms, found 0 plugins.
Native extension for LinuxStandalone target not found
Native extension for WindowsStandalone target not found
Native extension for WebGL target not found
[Package Manager] Server::EnsureServerProcessIsRunning -- launch failed, reason: Unity was launched with the -noUpm command-line argument
[Package Manager] UpmClient::Send -- Unable to send message (not connected to UPM process).
[Package Manager] Cannot connect to Unity Package Manager local server
Mono: successfully reloaded assembly
- Finished resetting the current domain, in  0,806 seconds
Domain Reload Profiling: 1305ms
	BeginReloadAssembly (234ms)
		ExecutionOrderSort (0ms)
		DisableScriptedObjects (7ms)
		BackupInstance (0ms)
		ReleaseScriptingObjects (0ms)
		CreateAndSetChildDomain (42ms)
	RebuildCommonClasses (50ms)
	RebuildNativeTypeToScriptingClass (12ms)
	initialDomainReloadingComplete (38ms)
	LoadAllAssembliesAndSetupDomain (164ms)
		LoadAssemblies (211ms)
		RebuildTransferFunctionScriptingTraits (0ms)
		AnalyzeDomain (22ms)
			TypeCache.Refresh (9ms)
				TypeCache.ScanAssembly (1ms)
			ScanForSourceGeneratedMonoScriptInfo (9ms)
			ResolveRequiredComponents (3ms)
	FinalizeReload (806ms)
		ReleaseScriptCaches (0ms)
		RebuildScriptCaches (0ms)
		SetupLoadedEditorAssemblies (484ms)
			LogAssemblyErrors (0ms)
			InitializePlatformSupportModulesInManaged (59ms)
			SetLoadedEditorAssemblies (4ms)
			RefreshPlugins (0ms)
			BeforeProcessingInitializeOnLoad (57ms)
			ProcessInitializeOnLoadAttributes (327ms)
			ProcessInitializeOnLoadMethodAttributes (29ms)
			AfterProcessingInitializeOnLoad (8ms)
			EditorAssembliesLoaded (0ms)
		ExecutionOrderSort2 (0ms)
		AwakeInstancesAfterBackupRestoration (4ms)
Refreshing native plugins compatible for Editor in 1,83 ms, found 0 plugins.
Preloading 0 native plugins for Editor in 0,00 ms.
Unloading 1554 Unused Serialized files (Serialized files now loaded: 0)
Unloading 32 unused Assets / (35,8 KB). Loaded Objects now: 2039.
Memory consumption went from 83,4 MB to 83,4 MB.
Total: 4,188303 ms (FindLiveObjects: 0,192791 ms CreateObjectMapping: 0,042310 ms MarkObjects: 3,796238 ms  DeleteObjects: 0,155803 ms)

Prepare: number of updated asset objects reloaded= 0
AssetImportParameters requested are different than current active one (requested -> active):
  custom:video-encoder-webm-vp8: eb34c28f22e8b96e1ab97ce403110664 -> 
  custom:video-decoder-webm-vp8: 9c59270c3fd7afecdb556c50c9e8de78 -> 
  custom:audio-decoder-ogg-vorbis: bf7c407c2cedff20999df2af8eb42d56 -> 
  custom:SearchIndexIgnoredProperties: e643bd26f0fe6173181afceb89e7c659 -> 
  custom:container-demuxer-ogg: 62fdf1f143b41e24485cea50d1cbac27 -> 
  custom:AudioImporter_EditorPlatform: 2f0ff77a95e0ac474e3e8eeba4e2f7cb -> 
  custom:CustomObjectIndexerAttribute: 232f87dd983dbecb2a4e21e08eb2cef8 -> 
  custom:container-demuxer-webm: 4f35f7cbe854078d1ac9338744f61a02 -> 
  custom:video-decoder-ogg-theora: a1e56fd34408186e4bbccfd4996cb3dc -> 
  custom:audio-encoder-webm-vorbis: bf7c407c2cedff20999df2af8eb42d56 -> 
  custom:container-muxer-webm: aa71ff27fc2769a1b78a27578f13a17b -> 
========================================================================
Received Prepare
Begin MonoManager ReloadAssembly
- Loaded All Assemblies, in  0,481 seconds
Refreshing native plugins compatible for Editor in 1,83 ms, found 0 plugins.
Native extension for LinuxStandalone target not found
Native extension for WindowsStandalone target not found
Native extension for WebGL target not found
[Package Manager] Server::EnsureServerProcessIsRunning -- launch failed, reason: Unity was launched with the -noUpm command-line argument
[Package Manager] UpmClient::Send -- Unable to send message (not connected to UPM process).
[Package Manager] Cannot connect to Unity Package Manager local server
Mono: successfully reloaded assembly
- Finished resetting the current domain, in  0,837 seconds
Domain Reload Profiling: 1317ms
	BeginReloadAssembly (225ms)
		ExecutionOrderSort (0ms)
		DisableScriptedObjects (7ms)
		BackupInstance (0ms)
		ReleaseScriptingObjects (0ms)
		CreateAndSetChildDomain (35ms)
	RebuildCommonClasses (49ms)
	RebuildNativeTypeToScriptingClass (12ms)
	initialDomainReloadingComplete (36ms)
	LoadAllAssembliesAndSetupDomain (158ms)
		LoadAssemblies (216ms)
		RebuildTransferFunctionScriptingTraits (0ms)
		AnalyzeDomain (11ms)
			TypeCache.Refresh (5ms)
				TypeCache.ScanAssembly (0ms)
			ScanForSourceGeneratedMonoScriptInfo (0ms)
			ResolveRequiredComponents (4ms)
	FinalizeReload (837ms)
		ReleaseScriptCaches (0ms)
		RebuildScriptCaches (0ms)
		SetupLoadedEditorAssemblies (485ms)
			LogAssemblyErrors (0ms)
			InitializePlatformSupportModulesInManaged (63ms)
			SetLoadedEditorAssemblies (4ms)
			RefreshPlugins (0ms)
			BeforeProcessingInitializeOnLoad (59ms)
			ProcessInitializeOnLoadAttributes (323ms)
			ProcessInitializeOnLoadMethodAttributes (29ms)
			AfterProcessingInitializeOnLoad (8ms)
			EditorAssembliesLoaded (0ms)
		ExecutionOrderSort2 (0ms)
		AwakeInstancesAfterBackupRestoration (5ms)
Refreshing native plugins compatible for Editor in 1,85 ms, found 0 plugins.
Preloading 0 native plugins for Editor in 0,00 ms.
Unloading 1554 Unused Serialized files (Serialized files now loaded: 0)
Unloading 32 unused Assets / (35,8 KB). Loaded Objects now: 2042.
Memory consumption went from 83,4 MB to 83,4 MB.
Total: 4,240431 ms (FindLiveObjects: 0,182613 ms CreateObjectMapping: 0,052869 ms MarkObjects: 3,786981 ms  DeleteObjects: 0,216196 ms)

Prepare: number of updated asset objects reloaded= 0
AssetImportParameters requested are different than current active one (requested -> active):
  custom:video-encoder-webm-vp8: eb34c28f22e8b96e1ab97ce403110664 -> 
  custom:video-decoder-webm-vp8: 9c59270c3fd7afecdb556c50c9e8de78 -> 
  custom:audio-decoder-ogg-vorbis: bf7c407c2cedff20999df2af8eb42d56 -> 
  custom:SearchIndexIgnoredProperties: e643bd26f0fe6173181afceb89e7c659 -> 
  custom:container-demuxer-ogg: 62fdf1f143b41e24485cea50d1cbac27 -> 
  custom:AudioImporter_EditorPlatform: 2f0ff77a95e0ac474e3e8eeba4e2f7cb -> 
  custom:CustomObjectIndexerAttribute: 232f87dd983dbecb2a4e21e08eb2cef8 -> 
  custom:container-demuxer-webm: 4f35f7cbe854078d1ac9338744f61a02 -> 
  custom:video-decoder-ogg-theora: a1e56fd34408186e4bbccfd4996cb3dc -> 
  custom:audio-encoder-webm-vorbis: bf7c407c2cedff20999df2af8eb42d56 -> 
  custom:container-muxer-webm: aa71ff27fc2769a1b78a27578f13a17b -> 
========================================================================
Received Prepare
Begin MonoManager ReloadAssembly
- Loaded All Assemblies, in  0,500 seconds
Refreshing native plugins compatible for Editor in 1,94 ms, found 0 plugins.
Native extension for LinuxStandalone target not found
Native extension for WindowsStandalone target not found
Native extension for WebGL target not found
[Package Manager] Server::EnsureServerProcessIsRunning -- launch failed, reason: Unity was launched with the -noUpm command-line argument
[Package Manager] UpmClient::Send -- Unable to send message (not connected to UPM process).
[Package Manager] Cannot connect to Unity Package Manager local server
Mono: successfully reloaded assembly
- Finished resetting the current domain, in  0,802 seconds
Domain Reload Profiling: 1302ms
	BeginReloadAssembly (240ms)
		ExecutionOrderSort (0ms)
		DisableScriptedObjects (7ms)
		BackupInstance (0ms)
		ReleaseScriptingObjects (0ms)
		CreateAndSetChildDomain (49ms)
	RebuildCommonClasses (48ms)
	RebuildNativeTypeToScriptingClass (12ms)
	initialDomainReloadingComplete (36ms)
	LoadAllAssembliesAndSetupDomain (163ms)
		LoadAssemblies (208ms)
		RebuildTransferFunctionScriptingTraits (0ms)
		AnalyzeDomain (24ms)
			TypeCache.Refresh (10ms)
				TypeCache.ScanAssembly (1ms)
			ScanForSourceGeneratedMonoScriptInfo (9ms)
			ResolveRequiredComponents (3ms)
	FinalizeReload (803ms)
		ReleaseScriptCaches (0ms)
		RebuildScriptCaches (0ms)
		SetupLoadedEditorAssemblies (478ms)
			LogAssemblyErrors (0ms)
			InitializePlatformSupportModulesInManaged (62ms)
			SetLoadedEditorAssemblies (4ms)
			RefreshPlugins (0ms)
			BeforeProcessingInitializeOnLoad (58ms)
			ProcessInitializeOnLoadAttributes (316ms)
			ProcessInitializeOnLoadMethodAttributes (29ms)
			AfterProcessingInitializeOnLoad (8ms)
			EditorAssembliesLoaded (0ms)
		ExecutionOrderSort2 (0ms)
		AwakeInstancesAfterBackupRestoration (4ms)
Refreshing native plugins compatible for Editor in 1,89 ms, found 0 plugins.
Preloading 0 native plugins for Editor in 0,00 ms.
Unloading 1554 Unused Serialized files (Serialized files now loaded: 0)
Unloading 32 unused Assets / (35,7 KB). Loaded Objects now: 2045.
Memory consumption went from 83,4 MB to 83,4 MB.
Total: 4,621535 ms (FindLiveObjects: 0,180679 ms CreateObjectMapping: 0,042620 ms MarkObjects: 4,208842 ms  DeleteObjects: 0,187692 ms)

Prepare: number of updated asset objects reloaded= 0
AssetImportParameters requested are different than current active one (requested -> active):
  custom:video-encoder-webm-vp8: eb34c28f22e8b96e1ab97ce403110664 -> 
  custom:video-decoder-webm-vp8: 9c59270c3fd7afecdb556c50c9e8de78 -> 
  custom:audio-decoder-ogg-vorbis: bf7c407c2cedff20999df2af8eb42d56 -> 
  custom:SearchIndexIgnoredProperties: e643bd26f0fe6173181afceb89e7c659 -> 
  custom:container-demuxer-ogg: 62fdf1f143b41e24485cea50d1cbac27 -> 
  custom:AudioImporter_EditorPlatform: 2f0ff77a95e0ac474e3e8eeba4e2f7cb -> 
  custom:CustomObjectIndexerAttribute: 232f87dd983dbecb2a4e21e08eb2cef8 -> 
  custom:container-demuxer-webm: 4f35f7cbe854078d1ac9338744f61a02 -> 
  custom:video-decoder-ogg-theora: a1e56fd34408186e4bbccfd4996cb3dc -> 
  custom:audio-encoder-webm-vorbis: bf7c407c2cedff20999df2af8eb42d56 -> 
  custom:container-muxer-webm: aa71ff27fc2769a1b78a27578f13a17b -> 
========================================================================
Received Prepare
Begin MonoManager ReloadAssembly
- Loaded All Assemblies, in  0,479 seconds
Refreshing native plugins compatible for Editor in 1,88 ms, found 0 plugins.
Native extension for LinuxStandalone target not found
Native extension for WindowsStandalone target not found
Native extension for WebGL target not found
[Package Manager] Server::EnsureServerProcessIsRunning -- launch failed, reason: Unity was launched with the -noUpm command-line argument
[Package Manager] UpmClient::Send -- Unable to send message (not connected to UPM process).
[Package Manager] Cannot connect to Unity Package Manager local server
Mono: successfully reloaded assembly
- Finished resetting the current domain, in  0,799 seconds
Domain Reload Profiling: 1278ms
	BeginReloadAssembly (226ms)
		ExecutionOrderSort (0ms)
		DisableScriptedObjects (7ms)
		BackupInstance (0ms)
		ReleaseScriptingObjects (0ms)
		CreateAndSetChildDomain (38ms)
	RebuildCommonClasses (49ms)
	RebuildNativeTypeToScriptingClass (12ms)
	initialDomainReloadingComplete (37ms)
	LoadAllAssembliesAndSetupDomain (154ms)
		LoadAssemblies (210ms)
		RebuildTransferFunctionScriptingTraits (0ms)
		AnalyzeDomain (11ms)
			TypeCache.Refresh (5ms)
				TypeCache.ScanAssembly (0ms)
			ScanForSourceGeneratedMonoScriptInfo (0ms)
			ResolveRequiredComponents (4ms)
	FinalizeReload (799ms)
		ReleaseScriptCaches (0ms)
		RebuildScriptCaches (0ms)
		SetupLoadedEditorAssemblies (470ms)
			LogAssemblyErrors (0ms)
			InitializePlatformSupportModulesInManaged (56ms)
			SetLoadedEditorAssemblies (4ms)
			RefreshPlugins (0ms)
			BeforeProcessingInitializeOnLoad (57ms)
			ProcessInitializeOnLoadAttributes (316ms)
			ProcessInitializeOnLoadMethodAttributes (28ms)
			AfterProcessingInitializeOnLoad (8ms)
			EditorAssembliesLoaded (0ms)
		ExecutionOrderSort2 (0ms)
		AwakeInstancesAfterBackupRestoration (4ms)
Refreshing native plugins compatible for Editor in 1,89 ms, found 0 plugins.
Preloading 0 native plugins for Editor in 0,00 ms.
Unloading 1554 Unused Serialized files (Serialized files now loaded: 0)
Unloading 32 unused Assets / (35,9 KB). Loaded Objects now: 2048.
Memory consumption went from 83,4 MB to 83,4 MB.
Total: 4,140644 ms (FindLiveObjects: 0,178274 ms CreateObjectMapping: 0,043772 ms MarkObjects: 3,759710 ms  DeleteObjects: 0,157205 ms)

Prepare: number of updated asset objects reloaded= 0
AssetImportParameters requested are different than current active one (requested -> active):
  custom:video-encoder-webm-vp8: eb34c28f22e8b96e1ab97ce403110664 -> 
  custom:video-decoder-webm-vp8: 9c59270c3fd7afecdb556c50c9e8de78 -> 
  custom:audio-decoder-ogg-vorbis: bf7c407c2cedff20999df2af8eb42d56 -> 
  custom:SearchIndexIgnoredProperties: e643bd26f0fe6173181afceb89e7c659 -> 
  custom:container-demuxer-ogg: 62fdf1f143b41e24485cea50d1cbac27 -> 
  custom:AudioImporter_EditorPlatform: 2f0ff77a95e0ac474e3e8eeba4e2f7cb -> 
  custom:CustomObjectIndexerAttribute: 232f87dd983dbecb2a4e21e08eb2cef8 -> 
  custom:container-demuxer-webm: 4f35f7cbe854078d1ac9338744f61a02 -> 
  custom:video-decoder-ogg-theora: a1e56fd34408186e4bbccfd4996cb3dc -> 
  custom:audio-encoder-webm-vorbis: bf7c407c2cedff20999df2af8eb42d56 -> 
  custom:container-muxer-webm: aa71ff27fc2769a1b78a27578f13a17b -> 
