Unity Editor version:    2022.3.26f1 (ec6cd8118806)
Branch:                  2022.3/staging
Build type:              Release
Batch mode:              YES
System name:             Linux
Distro version:          #1 SMP PREEMPT_DYNAMIC Sat Jul 27 14:46:06 UTC 2024
Kernel version:          6.9.12-1-MANJARO
Architecture:            x86_64
Available memory:        32036 MB
Using pre-set license
Pro License: YES

(Unity:70971): Gtk-CRITICAL **: 22:48:47.448: gtk_window_set_default_icon: assertion 'GDK_IS_PIXBUF (icon)' failed

(Unity:70971): GLib-GObject-CRITICAL **: 22:48:47.448: g_object_unref: assertion 'G_IS_OBJECT (object)' failed
Desktop is 1920 x 1080 @ 60 Hz
Initialize udev device monitor.

COMMAND LINE ARGUMENTS:
Unity
-adb2
-batchMode
-noUpm
-name
AssetImportWorker3
-projectPath
/home/mplopes/Documentos/Pool 3D
-logFile
Logs/AssetImportWorker3.log
-srvPort
36541
Successfully changed project path to: /home/mplopes/Documentos/Pool 3D
/home/mplopes/Documentos/Pool 3D
[UnityMemory] Configuration Parameters - Can be set up in boot.config
    "memorysetup-bucket-allocator-granularity=16"
    "memorysetup-bucket-allocator-bucket-count=8"
    "memorysetup-bucket-allocator-block-size=33554432"
    "memorysetup-bucket-allocator-block-count=8"
    "memorysetup-main-allocator-block-size=16777216"
    "memorysetup-thread-allocator-block-size=16777216"
    "memorysetup-gfx-main-allocator-block-size=16777216"
    "memorysetup-gfx-thread-allocator-block-size=16777216"
    "memorysetup-cache-allocator-block-size=4194304"
    "memorysetup-typetree-allocator-block-size=2097152"
    "memorysetup-profiler-bucket-allocator-granularity=16"
    "memorysetup-profiler-bucket-allocator-bucket-count=8"
    "memorysetup-profiler-bucket-allocator-block-size=33554432"
    "memorysetup-profiler-bucket-allocator-block-count=8"
    "memorysetup-profiler-allocator-block-size=16777216"
    "memorysetup-profiler-editor-allocator-block-size=1048576"
    "memorysetup-temp-allocator-size-main=16777216"
    "memorysetup-job-temp-allocator-block-size=2097152"
    "memorysetup-job-temp-allocator-block-size-background=1048576"
    "memorysetup-job-temp-allocator-reduction-small-platforms=262144"
    "memorysetup-allocator-temp-initial-block-size-main=262144"
    "memorysetup-allocator-temp-initial-block-size-worker=262144"
    "memorysetup-temp-allocator-size-background-worker=32768"
    "memorysetup-temp-allocator-size-job-worker=262144"
    "memorysetup-temp-allocator-size-preload-manager=33554432"
    "memorysetup-temp-allocator-size-nav-mesh-worker=65536"
    "memorysetup-temp-allocator-size-audio-worker=65536"
    "memorysetup-temp-allocator-size-cloud-worker=32768"
    "memorysetup-temp-allocator-size-gi-baking-worker=262144"
    "memorysetup-temp-allocator-size-gfx=262144"
Player connection [128576396288768] Host "[IP] 10.0.0.155 [Port] 0 [Flags] 2 [Guid] 675936932 [EditorId] 675936932 [Version] 1048832 [Id] LinuxEditor(16,10.0.0.155) [Debug] 1 [PackageName] LinuxEditor [ProjectName] Editor" joined multi-casting on [225.0.0.222:54997]...

Player connection [128576396288768] Host "[IP] 10.0.0.155 [Port] 0 [Flags] 2 [Guid] 675936932 [EditorId] 675936932 [Version] 1048832 [Id] LinuxEditor(16,10.0.0.155) [Debug] 1 [PackageName] LinuxEditor [ProjectName] Editor" joined alternative multi-casting on [225.0.0.222:34997]...

[Physics::Module] Initialized MultithreadedJobDispatcher with 15 workers.
Refreshing native plugins compatible for Editor in 3,42 ms, found 0 plugins.
Preloading 0 native plugins for Editor in 0,00 ms.
Initialize engine version: 2022.3.26f1 (ec6cd8118806)
[Subsystems] Discovering subsystems at path /run/media/mplopes/48b9a565-fcde-403d-aa1b-2e8fddeb6749/.UnityEngine/2022.3.26f1/Editor/Data/Resources/UnitySubsystems
[Subsystems] Discovering subsystems at path /home/mplopes/Documentos/Pool 3D/Assets
GLX Extensions: GLX_ARB_context_flush_control GLX_ARB_create_context GLX_ARB_create_context_no_error GLX_ARB_create_context_profile GLX_ARB_create_context_robustness GLX_ARB_fbconfig_float GLX_ARB_framebuffer_sRGB GLX_ARB_get_proc_address GLX_ARB_multisample GLX_EXT_buffer_age GLX_EXT_create_context_es2_profile GLX_EXT_create_context_es_profile GLX_EXT_fbconfig_packed_float GLX_EXT_framebuffer_sRGB GLX_EXT_no_config_context GLX_EXT_swap_control GLX_EXT_swap_control_tear GLX_EXT_texture_from_pixmap GLX_EXT_visual_info GLX_EXT_visual_rating GLX_INTEL_swap_event GLX_MESA_copy_sub_buffer GLX_MESA_gl_interop GLX_MESA_query_renderer GLX_MESA_swap_control GLX_OML_sync_control GLX_SGIS_multisample GLX_SGIX_fbconfig GLX_SGIX_pbuffer GLX_SGIX_visual_select_group GLX_SGI_make_current_read GLX_SGI_swap_control GLX_SGI_video_sync 
Renderer: AMD Radeon RX 550 / 550 Series (radeonsi, polaris12, LLVM 18.1.8, DRM 3.57, 6.9.12-1-MANJARO)
Vendor:   AMD
Version:  4.6 (Core Profile) Mesa 24.3.0-devel (git-50c0dbfd70)
GLES:     0
 GL_AMD_conservative_depth GL_AMD_depth_clamp_separate GL_AMD_draw_buffers_blend GL_AMD_framebuffer_multisample_advanced GL_AMD_gpu_shader_int64 GL_AMD_multi_draw_indirect GL_AMD_performance_monitor GL_AMD_pinned_memory GL_AMD_query_buffer_object GL_AMD_seamless_cubemap_per_texture GL_AMD_shader_stencil_export GL_AMD_shader_trinary_minmax GL_AMD_texture_texture4 GL_AMD_vertex_shader_layer GL_AMD_vertex_shader_viewport_index GL_ANGLE_texture_compression_dxt3 GL_ANGLE_texture_compression_dxt5 GL_ARB_ES2_compatibility GL_ARB_ES3_1_compatibility GL_ARB_ES3_2_compatibility GL_ARB_ES3_compatibility GL_ARB_arrays_of_arrays GL_ARB_base_instance GL_ARB_bindless_texture GL_ARB_blend_func_extended GL_ARB_buffer_storage GL_ARB_clear_buffer_object GL_ARB_clear_texture GL_ARB_clip_control GL_ARB_color_buffer_float GL_ARB_compressed_texture_pixel_storage GL_ARB_compute_shader GL_ARB_compute_variable_group_size GL_ARB_conditional_render_inverted GL_ARB_conservative_depth GL_ARB_copy_buffer GL_ARB_copy_image GL_ARB_cull_dist
ance GL_ARB_debug_output GL_ARB_depth_buffer_float GL_ARB_depth_clamp GL_ARB_derivative_control GL_ARB_direct_state_access GL_ARB_draw_buffers GL_ARB_draw_buffers_blend GL_ARB_draw_elements_base_vertex GL_ARB_draw_indirect GL_ARB_draw_instanced GL_ARB_enhanced_layouts GL_ARB_explicit_attrib_location GL_ARB_explicit_uniform_location GL_ARB_fragment_coord_conventions GL_ARB_fragment_layer_viewport GL_ARB_fragment_shader GL_ARB_framebuffer_no_attachments GL_ARB_framebuffer_object GL_ARB_framebuffer_sRGB GL_ARB_get_program_binary GL_ARB_get_texture_sub_image GL_ARB_gl_spirv GL_ARB_gpu_shader5 GL_ARB_gpu_shader_fp64 GL_ARB_gpu_shader_int64 GL_ARB_half_float_pixel GL_ARB_half_float_vertex GL_ARB_indirect_parameters GL_ARB_instanced_arrays GL_ARB_internalformat_query GL_ARB_internalformat_query2 GL_ARB_invalidate_subdata GL_ARB_map_buffer_alignment GL_ARB_map_buffer_range GL_ARB_multi_bind GL_ARB_multi_draw_indirect GL_ARB_occlusion_query2 GL_ARB_parallel_shader_compile GL_ARB_pipeline_statistics_query GL_ARB_pixel
_buffer_object GL_ARB_point_sprite GL_ARB_polygon_offset_clamp GL_ARB_program_interface_query GL_ARB_provoking_vertex GL_ARB_query_buffer_object GL_ARB_robust_buffer_access_behavior GL_ARB_robustness GL_ARB_sample_shading GL_ARB_sampler_objects GL_ARB_seamless_cube_map GL_ARB_seamless_cubemap_per_texture GL_ARB_separate_shader_objects GL_ARB_shader_atomic_counter_ops GL_ARB_shader_atomic_counters GL_ARB_shader_ballot GL_ARB_shader_bit_encoding GL_ARB_shader_clock GL_ARB_shader_draw_parameters GL_ARB_shader_group_vote GL_ARB_shader_image_load_store GL_ARB_shader_image_size GL_ARB_shader_objects GL_ARB_shader_precision GL_ARB_shader_stencil_export GL_ARB_shader_storage_buffer_object GL_ARB_shader_subroutine GL_ARB_shader_texture_image_samples GL_ARB_shader_texture_lod GL_ARB_shader_viewport_layer_array GL_ARB_shading_language_420pack GL_ARB_shading_language_include GL_ARB_shading_language_packing GL_ARB_spirv_extensions GL_ARB_stencil_texturing GL_ARB_sync GL_ARB_tessellation_shader GL_ARB_texture_barrier GL_A
RB_texture_border_clamp GL_ARB_texture_buffer_object GL_ARB_texture_buffer_object_rgb32 GL_ARB_texture_buffer_range GL_ARB_texture_compression_bptc GL_ARB_texture_compression_rgtc GL_ARB_texture_cube_map_array GL_ARB_texture_filter_anisotropic GL_ARB_texture_filter_minmax GL_ARB_texture_float GL_ARB_texture_gather GL_ARB_texture_mirror_clamp_to_edge GL_ARB_texture_multisample GL_ARB_texture_non_power_of_two GL_ARB_texture_query_levels GL_ARB_texture_query_lod GL_ARB_texture_rectangle GL_ARB_texture_rg GL_ARB_texture_rgb10_a2ui GL_ARB_texture_stencil8 GL_ARB_texture_storage GL_ARB_texture_storage_multisample GL_ARB_texture_swizzle GL_ARB_texture_view GL_ARB_timer_query GL_ARB_transform_feedback2 GL_ARB_transform_feedback3 GL_ARB_transform_feedback_instanced GL_ARB_transform_feedback_overflow_query GL_ARB_uniform_buffer_object GL_ARB_vertex_array_bgra GL_ARB_vertex_array_object GL_ARB_vertex_attrib_64bit GL_ARB_vertex_attrib_binding GL_ARB_vertex_buffer_object GL_ARB_vertex_shader GL_ARB_vertex_type_10f_11f_11
f_rev GL_ARB_vertex_type_2_10_10_10_rev GL_ARB_viewport_array GL_ATI_blend_equation_separate GL_ATI_meminfo GL_ATI_texture_float GL_ATI_texture_mirror_once GL_EXT_EGL_image_storage GL_EXT_EGL_image_storage_compression GL_EXT_EGL_sync GL_EXT_abgr GL_EXT_blend_equation_separate GL_EXT_debug_label GL_EXT_demote_to_helper_invocation GL_EXT_depth_bounds_test GL_EXT_draw_buffers2 GL_EXT_draw_instanced GL_EXT_framebuffer_blit GL_EXT_framebuffer_multisample GL_EXT_framebuffer_multisample_blit_scaled GL_EXT_framebuffer_object GL_EXT_framebuffer_sRGB GL_EXT_memory_object GL_EXT_memory_object_fd GL_EXT_packed_depth_stencil GL_EXT_packed_float GL_EXT_pixel_buffer_object GL_EXT_polygon_offset_clamp GL_EXT_provoking_vertex GL_EXT_semaphore GL_EXT_semaphore_fd GL_EXT_shader_image_load_formatted GL_EXT_shader_image_load_store GL_EXT_shader_integer_mix GL_EXT_shader_samples_identical GL_EXT_texture_array GL_EXT_texture_compression_dxt1 GL_EXT_texture_compression_rgtc GL_EXT_texture_compression_s3tc GL_EXT_texture_filter_anis
otropic GL_EXT_texture_filter_minmax GL_EXT_texture_integer GL_EXT_texture_mirror_clamp GL_EXT_texture_sRGB GL_EXT_texture_sRGB_R8 GL_EXT_texture_sRGB_decode GL_EXT_texture_shadow_lod GL_EXT_texture_shared_exponent GL_EXT_texture_snorm GL_EXT_texture_storage GL_EXT_texture_swizzle GL_EXT_timer_query GL_EXT_transform_feedback GL_EXT_vertex_array_bgra GL_EXT_vertex_attrib_64bit GL_EXT_window_rectangles GL_IBM_multimode_draw_arrays GL_INTEL_blackhole_render GL_KHR_blend_equation_advanced GL_KHR_context_flush_control GL_KHR_debug GL_KHR_no_error GL_KHR_parallel_shader_compile GL_KHR_robust_buffer_access_behavior GL_KHR_robustness GL_KHR_texture_compression_astc_ldr GL_KHR_texture_compression_astc_sliced_3d GL_MESA_framebuffer_flip_y GL_MESA_pack_invert GL_MESA_shader_integer_functions GL_MESA_texture_const_bandwidth GL_MESA_texture_signed_rgba GL_NVX_gpu_memory_info GL_NV_alpha_to_coverage_dither_control GL_NV_compute_shader_derivatives GL_NV_conditional_render GL_NV_copy_image GL_NV_depth_clamp GL_NV_packed_dep
th_stencil GL_NV_shader_atomic_int64 GL_NV_texture_barrier GL_NV_vdpau_interop GL_OES_EGL_image GL_S3_s3tc
OPENGL LOG: Creating OpenGL 4.6 graphics device ; Context level  <OpenGL 4.5> ; Context handle -1421605296
Initialize mono
Mono path[0] = '/run/media/mplopes/48b9a565-fcde-403d-aa1b-2e8fddeb6749/.UnityEngine/2022.3.26f1/Editor/Data/Managed'
Mono path[1] = '/run/media/mplopes/48b9a565-fcde-403d-aa1b-2e8fddeb6749/.UnityEngine/2022.3.26f1/Editor/Data/MonoBleedingEdge/lib/mono/unityjit-linux'
Mono config path = '/run/media/mplopes/48b9a565-fcde-403d-aa1b-2e8fddeb6749/.UnityEngine/2022.3.26f1/Editor/Data/MonoBleedingEdge/etc'
Using monoOptions --debugger-agent=transport=dt_socket,embedding=1,server=y,suspend=n,address=127.0.0.1:56971
Begin MonoManager ReloadAssembly
Registering precompiled unity dll's ...
Register platform support module: /run/media/mplopes/48b9a565-fcde-403d-aa1b-2e8fddeb6749/.UnityEngine/2022.3.26f1/Editor/Data/PlaybackEngines/WebGLSupport/UnityEditor.WebGL.Extensions.dll
Register platform support module: /run/media/mplopes/48b9a565-fcde-403d-aa1b-2e8fddeb6749/.UnityEngine/2022.3.26f1/Editor/Data/PlaybackEngines/WindowsStandaloneSupport/UnityEditor.WindowsStandalone.Extensions.dll
Register platform support module: /run/media/mplopes/48b9a565-fcde-403d-aa1b-2e8fddeb6749/.UnityEngine/2022.3.26f1/Editor/Data/PlaybackEngines/LinuxStandaloneSupport/UnityEditor.LinuxStandalone.Extensions.dll
Registered in 0,018468 seconds.
- Loaded All Assemblies, in  0,510 seconds
Native extension for LinuxStandalone target not found
Native extension for WindowsStandalone target not found
Native extension for WebGL target not found
Mono: successfully reloaded assembly
- Finished resetting the current domain, in  0,434 seconds
Domain Reload Profiling: 945ms
	BeginReloadAssembly (104ms)
		ExecutionOrderSort (0ms)
		DisableScriptedObjects (0ms)
		BackupInstance (0ms)
		ReleaseScriptingObjects (0ms)
		CreateAndSetChildDomain (1ms)
	RebuildCommonClasses (52ms)
	RebuildNativeTypeToScriptingClass (12ms)
	initialDomainReloadingComplete (98ms)
	LoadAllAssembliesAndSetupDomain (244ms)
		LoadAssemblies (103ms)
		RebuildTransferFunctionScriptingTraits (0ms)
		AnalyzeDomain (241ms)
			TypeCache.Refresh (239ms)
				TypeCache.ScanAssembly (217ms)
			ScanForSourceGeneratedMonoScriptInfo (1ms)
			ResolveRequiredComponents (1ms)
	FinalizeReload (435ms)
		ReleaseScriptCaches (0ms)
		RebuildScriptCaches (0ms)
		SetupLoadedEditorAssemblies (350ms)
			LogAssemblyErrors (0ms)
			InitializePlatformSupportModulesInManaged (65ms)
			SetLoadedEditorAssemblies (7ms)
			RefreshPlugins (0ms)
			BeforeProcessingInitializeOnLoad (3ms)
			ProcessInitializeOnLoadAttributes (198ms)
			ProcessInitializeOnLoadMethodAttributes (78ms)
			AfterProcessingInitializeOnLoad (0ms)
			EditorAssembliesLoaded (0ms)
		ExecutionOrderSort2 (0ms)
		AwakeInstancesAfterBackupRestoration (0ms)
========================================================================
Worker process is ready to serve import requests
Begin MonoManager ReloadAssembly
- Loaded All Assemblies, in  0,566 seconds
Refreshing native plugins compatible for Editor in 1,83 ms, found 0 plugins.
Native extension for LinuxStandalone target not found
Native extension for WindowsStandalone target not found
Native extension for WebGL target not found
Package Manager log level set to [2]
[Package Manager] Server::EnsureServerProcessIsRunning -- launch failed, reason: Unity was launched with the -noUpm command-line argument
[Package Manager] UpmClient::Send -- Unable to send message (not connected to UPM process).
[Package Manager] Cannot connect to Unity Package Manager local server
Mono: successfully reloaded assembly
- Finished resetting the current domain, in  0,701 seconds
Domain Reload Profiling: 1266ms
	BeginReloadAssembly (161ms)
		ExecutionOrderSort (0ms)
		DisableScriptedObjects (8ms)
		BackupInstance (0ms)
		ReleaseScriptingObjects (0ms)
		CreateAndSetChildDomain (29ms)
	RebuildCommonClasses (50ms)
	RebuildNativeTypeToScriptingClass (12ms)
	initialDomainReloadingComplete (58ms)
	LoadAllAssembliesAndSetupDomain (285ms)
		LoadAssemblies (246ms)
		RebuildTransferFunctionScriptingTraits (0ms)
		AnalyzeDomain (117ms)
			TypeCache.Refresh (101ms)
				TypeCache.ScanAssembly (86ms)
			ScanForSourceGeneratedMonoScriptInfo (11ms)
			ResolveRequiredComponents (3ms)
	FinalizeReload (701ms)
		ReleaseScriptCaches (0ms)
		RebuildScriptCaches (0ms)
		SetupLoadedEditorAssemblies (510ms)
			LogAssemblyErrors (0ms)
			InitializePlatformSupportModulesInManaged (55ms)
			SetLoadedEditorAssemblies (4ms)
			RefreshPlugins (0ms)
			BeforeProcessingInitializeOnLoad (57ms)
			ProcessInitializeOnLoadAttributes (347ms)
			ProcessInitializeOnLoadMethodAttributes (38ms)
			AfterProcessingInitializeOnLoad (8ms)
			EditorAssembliesLoaded (0ms)
		ExecutionOrderSort2 (0ms)
		AwakeInstancesAfterBackupRestoration (4ms)
Launched and connected shader compiler UnityShaderCompiler after 0.02 seconds
Refreshing native plugins compatible for Editor in 2,55 ms, found 0 plugins.
Preloading 0 native plugins for Editor in 0,00 ms.
Unloading 1519 Unused Serialized files (Serialized files now loaded: 0)
Unloading 35 unused Assets / (52,9 KB). Loaded Objects now: 1980.
Memory consumption went from 81,8 MB to 81,7 MB.
Total: 5,922125 ms (FindLiveObjects: 0,207830 ms CreateObjectMapping: 0,044934 ms MarkObjects: 5,285651 ms  DeleteObjects: 0,381615 ms)

AssetImportParameters requested are different than current active one (requested -> active):
  custom:video-encoder-webm-vp8: eb34c28f22e8b96e1ab97ce403110664 -> 
  custom:video-decoder-webm-vp8: 9c59270c3fd7afecdb556c50c9e8de78 -> 
  custom:audio-decoder-ogg-vorbis: bf7c407c2cedff20999df2af8eb42d56 -> 
  custom:SearchIndexIgnoredProperties: e643bd26f0fe6173181afceb89e7c659 -> 
  custom:container-demuxer-ogg: 62fdf1f143b41e24485cea50d1cbac27 -> 
  custom:AudioImporter_EditorPlatform: 2f0ff77a95e0ac474e3e8eeba4e2f7cb -> 
  custom:CustomObjectIndexerAttribute: 232f87dd983dbecb2a4e21e08eb2cef8 -> 
  custom:container-demuxer-webm: 4f35f7cbe854078d1ac9338744f61a02 -> 
  custom:video-decoder-ogg-theora: a1e56fd34408186e4bbccfd4996cb3dc -> 
  custom:audio-encoder-webm-vorbis: bf7c407c2cedff20999df2af8eb42d56 -> 
  custom:container-muxer-webm: aa71ff27fc2769a1b78a27578f13a17b -> 
========================================================================
Received Import Request.
  Time since last request: 42592,954743 seconds.
  path: Assets/renderTexTableSec.renderTexture
  artifactKey: Guid(62aaef7b3f494fab8944c46932bfbdb9) Importer(2089858483,0ecaa5967403d082aa24f35e1b516d23)
Start importing Assets/renderTexTableSec.renderTexture using Guid(62aaef7b3f494fab8944c46932bfbdb9) Importer(2089858483,0ecaa5967403d082aa24f35e1b516d23)  -> (artifact id: '582b86badf073b97021262cc765f1ab3') in 0,124710 seconds
Number of updated asset objects reloaded before import = 0
Number of asset objects unloaded after import = 1
========================================================================
Received Import Request.
  Time since last request: 0,000016 seconds.
  path: Assets/Images/ball-11.png
  artifactKey: Guid(80c8741c1c814d4395309fe753b06d35) Importer(2089858483,0ecaa5967403d082aa24f35e1b516d23)
Start importing Assets/Images/ball-11.png using Guid(80c8741c1c814d4395309fe753b06d35) Importer(2089858483,0ecaa5967403d082aa24f35e1b516d23)  -> (artifact id: '668fd6012290dadfd56ba4f673b4bfbd') in 0,077113 seconds
Number of updated asset objects reloaded before import = 0
Number of asset objects unloaded after import = 1
========================================================================
Received Import Request.
  Time since last request: 0,000028 seconds.
  path: Assets/Images/mouseClick.png
  artifactKey: Guid(069e27894fa34e9fb6a640e9f2610e18) Importer(2089858483,0ecaa5967403d082aa24f35e1b516d23)
Start importing Assets/Images/mouseClick.png using Guid(069e27894fa34e9fb6a640e9f2610e18) Importer(2089858483,0ecaa5967403d082aa24f35e1b516d23)  -> (artifact id: 'f57c133df7c1dd64ba01c4bc0767e5e1') in 0,039647 seconds
Number of updated asset objects reloaded before import = 0
Number of asset objects unloaded after import = 3
========================================================================
Received Import Request.
  Time since last request: 0,000039 seconds.
  path: Assets/Images/powerFlickFill.png
  artifactKey: Guid(9f94f2d9e87a43dfafff2ba87932f76d) Importer(2089858483,0ecaa5967403d082aa24f35e1b516d23)
Start importing Assets/Images/powerFlickFill.png using Guid(9f94f2d9e87a43dfafff2ba87932f76d) Importer(2089858483,0ecaa5967403d082aa24f35e1b516d23)  -> (artifact id: 'f8051480edc5b21cc7be43f0080b7d70') in 0,020273 seconds
Number of updated asset objects reloaded before import = 0
Number of asset objects unloaded after import = 3
========================================================================
Received Import Request.
  Time since last request: 0,000090 seconds.
  path: Assets/Images/btn1player.png
  artifactKey: Guid(63b83a847ec14584b8a878064c7b36a7) Importer(2089858483,0ecaa5967403d082aa24f35e1b516d23)
Start importing Assets/Images/btn1player.png using Guid(63b83a847ec14584b8a878064c7b36a7) Importer(2089858483,0ecaa5967403d082aa24f35e1b516d23)  -> (artifact id: 'd031c96aa4e912c6b49fa8c81c43585b') in 0,016626 seconds
Number of updated asset objects reloaded before import = 0
Number of asset objects unloaded after import = 3
========================================================================
Received Import Request.
  Time since last request: 0,000085 seconds.
  path: Assets/Images/detail.png
  artifactKey: Guid(a1d6b4593b2042aa97da667acd77c5ac) Importer(2089858483,0ecaa5967403d082aa24f35e1b516d23)
Start importing Assets/Images/detail.png using Guid(a1d6b4593b2042aa97da667acd77c5ac) Importer(2089858483,0ecaa5967403d082aa24f35e1b516d23)  -> (artifact id: 'b8a2069b47c737e755d17cefc99007e7') in 0,015197 seconds
Number of updated asset objects reloaded before import = 0
Number of asset objects unloaded after import = 1
========================================================================
Received Import Request.
  Time since last request: 0,000071 seconds.
  path: Assets/Images/ball-5.png
  artifactKey: Guid(8be3dba96385414591f3fb49273cb42b) Importer(2089858483,0ecaa5967403d082aa24f35e1b516d23)
Start importing Assets/Images/ball-5.png using Guid(8be3dba96385414591f3fb49273cb42b) Importer(2089858483,0ecaa5967403d082aa24f35e1b516d23)  -> (artifact id: '6e796921f8fc45b040048a6d5192ad61') in 0,016255 seconds
Number of updated asset objects reloaded before import = 0
Number of asset objects unloaded after import = 1
========================================================================
Received Import Request.
  Time since last request: 0,000057 seconds.
  path: Assets/Images/ground4.png
  artifactKey: Guid(90bbf61aecf647af9d33b9bc21273493) Importer(2089858483,0ecaa5967403d082aa24f35e1b516d23)
Start importing Assets/Images/ground4.png using Guid(90bbf61aecf647af9d33b9bc21273493) Importer(2089858483,0ecaa5967403d082aa24f35e1b516d23)  -> (artifact id: '1fdad37e77b977e7648b23ce4f3b84f0') in 0,017992 seconds
Number of updated asset objects reloaded before import = 0
Number of asset objects unloaded after import = 1
========================================================================
Received Import Request.
  Time since last request: 0,000060 seconds.
  path: Assets/Images/gmgBtn.png
  artifactKey: Guid(c0450591e1ed48af8774197cbf4d86a5) Importer(2089858483,0ecaa5967403d082aa24f35e1b516d23)
Start importing Assets/Images/gmgBtn.png using Guid(c0450591e1ed48af8774197cbf4d86a5) Importer(2089858483,0ecaa5967403d082aa24f35e1b516d23)  -> (artifact id: '76c689e20f3236aef44c184eac4ba123') in 0,022546 seconds
Number of updated asset objects reloaded before import = 0
Number of asset objects unloaded after import = 3
========================================================================
Received Import Request.
  Time since last request: 0,000019 seconds.
  path: Assets/Images/cueSelectBtn.png
  artifactKey: Guid(809e7849458e4d2187a3e912f9989e94) Importer(2089858483,0ecaa5967403d082aa24f35e1b516d23)
Start importing Assets/Images/cueSelectBtn.png using Guid(809e7849458e4d2187a3e912f9989e94) Importer(2089858483,0ecaa5967403d082aa24f35e1b516d23)  -> (artifact id: '772a66239aecaeefa477b130a9c1f8e8') in 0,019407 seconds
Number of updated asset objects reloaded before import = 0
Number of asset objects unloaded after import = 3
========================================================================
Received Import Request.
  Time since last request: 0,000018 seconds.
  path: Assets/Cubemap/cubemapBlur.png
  artifactKey: Guid(a19e1292dc344254af2a2d58629005ff) Importer(2089858483,0ecaa5967403d082aa24f35e1b516d23)
Start importing Assets/Cubemap/cubemapBlur.png using Guid(a19e1292dc344254af2a2d58629005ff) Importer(2089858483,0ecaa5967403d082aa24f35e1b516d23)  -> (artifact id: '88304fe2181077bf9a861363d7ccd6a3') in 0,021732 seconds
Number of updated asset objects reloaded before import = 0
Number of asset objects unloaded after import = 1
========================================================================
Received Import Request.
  Time since last request: 0,000056 seconds.
  path: Assets/Images/ball-uk-red.png
  artifactKey: Guid(17bfd849a97346cc80f0511c3455103f) Importer(2089858483,0ecaa5967403d082aa24f35e1b516d23)
Start importing Assets/Images/ball-uk-red.png using Guid(17bfd849a97346cc80f0511c3455103f) Importer(2089858483,0ecaa5967403d082aa24f35e1b516d23)  -> (artifact id: '40bf099401c6c927415fce124c1ae560') in 0,017208 seconds
Number of updated asset objects reloaded before import = 0
Number of asset objects unloaded after import = 1
========================================================================
Received Import Request.
  Time since last request: 0,000099 seconds.
  path: Assets/Images/btnSnooker15.png
  artifactKey: Guid(0224c8dca18c4484bea77e3b2b4b24bd) Importer(2089858483,0ecaa5967403d082aa24f35e1b516d23)
Start importing Assets/Images/btnSnooker15.png using Guid(0224c8dca18c4484bea77e3b2b4b24bd) Importer(2089858483,0ecaa5967403d082aa24f35e1b516d23)  -> (artifact id: '10af3ea25b8e6be06e5d65c621ab7766') in 0,020455 seconds
Number of updated asset objects reloaded before import = 0
Number of asset objects unloaded after import = 3
========================================================================
Received Import Request.
  Time since last request: 0,000020 seconds.
  path: Assets/Images/btnTimeTrial.png
  artifactKey: Guid(e6fcf886084242a989fbdcf16c27d6c3) Importer(2089858483,0ecaa5967403d082aa24f35e1b516d23)
Start importing Assets/Images/btnTimeTrial.png using Guid(e6fcf886084242a989fbdcf16c27d6c3) Importer(2089858483,0ecaa5967403d082aa24f35e1b516d23)  -> (artifact id: '598780c3dd80a8d45c0194b04413d6a5') in 0,013860 seconds
Number of updated asset objects reloaded before import = 0
Number of asset objects unloaded after import = 3
========================================================================
Received Import Request.
  Time since last request: 0,000026 seconds.
  path: Assets/Images/ball-1.png
  artifactKey: Guid(8fded9d729034920ae0a30a41eee33fd) Importer(2089858483,0ecaa5967403d082aa24f35e1b516d23)
Start importing Assets/Images/ball-1.png using Guid(8fded9d729034920ae0a30a41eee33fd) Importer(2089858483,0ecaa5967403d082aa24f35e1b516d23)  -> (artifact id: '24fea778a355fca075bbc98b50acda20') in 0,011236 seconds
Number of updated asset objects reloaded before import = 0
Number of asset objects unloaded after import = 1
========================================================================
Received Import Request.
  Time since last request: 0,000046 seconds.
  path: Assets/Images/ball-8.png
  artifactKey: Guid(d76671d4414c4682ab7ab16a80f23a20) Importer(2089858483,0ecaa5967403d082aa24f35e1b516d23)
Start importing Assets/Images/ball-8.png using Guid(d76671d4414c4682ab7ab16a80f23a20) Importer(2089858483,0ecaa5967403d082aa24f35e1b516d23)  -> (artifact id: '88597fdade9ae45bdd4a7b72d62e3a1a') in 0,011452 seconds
Number of updated asset objects reloaded before import = 0
Number of asset objects unloaded after import = 1
========================================================================
Received Import Request.
  Time since last request: 0,000067 seconds.
  path: Assets/Images/checkbox.png
  artifactKey: Guid(543a06446410438d81d11781222963be) Importer(2089858483,0ecaa5967403d082aa24f35e1b516d23)
Start importing Assets/Images/checkbox.png using Guid(543a06446410438d81d11781222963be) Importer(2089858483,0ecaa5967403d082aa24f35e1b516d23)  -> (artifact id: '2e3b42223f126388eac998ba53aeaeae') in 0,016094 seconds
Number of updated asset objects reloaded before import = 0
Number of asset objects unloaded after import = 3
========================================================================
Received Import Request.
  Time since last request: 0,000016 seconds.
  path: Assets/Images/roundRectBox.png
  artifactKey: Guid(568815a4739040fc8b7822bf124b8449) Importer(2089858483,0ecaa5967403d082aa24f35e1b516d23)
Start importing Assets/Images/roundRectBox.png using Guid(568815a4739040fc8b7822bf124b8449) Importer(2089858483,0ecaa5967403d082aa24f35e1b516d23)  -> (artifact id: 'eb016f480be9a71b829ea0ac1ac853d1') in 0,012920 seconds
Number of updated asset objects reloaded before import = 0
Number of asset objects unloaded after import = 3
========================================================================
Received Import Request.
  Time since last request: 0,000014 seconds.
  path: Assets/Images/zoomIn.png
  artifactKey: Guid(6d4c0acee2c34af4846bef063be03bc1) Importer(2089858483,0ecaa5967403d082aa24f35e1b516d23)
Start importing Assets/Images/zoomIn.png using Guid(6d4c0acee2c34af4846bef063be03bc1) Importer(2089858483,0ecaa5967403d082aa24f35e1b516d23)  -> (artifact id: '051157f92df55ef5628d1e8ccbb50fef') in 0,013811 seconds
Number of updated asset objects reloaded before import = 0
Number of asset objects unloaded after import = 3
========================================================================
Received Import Request.
  Time since last request: 0,000017 seconds.
  path: Assets/Materials/1.mat
  artifactKey: Guid(51903579ccaa4a3d9398accff990bdc6) Importer(2089858483,0ecaa5967403d082aa24f35e1b516d23)
Start importing Assets/Materials/1.mat using Guid(51903579ccaa4a3d9398accff990bdc6) Importer(2089858483,0ecaa5967403d082aa24f35e1b516d23)  -> (artifact id: 'd15d85a6285bb6782e7f71f82dbefa00') in 0,022370 seconds
Number of updated asset objects reloaded before import = 0
Number of asset objects unloaded after import = 2
========================================================================
Received Import Request.
  Time since last request: 0,000017 seconds.
  path: Assets/Materials/Sprites-Default.mat
  artifactKey: Guid(497841824dc5451586e72cea2bc4e901) Importer(2089858483,0ecaa5967403d082aa24f35e1b516d23)
Start importing Assets/Materials/Sprites-Default.mat using Guid(497841824dc5451586e72cea2bc4e901) Importer(2089858483,0ecaa5967403d082aa24f35e1b516d23)  -> (artifact id: '7838eff0ff35a69e02be91272a331912') in 0,032971 seconds
Number of updated asset objects reloaded before import = 0
Number of asset objects unloaded after import = 1
========================================================================
Received Import Request.
  Time since last request: 0,000016 seconds.
  path: Assets/Images/wall1.png
  artifactKey: Guid(76edda0f3f6b4ba0a85625b2928804d4) Importer(2089858483,0ecaa5967403d082aa24f35e1b516d23)
Start importing Assets/Images/wall1.png using Guid(76edda0f3f6b4ba0a85625b2928804d4) Importer(2089858483,0ecaa5967403d082aa24f35e1b516d23)  -> (artifact id: '1887787eb83240b7032edc67e95a88c1') in 0,012445 seconds
Number of updated asset objects reloaded before import = 0
Number of asset objects unloaded after import = 1
========================================================================
Received Import Request.
  Time since last request: 0,000033 seconds.
  path: Assets/Materials/guideMainLine.mat
  artifactKey: Guid(73152c168566438abb07dfac62eb4efd) Importer(2089858483,0ecaa5967403d082aa24f35e1b516d23)
Start importing Assets/Materials/guideMainLine.mat using Guid(73152c168566438abb07dfac62eb4efd) Importer(2089858483,0ecaa5967403d082aa24f35e1b516d23)  -> (artifact id: '41e6a6b800b658f847dcfdc07954d918') in 0,004680 seconds
Number of updated asset objects reloaded before import = 0
Number of asset objects unloaded after import = 2
========================================================================
Received Import Request.
  Time since last request: 0,000020 seconds.
  path: Assets/Images/snooker-black.png
  artifactKey: Guid(fe40d9607bd243438536add43b9bdec2) Importer(2089858483,0ecaa5967403d082aa24f35e1b516d23)
Start importing Assets/Images/snooker-black.png using Guid(fe40d9607bd243438536add43b9bdec2) Importer(2089858483,0ecaa5967403d082aa24f35e1b516d23)  -> (artifact id: '617fda3a4b4335197fad40fbee115565') in 0,010920 seconds
Number of updated asset objects reloaded before import = 0
Number of asset objects unloaded after import = 1
========================================================================
Received Import Request.
  Time since last request: 0,000016 seconds.
  path: Assets/Images/starParticle2.png
  artifactKey: Guid(fe3c2d91370a42839646fa2b045459a7) Importer(2089858483,0ecaa5967403d082aa24f35e1b516d23)
Start importing Assets/Images/starParticle2.png using Guid(fe3c2d91370a42839646fa2b045459a7) Importer(2089858483,0ecaa5967403d082aa24f35e1b516d23)  -> (artifact id: '3a8b7eb247ced95deadf39d24edfb5ac') in 0,011193 seconds
Number of updated asset objects reloaded before import = 0
Number of asset objects unloaded after import = 1
========================================================================
Received Import Request.
  Time since last request: 0,000046 seconds.
  path: Assets/Materials/cueInside-2.mat
  artifactKey: Guid(ff2879549c3e42f896067e7cdd4778aa) Importer(2089858483,0ecaa5967403d082aa24f35e1b516d23)
Start importing Assets/Materials/cueInside-2.mat using Guid(ff2879549c3e42f896067e7cdd4778aa) Importer(2089858483,0ecaa5967403d082aa24f35e1b516d23)  -> (artifact id: '6099fd65f1680a3a4e8cb3a5bcd79a78') in 0,003643 seconds
Number of updated asset objects reloaded before import = 0
Number of asset objects unloaded after import = 1
========================================================================
Received Import Request.
  Time since last request: 0,000085 seconds.
  path: Assets/Images/snooker-blue.png
  artifactKey: Guid(ad316e874fe4459c8220f243790a0842) Importer(2089858483,0ecaa5967403d082aa24f35e1b516d23)
Start importing Assets/Images/snooker-blue.png using Guid(ad316e874fe4459c8220f243790a0842) Importer(2089858483,0ecaa5967403d082aa24f35e1b516d23)  -> (artifact id: 'd91a5f14f1bca730ba3ce7473d6e9dee') in 0,010976 seconds
Number of updated asset objects reloaded before import = 0
Number of asset objects unloaded after import = 1
========================================================================
Received Import Request.
  Time since last request: 0,000072 seconds.
  path: Assets/Materials/defaultPrticleAddictive.mat
  artifactKey: Guid(97b0994404374874b909391ca9c4048f) Importer(2089858483,0ecaa5967403d082aa24f35e1b516d23)
Start importing Assets/Materials/defaultPrticleAddictive.mat using Guid(97b0994404374874b909391ca9c4048f) Importer(2089858483,0ecaa5967403d082aa24f35e1b516d23)  -> (artifact id: 'ad5319c9248bf21fabd6253e2808ae80') in 0,003720 seconds
Number of updated asset objects reloaded before import = 0
Number of asset objects unloaded after import = 2
========================================================================
Received Import Request.
  Time since last request: 0,000032 seconds.
  path: Assets/Images/starParticle3.png
  artifactKey: Guid(129f83dffb814110a203a82512c625f2) Importer(2089858483,0ecaa5967403d082aa24f35e1b516d23)
Start importing Assets/Images/starParticle3.png using Guid(129f83dffb814110a203a82512c625f2) Importer(2089858483,0ecaa5967403d082aa24f35e1b516d23)  -> (artifact id: '5e59f51004e5f106945f31904ae70f8c') in 0,013240 seconds
Number of updated asset objects reloaded before import = 0
Number of asset objects unloaded after import = 1
========================================================================
Received Import Request.
  Time since last request: 0,000044 seconds.
  path: Assets/Images/stick2_d1.png
  artifactKey: Guid(5279f7d940eb44fc8224cabece1b6dc1) Importer(2089858483,0ecaa5967403d082aa24f35e1b516d23)
Start importing Assets/Images/stick2_d1.png using Guid(5279f7d940eb44fc8224cabece1b6dc1) Importer(2089858483,0ecaa5967403d082aa24f35e1b516d23)  -> (artifact id: '4c3970677e005a1a047a5195411626cb') in 0,011028 seconds
Number of updated asset objects reloaded before import = 0
Number of asset objects unloaded after import = 1
========================================================================
Received Import Request.
  Time since last request: 0,000081 seconds.
  path: Assets/Images/selectCueBigBtn.png
  artifactKey: Guid(b679eed0b0cd4ab89f6b13dd17bd162e) Importer(2089858483,0ecaa5967403d082aa24f35e1b516d23)
Start importing Assets/Images/selectCueBigBtn.png using Guid(b679eed0b0cd4ab89f6b13dd17bd162e) Importer(2089858483,0ecaa5967403d082aa24f35e1b516d23)  -> (artifact id: 'd332d46d3764524d685517e15a421778') in 0,013912 seconds
Number of updated asset objects reloaded before import = 0
Number of asset objects unloaded after import = 3
========================================================================
Received Import Request.
  Time since last request: 0,000016 seconds.
  path: Assets/Images/stick1.png
  artifactKey: Guid(612e7449b70f48de9a61a5e0e9154e26) Importer(2089858483,0ecaa5967403d082aa24f35e1b516d23)
Start importing Assets/Images/stick1.png using Guid(612e7449b70f48de9a61a5e0e9154e26) Importer(2089858483,0ecaa5967403d082aa24f35e1b516d23)  -> (artifact id: 'c6dff7a6c4771f4693a3b069a8052e63') in 0,011718 seconds
Number of updated asset objects reloaded before import = 0
Number of asset objects unloaded after import = 1
========================================================================
Received Import Request.
  Time since last request: 0,000020 seconds.
  path: Assets/Materials/ball-uk-red.mat
  artifactKey: Guid(247da6e94440466d9133f4caad466713) Importer(2089858483,0ecaa5967403d082aa24f35e1b516d23)
Start importing Assets/Materials/ball-uk-red.mat using Guid(247da6e94440466d9133f4caad466713) Importer(2089858483,0ecaa5967403d082aa24f35e1b516d23)  -> (artifact id: 'ed7704d3fad5b0c1b8905f699a56fe67') in 0,004994 seconds
Number of updated asset objects reloaded before import = 0
Number of asset objects unloaded after import = 2
========================================================================
Received Import Request.
  Time since last request: 0,000086 seconds.
  path: Assets/Images/stick3.png
  artifactKey: Guid(641b4a9e9cd54400a7d68908bff2d033) Importer(2089858483,0ecaa5967403d082aa24f35e1b516d23)
Start importing Assets/Images/stick3.png using Guid(641b4a9e9cd54400a7d68908bff2d033) Importer(2089858483,0ecaa5967403d082aa24f35e1b516d23)  -> (artifact id: '0a210e3a9f662e7893cf2dc8af1c4e7a') in 0,012370 seconds
Number of updated asset objects reloaded before import = 0
Number of asset objects unloaded after import = 3
========================================================================
Received Import Request.
  Time since last request: 0,000015 seconds.
  path: Assets/Materials/3.mat
  artifactKey: Guid(054cec67f43b46308c5559eb2a7ebbb0) Importer(2089858483,0ecaa5967403d082aa24f35e1b516d23)
Start importing Assets/Materials/3.mat using Guid(054cec67f43b46308c5559eb2a7ebbb0) Importer(2089858483,0ecaa5967403d082aa24f35e1b516d23)  -> (artifact id: '573f68ffc0b6ff95d3d009b912a57b50') in 0,004198 seconds
Number of updated asset objects reloaded before import = 0
Number of asset objects unloaded after import = 2
========================================================================
Received Import Request.
  Time since last request: 0,000038 seconds.
  path: Assets/Materials/ground0.mat
  artifactKey: Guid(63e0d9127cd048938e7df36e2d4596b0) Importer(2089858483,0ecaa5967403d082aa24f35e1b516d23)
Start importing Assets/Materials/ground0.mat using Guid(63e0d9127cd048938e7df36e2d4596b0) Importer(2089858483,0ecaa5967403d082aa24f35e1b516d23)  -> (artifact id: 'ce983573d11298fbfac8cfbeaace647a') in 0,008899 seconds
Number of updated asset objects reloaded before import = 0
Number of asset objects unloaded after import = 2
========================================================================
Received Import Request.
  Time since last request: 0,000054 seconds.
  path: Assets/Materials/Font Material_d1.mat
  artifactKey: Guid(b6efb946378e46768dd856eed5285368) Importer(2089858483,0ecaa5967403d082aa24f35e1b516d23)
Start importing Assets/Materials/Font Material_d1.mat using Guid(b6efb946378e46768dd856eed5285368) Importer(2089858483,0ecaa5967403d082aa24f35e1b516d23)  -> (artifact id: '09998786dbf9877a491c75e84c01bbae') in 0,005389 seconds
Number of updated asset objects reloaded before import = 0
Number of asset objects unloaded after import = 1
========================================================================
Received Import Request.
  Time since last request: 0,000037 seconds.
  path: Assets/Materials/ball-uk-yellow.mat
  artifactKey: Guid(38d2f78fc5864b95a068a80eaeb9127a) Importer(2089858483,0ecaa5967403d082aa24f35e1b516d23)
Start importing Assets/Materials/ball-uk-yellow.mat using Guid(38d2f78fc5864b95a068a80eaeb9127a) Importer(2089858483,0ecaa5967403d082aa24f35e1b516d23)  -> (artifact id: 'c965cf7b6e3cba86d4f4df931bd460be') in 0,004930 seconds
Number of updated asset objects reloaded before import = 0
Number of asset objects unloaded after import = 2
========================================================================
Received Import Request.
  Time since last request: 0,000015 seconds.
  path: Assets/Materials/diamonds.mat
  artifactKey: Guid(fdc7ac77467048a6b49ba604c7166745) Importer(2089858483,0ecaa5967403d082aa24f35e1b516d23)
Start importing Assets/Materials/diamonds.mat using Guid(fdc7ac77467048a6b49ba604c7166745) Importer(2089858483,0ecaa5967403d082aa24f35e1b516d23)  -> (artifact id: 'ded3b94c64ed6c0066eb28eb49e383b4') in 0,003803 seconds
Number of updated asset objects reloaded before import = 0
Number of asset objects unloaded after import = 2
========================================================================
Received Import Request.
  Time since last request: 0,000015 seconds.
  path: Assets/Images/setPowerFill.png
  artifactKey: Guid(e65e9be062e94aa3a10147e41b45c782) Importer(2089858483,0ecaa5967403d082aa24f35e1b516d23)
Start importing Assets/Images/setPowerFill.png using Guid(e65e9be062e94aa3a10147e41b45c782) Importer(2089858483,0ecaa5967403d082aa24f35e1b516d23)  -> (artifact id: '0590bca3f4389e0e910bb057087c1e27') in 0,012863 seconds
Number of updated asset objects reloaded before import = 0
Number of asset objects unloaded after import = 3
========================================================================
Received Import Request.
  Time since last request: 0,000163 seconds.
  path: Assets/Images/strikeBtn.png
  artifactKey: Guid(f1d24d5fbc7e4e1d877de4d3a916b21a) Importer(2089858483,0ecaa5967403d082aa24f35e1b516d23)
Start importing Assets/Images/strikeBtn.png using Guid(f1d24d5fbc7e4e1d877de4d3a916b21a) Importer(2089858483,0ecaa5967403d082aa24f35e1b516d23)  -> (artifact id: '3a2f20728a54544fc936040633c603b9') in 0,021522 seconds
Number of updated asset objects reloaded before import = 0
Number of asset objects unloaded after import = 3
========================================================================
Received Import Request.
  Time since last request: 0,000019 seconds.
  path: Assets/Images/highScoresBadge.png
  artifactKey: Guid(d390cea4c53541ee83e263f738a05db9) Importer(2089858483,0ecaa5967403d082aa24f35e1b516d23)
Start importing Assets/Images/highScoresBadge.png using Guid(d390cea4c53541ee83e263f738a05db9) Importer(2089858483,0ecaa5967403d082aa24f35e1b516d23)  -> (artifact id: '2cd3997ffbf1c52e7849ab59ff6a6b08') in 0,018677 seconds
Number of updated asset objects reloaded before import = 0
Number of asset objects unloaded after import = 3
========================================================================
Received Import Request.
  Time since last request: 0,000020 seconds.
  path: Assets/Images/guideMainLine.png
  artifactKey: Guid(59e485d6365a4bc8b8ba09ba393462fa) Importer(2089858483,0ecaa5967403d082aa24f35e1b516d23)
Start importing Assets/Images/guideMainLine.png using Guid(59e485d6365a4bc8b8ba09ba393462fa) Importer(2089858483,0ecaa5967403d082aa24f35e1b516d23)  -> (artifact id: '173fb5474b804a67e120e51b834c0cbf') in 0,013738 seconds
Number of updated asset objects reloaded before import = 0
Number of asset objects unloaded after import = 1
========================================================================
Received Import Request.
  Time since last request: 0,193995 seconds.
  path: Assets/Materials/snooker-blue.mat
  artifactKey: Guid(28eedea95939485099c2eb6008497489) Importer(2089858483,0ecaa5967403d082aa24f35e1b516d23)
Start importing Assets/Materials/snooker-blue.mat using Guid(28eedea95939485099c2eb6008497489) Importer(2089858483,0ecaa5967403d082aa24f35e1b516d23)  -> (artifact id: 'b5e64326f0051c39f969109feb11234d') in 0,005490 seconds
Number of updated asset objects reloaded before import = 0
Number of asset objects unloaded after import = 2
========================================================================
Received Import Request.
  Time since last request: 0,000047 seconds.
  path: Assets/Meshs/diamonds.asset
  artifactKey: Guid(b53a0a6f8b3148de845907617ad561b1) Importer(2089858483,0ecaa5967403d082aa24f35e1b516d23)
Start importing Assets/Meshs/diamonds.asset using Guid(b53a0a6f8b3148de845907617ad561b1) Importer(2089858483,0ecaa5967403d082aa24f35e1b516d23)  -> (artifact id: '41501587a8762d188e10e67bca84ef74') in 0,006110 seconds
Number of updated asset objects reloaded before import = 0
Number of asset objects unloaded after import = 1
========================================================================
Received Import Request.
  Time since last request: 0,000025 seconds.
  path: Assets/Materials/starParticle2.mat
  artifactKey: Guid(ac738848bc6843ad824268afe339bd33) Importer(2089858483,0ecaa5967403d082aa24f35e1b516d23)
Start importing Assets/Materials/starParticle2.mat using Guid(ac738848bc6843ad824268afe339bd33) Importer(2089858483,0ecaa5967403d082aa24f35e1b516d23)  -> (artifact id: 'f7205202eb61ad02a9f0fa67022f72f3') in 0,005365 seconds
Number of updated asset objects reloaded before import = 0
Number of asset objects unloaded after import = 2
========================================================================
Received Import Request.
  Time since last request: 0,000290 seconds.
  path: Assets/Resources/guiballs/1.png
  artifactKey: Guid(e73afc67999e47e8a3404497c45e1f54) Importer(2089858483,0ecaa5967403d082aa24f35e1b516d23)
Start importing Assets/Resources/guiballs/1.png using Guid(e73afc67999e47e8a3404497c45e1f54) Importer(2089858483,0ecaa5967403d082aa24f35e1b516d23)  -> (artifact id: '421c1d50415d3f37164f9f7b56d61711') in 0,018266 seconds
Number of updated asset objects reloaded before import = 0
Number of asset objects unloaded after import = 3
========================================================================
Received Import Request.
  Time since last request: 0,000021 seconds.
  path: Assets/Materials/snooker-red.mat
  artifactKey: Guid(86ef9236a455418eb1d6f78a499ce320) Importer(2089858483,0ecaa5967403d082aa24f35e1b516d23)
Start importing Assets/Materials/snooker-red.mat using Guid(86ef9236a455418eb1d6f78a499ce320) Importer(2089858483,0ecaa5967403d082aa24f35e1b516d23)  -> (artifact id: '10bc0ee53b70690a8ddc94a3bddca947') in 0,005172 seconds
Number of updated asset objects reloaded before import = 0
Number of asset objects unloaded after import = 2
========================================================================
Received Import Request.
  Time since last request: 0,000017 seconds.
  path: Assets/Materials/snooker-cueBall.mat
  artifactKey: Guid(eaaf2166c0dc4165877d6347e1fc6db5) Importer(2089858483,0ecaa5967403d082aa24f35e1b516d23)
Start importing Assets/Materials/snooker-cueBall.mat using Guid(eaaf2166c0dc4165877d6347e1fc6db5) Importer(2089858483,0ecaa5967403d082aa24f35e1b516d23)  -> (artifact id: '3800dee6a03f90303cdeabcfde80b3ce') in 0,005566 seconds
Number of updated asset objects reloaded before import = 0
Number of asset objects unloaded after import = 2
========================================================================
Received Import Request.
  Time since last request: 0,000553 seconds.
  path: Assets/Resources/avatars/10.png
  artifactKey: Guid(c399ada136874ad3b2b7278157c64a64) Importer(2089858483,0ecaa5967403d082aa24f35e1b516d23)
Start importing Assets/Resources/avatars/10.png using Guid(c399ada136874ad3b2b7278157c64a64) Importer(2089858483,0ecaa5967403d082aa24f35e1b516d23)  -> (artifact id: 'd9fe2905b1d9a0c1b402e277d3456b4e') in 0,019090 seconds
Number of updated asset objects reloaded before import = 0
Number of asset objects unloaded after import = 3
========================================================================
Received Import Request.
  Time since last request: 0,000024 seconds.
  path: Assets/Materials/wall2.mat
  artifactKey: Guid(5f830a091fd146f0a8604b578bbe27c7) Importer(2089858483,0ecaa5967403d082aa24f35e1b516d23)
Start importing Assets/Materials/wall2.mat using Guid(5f830a091fd146f0a8604b578bbe27c7) Importer(2089858483,0ecaa5967403d082aa24f35e1b516d23)  -> (artifact id: 'aa6241e9d1fcdb9c3261b7aeaa2cf758') in 0,004127 seconds
Number of updated asset objects reloaded before import = 0
Number of asset objects unloaded after import = 2
========================================================================
Received Import Request.
  Time since last request: 0,000067 seconds.
  path: Assets/Resources/eghsmedals/medalBronze.png
  artifactKey: Guid(3608de2a363e41a9b10dca5bcc38e098) Importer(2089858483,0ecaa5967403d082aa24f35e1b516d23)
Start importing Assets/Resources/eghsmedals/medalBronze.png using Guid(3608de2a363e41a9b10dca5bcc38e098) Importer(2089858483,0ecaa5967403d082aa24f35e1b516d23)  -> (artifact id: '1e184a3f71a4e308d4b2d787adcd6f28') in 0,014581 seconds
Number of updated asset objects reloaded before import = 0
Number of asset objects unloaded after import = 3
========================================================================
Received Import Request.
  Time since last request: 0,000016 seconds.
  path: Assets/Materials/table-wood.mat
  artifactKey: Guid(998d0545b530408bafd2b809f218c669) Importer(2089858483,0ecaa5967403d082aa24f35e1b516d23)
Start importing Assets/Materials/table-wood.mat using Guid(998d0545b530408bafd2b809f218c669) Importer(2089858483,0ecaa5967403d082aa24f35e1b516d23)  -> (artifact id: 'b02db8f15a277c3cede9b3289fc0c946') in 0,004516 seconds
Number of updated asset objects reloaded before import = 0
Number of asset objects unloaded after import = 2
========================================================================
Received Import Request.
  Time since last request: 0,000025 seconds.
  path: Assets/Resources/guiballs/12.png
  artifactKey: Guid(9344ec98550747b59e95cf5cef5062e0) Importer(2089858483,0ecaa5967403d082aa24f35e1b516d23)
Start importing Assets/Resources/guiballs/12.png using Guid(9344ec98550747b59e95cf5cef5062e0) Importer(2089858483,0ecaa5967403d082aa24f35e1b516d23)  -> (artifact id: '17fbbc3006cf14da330489c037a70dbb') in 0,014414 seconds
Number of updated asset objects reloaded before import = 0
Number of asset objects unloaded after import = 3
========================================================================
Received Import Request.
  Time since last request: 0,000112 seconds.
  path: Assets/Meshs/topBoard.asset
  artifactKey: Guid(a5ade19f4ad74802956c5d96429598c6) Importer(2089858483,0ecaa5967403d082aa24f35e1b516d23)
Start importing Assets/Meshs/topBoard.asset using Guid(a5ade19f4ad74802956c5d96429598c6) Importer(2089858483,0ecaa5967403d082aa24f35e1b516d23)  -> (artifact id: '0d991fe102ea99a2077d8a2945fb720c') in 0,004336 seconds
Number of updated asset objects reloaded before import = 0
Number of asset objects unloaded after import = 1
========================================================================
Received Import Request.
  Time since last request: 0,000145 seconds.
  path: Assets/Resources/guiballs/15.png
  artifactKey: Guid(e3a63e5c9e6646908c83d7cc3b4d5205) Importer(2089858483,0ecaa5967403d082aa24f35e1b516d23)
Start importing Assets/Resources/guiballs/15.png using Guid(e3a63e5c9e6646908c83d7cc3b4d5205) Importer(2089858483,0ecaa5967403d082aa24f35e1b516d23)  -> (artifact id: 'b971e1ad3ade2b5e0b27fd86cef92845') in 0,022062 seconds
Number of updated asset objects reloaded before import = 0
Number of asset objects unloaded after import = 3
========================================================================
Received Import Request.
  Time since last request: 0,000017 seconds.
  path: Assets/Scripts/mainScript.cs
  artifactKey: Guid(06a98d4c8f410581f5afaf5041088d20) Importer(2089858483,0ecaa5967403d082aa24f35e1b516d23)
Start importing Assets/Scripts/mainScript.cs using Guid(06a98d4c8f410581f5afaf5041088d20) Importer(2089858483,0ecaa5967403d082aa24f35e1b516d23)  -> (artifact id: '8bd20e5a3dbf3e2ca009b5d1adea3785') in 0,004185 seconds
Number of updated asset objects reloaded before import = 0
Number of asset objects unloaded after import = 1
========================================================================
Received Import Request.
  Time since last request: 0,000049 seconds.
  path: Assets/Scripts/newGamePromo.cs
  artifactKey: Guid(9b85ab1fd376b14516bd1fa4b6260fa1) Importer(2089858483,0ecaa5967403d082aa24f35e1b516d23)
Start importing Assets/Scripts/newGamePromo.cs using Guid(9b85ab1fd376b14516bd1fa4b6260fa1) Importer(2089858483,0ecaa5967403d082aa24f35e1b516d23)  -> (artifact id: '657461637baa1bbdd1a1f2284019a558') in 0,004760 seconds
Number of updated asset objects reloaded before import = 0
Number of asset objects unloaded after import = 1
========================================================================
Received Import Request.
  Time since last request: 0,000604 seconds.
  path: Assets/Meshs/stick5mesh.asset
  artifactKey: Guid(32f95718316c46ae8f9c4421f9f6fbf8) Importer(2089858483,0ecaa5967403d082aa24f35e1b516d23)
Start importing Assets/Meshs/stick5mesh.asset using Guid(32f95718316c46ae8f9c4421f9f6fbf8) Importer(2089858483,0ecaa5967403d082aa24f35e1b516d23)  -> (artifact id: '42ca20fc68414a5ea71a557517123971') in 0,004326 seconds
Number of updated asset objects reloaded before import = 0
Number of asset objects unloaded after import = 1
========================================================================
Received Import Request.
  Time since last request: 0,000058 seconds.
  path: Assets/Materials/top-green.mat
  artifactKey: Guid(88e6b45c9a504f01a3f53eb43fa30c5c) Importer(2089858483,0ecaa5967403d082aa24f35e1b516d23)
Start importing Assets/Materials/top-green.mat using Guid(88e6b45c9a504f01a3f53eb43fa30c5c) Importer(2089858483,0ecaa5967403d082aa24f35e1b516d23)  -> (artifact id: 'e9a9f8c9158af59663e23ee0b739d1a5') in 0,005590 seconds
Number of updated asset objects reloaded before import = 0
Number of asset objects unloaded after import = 2
========================================================================
Received Import Request.
  Time since last request: 0,000025 seconds.
  path: Assets/Scripts/uiPingPongAnim.cs
  artifactKey: Guid(799c8860777306c8d7cb705cb8fb96ec) Importer(2089858483,0ecaa5967403d082aa24f35e1b516d23)
Start importing Assets/Scripts/uiPingPongAnim.cs using Guid(799c8860777306c8d7cb705cb8fb96ec) Importer(2089858483,0ecaa5967403d082aa24f35e1b516d23)  -> (artifact id: '777ee8921ce65fd1bcd5ad6db947b3d7') in 0,003502 seconds
Number of updated asset objects reloaded before import = 0
Number of asset objects unloaded after import = 1
========================================================================
Received Import Request.
  Time since last request: 0,000122 seconds.
  path: Assets/Scripts/holesTrigger.cs
  artifactKey: Guid(83ea1402d0a90d7f50b6bc56adabd616) Importer(2089858483,0ecaa5967403d082aa24f35e1b516d23)
Start importing Assets/Scripts/holesTrigger.cs using Guid(83ea1402d0a90d7f50b6bc56adabd616) Importer(2089858483,0ecaa5967403d082aa24f35e1b516d23)  -> (artifact id: 'f13a11898e87974a41d2fd48eae8e5ae') in 0,004253 seconds
Number of updated asset objects reloaded before import = 0
Number of asset objects unloaded after import = 1
========================================================================
Received Import Request.
  Time since last request: 0,341069 seconds.
  path: Assets/Resources/guiballs/19.png
  artifactKey: Guid(27dae4aa45a74abdb12f191c41bf8b6b) Importer(2089858483,0ecaa5967403d082aa24f35e1b516d23)
Start importing Assets/Resources/guiballs/19.png using Guid(27dae4aa45a74abdb12f191c41bf8b6b) Importer(2089858483,0ecaa5967403d082aa24f35e1b516d23)  -> (artifact id: 'f88ece7903f27a9e9b6e4920243bde63') in 0,015505 seconds
Number of updated asset objects reloaded before import = 0
Number of asset objects unloaded after import = 3
========================================================================
Received Import Request.
  Time since last request: 0,000046 seconds.
  path: Assets/Resources/tabletextures/2.png
  artifactKey: Guid(37c1a3a7fdaf43289d2cab22fabce494) Importer(2089858483,0ecaa5967403d082aa24f35e1b516d23)
Start importing Assets/Resources/tabletextures/2.png using Guid(37c1a3a7fdaf43289d2cab22fabce494) Importer(2089858483,0ecaa5967403d082aa24f35e1b516d23)  -> (artifact id: 'aaad4e3a5c06ea57da887f068ea476c1') in 0,012167 seconds
Number of updated asset objects reloaded before import = 0
Number of asset objects unloaded after import = 1
========================================================================
Received Import Request.
  Time since last request: 0,000074 seconds.
  path: Assets/Resources/sounds/ballHit0.wav
  artifactKey: Guid(83009ec6012f4945b44c362f45c0bf56) Importer(2089858483,0ecaa5967403d082aa24f35e1b516d23)
Start importing Assets/Resources/sounds/ballHit0.wav using Guid(83009ec6012f4945b44c362f45c0bf56) Importer(2089858483,0ecaa5967403d082aa24f35e1b516d23)  -> (artifact id: '03e51c90f63fa46822aba849f3004985') in 0,059100 seconds
Number of updated asset objects reloaded before import = 0
Number of asset objects unloaded after import = 1
========================================================================
Received Import Request.
  Time since last request: 0,000020 seconds.
  path: Assets/Resources/tabletextures/3.png
  artifactKey: Guid(508c586f77a14d5d8577aa4174c22148) Importer(2089858483,0ecaa5967403d082aa24f35e1b516d23)
Start importing Assets/Resources/tabletextures/3.png using Guid(508c586f77a14d5d8577aa4174c22148) Importer(2089858483,0ecaa5967403d082aa24f35e1b516d23)  -> (artifact id: 'fc9fecb929b7050951001f44593eef50') in 0,010678 seconds
Number of updated asset objects reloaded before import = 0
Number of asset objects unloaded after import = 1
========================================================================
Received Import Request.
  Time since last request: 0,000046 seconds.
  path: Assets/Resources/tabletextures/1.png
  artifactKey: Guid(9bebcbdf0d894b0cb9eb7033362fc399) Importer(2089858483,0ecaa5967403d082aa24f35e1b516d23)
Start importing Assets/Resources/tabletextures/1.png using Guid(9bebcbdf0d894b0cb9eb7033362fc399) Importer(2089858483,0ecaa5967403d082aa24f35e1b516d23)  -> (artifact id: '8832da5ef07d3d4d81a21fb07291c179') in 0,011708 seconds
Number of updated asset objects reloaded before import = 0
Number of asset objects unloaded after import = 1
========================================================================
Received Import Request.
  Time since last request: 0,000028 seconds.
  path: Assets/Resources/sounds/ballPocket0.wav
  artifactKey: Guid(e8a66640c4014cacba721ed4548c8c63) Importer(2089858483,0ecaa5967403d082aa24f35e1b516d23)
Start importing Assets/Resources/sounds/ballPocket0.wav using Guid(e8a66640c4014cacba721ed4548c8c63) Importer(2089858483,0ecaa5967403d082aa24f35e1b516d23)  -> (artifact id: 'de03cef9e9e4b400e1361e63b0888bf2') in 0,051999 seconds
Number of updated asset objects reloaded before import = 0
Number of asset objects unloaded after import = 1
========================================================================
Received Import Request.
  Time since last request: 0,000058 seconds.
  path: Assets/Resources/guiballs/24.png
  artifactKey: Guid(153b94264f7d48d2b1964fc46e8a8256) Importer(2089858483,0ecaa5967403d082aa24f35e1b516d23)
Start importing Assets/Resources/guiballs/24.png using Guid(153b94264f7d48d2b1964fc46e8a8256) Importer(2089858483,0ecaa5967403d082aa24f35e1b516d23)  -> (artifact id: '62b536605bb82804763ea823ca0583cd') in 0,013963 seconds
Number of updated asset objects reloaded before import = 0
Number of asset objects unloaded after import = 3
========================================================================
Received Import Request.
  Time since last request: 0,000023 seconds.
  path: Assets/Resources/tablepatterns/7.png
  artifactKey: Guid(426d31bd74f84298a55bab07fda171f1) Importer(2089858483,0ecaa5967403d082aa24f35e1b516d23)
Start importing Assets/Resources/tablepatterns/7.png using Guid(426d31bd74f84298a55bab07fda171f1) Importer(2089858483,0ecaa5967403d082aa24f35e1b516d23)  -> (artifact id: '9a921bad83b6045bf68631c4e4e0b417') in 0,012492 seconds
Number of updated asset objects reloaded before import = 0
Number of asset objects unloaded after import = 1
========================================================================
Received Import Request.
  Time since last request: 0,000072 seconds.
  path: Assets/Resources/avatars/set2/0.png
  artifactKey: Guid(2b81f7147690412185c6876a15cd86a7) Importer(2089858483,0ecaa5967403d082aa24f35e1b516d23)
Start importing Assets/Resources/avatars/set2/0.png using Guid(2b81f7147690412185c6876a15cd86a7) Importer(2089858483,0ecaa5967403d082aa24f35e1b516d23)  -> (artifact id: 'ecf5fa9f8493182342949a500b641a75') in 0,018043 seconds
Number of updated asset objects reloaded before import = 0
Number of asset objects unloaded after import = 3
========================================================================
Received Import Request.
  Time since last request: 0,000020 seconds.
  path: Assets/Resources/avatars/set2/8.png
  artifactKey: Guid(b927d353bf2d4551a7c24739c58020b8) Importer(2089858483,0ecaa5967403d082aa24f35e1b516d23)
Start importing Assets/Resources/avatars/set2/8.png using Guid(b927d353bf2d4551a7c24739c58020b8) Importer(2089858483,0ecaa5967403d082aa24f35e1b516d23)  -> (artifact id: '2aa384d2a293073db622e5e055e26fa5') in 0,018373 seconds
Number of updated asset objects reloaded before import = 0
Number of asset objects unloaded after import = 3
========================================================================
Received Import Request.
  Time since last request: 0,001288 seconds.
  path: Assets/Resources/avatars/set2/2.png
  artifactKey: Guid(8821764707904b4482b87b5b144860a5) Importer(2089858483,0ecaa5967403d082aa24f35e1b516d23)
Start importing Assets/Resources/avatars/set2/2.png using Guid(8821764707904b4482b87b5b144860a5) Importer(2089858483,0ecaa5967403d082aa24f35e1b516d23)  -> (artifact id: 'cf4ae309a73ea6ec3035508c8d76175d') in 0,018490 seconds
Number of updated asset objects reloaded before import = 0
Number of asset objects unloaded after import = 3
========================================================================
Received Import Request.
  Time since last request: 0,000052 seconds.
  path: Assets/Resources/sounds/ballPocket1.wav
  artifactKey: Guid(a969ee6957254f7a96e4b25bdf334c9a) Importer(2089858483,0ecaa5967403d082aa24f35e1b516d23)
Start importing Assets/Resources/sounds/ballPocket1.wav using Guid(a969ee6957254f7a96e4b25bdf334c9a) Importer(2089858483,0ecaa5967403d082aa24f35e1b516d23)  -> (artifact id: '767814cd572df89951f5516e7d39aa69') in 0,063036 seconds
Number of updated asset objects reloaded before import = 0
Number of asset objects unloaded after import = 1
========================================================================
Received Import Request.
  Time since last request: 0,000076 seconds.
  path: Assets/Resources/tablepatterns/6.png
  artifactKey: Guid(9b4f1c67ebb64c628f60a08754e58e7b) Importer(2089858483,0ecaa5967403d082aa24f35e1b516d23)
Start importing Assets/Resources/tablepatterns/6.png using Guid(9b4f1c67ebb64c628f60a08754e58e7b) Importer(2089858483,0ecaa5967403d082aa24f35e1b516d23)  -> (artifact id: '081a0a553f7671a257fc45ec46d21dde') in 0,020477 seconds
Number of updated asset objects reloaded before import = 0
Number of asset objects unloaded after import = 1
========================================================================
Received Import Request.
  Time since last request: 0,000045 seconds.
  path: Assets/Resources/guiballs/4.png
  artifactKey: Guid(b39d53e84ff84e9dbf53966f70aa2f46) Importer(2089858483,0ecaa5967403d082aa24f35e1b516d23)
Start importing Assets/Resources/guiballs/4.png using Guid(b39d53e84ff84e9dbf53966f70aa2f46) Importer(2089858483,0ecaa5967403d082aa24f35e1b516d23)  -> (artifact id: 'b6059315ee59048d44935e2ad3f04863') in 0,018732 seconds
Number of updated asset objects reloaded before import = 0
Number of asset objects unloaded after import = 3
========================================================================
Received Import Request.
  Time since last request: 0,000020 seconds.
  path: Assets/Resources/tablepatterns/2.png
  artifactKey: Guid(8434f95b79b7446fab24b09bd63b264c) Importer(2089858483,0ecaa5967403d082aa24f35e1b516d23)
Start importing Assets/Resources/tablepatterns/2.png using Guid(8434f95b79b7446fab24b09bd63b264c) Importer(2089858483,0ecaa5967403d082aa24f35e1b516d23)  -> (artifact id: '241b85a2d044bf12569bd66c1cfedbaf') in 0,015806 seconds
Number of updated asset objects reloaded before import = 0
Number of asset objects unloaded after import = 1
========================================================================
Received Import Request.
  Time since last request: 0,000146 seconds.
  path: Assets/Resources/sounds/railHit.wav
  artifactKey: Guid(cff839caa1504fd38818e887232b7058) Importer(2089858483,0ecaa5967403d082aa24f35e1b516d23)
Start importing Assets/Resources/sounds/railHit.wav using Guid(cff839caa1504fd38818e887232b7058) Importer(2089858483,0ecaa5967403d082aa24f35e1b516d23)  -> (artifact id: '77435efb891c460af2052b32f26bec5b') in 0,043036 seconds
Number of updated asset objects reloaded before import = 0
Number of asset objects unloaded after import = 1
========================================================================
Received Import Request.
  Time since last request: 0,000221 seconds.
  path: Assets/Resources/musics/LiftMeUp.wav
  artifactKey: Guid(397a74731ab4448089483caefaaa392d) Importer(2089858483,0ecaa5967403d082aa24f35e1b516d23)
Start importing Assets/Resources/musics/LiftMeUp.wav using Guid(397a74731ab4448089483caefaaa392d) Importer(2089858483,0ecaa5967403d082aa24f35e1b516d23)  -> (artifact id: 'a69e37e942f2ef9bc88b97a8cc7d12eb') in 0,520304 seconds
Number of updated asset objects reloaded before import = 0
Number of asset objects unloaded after import = 1
========================================================================
Received Prepare
Begin MonoManager ReloadAssembly
- Loaded All Assemblies, in  0,572 seconds
Refreshing native plugins compatible for Editor in 1,85 ms, found 0 plugins.
Native extension for LinuxStandalone target not found
Native extension for WindowsStandalone target not found
Native extension for WebGL target not found
[Package Manager] Server::EnsureServerProcessIsRunning -- launch failed, reason: Unity was launched with the -noUpm command-line argument
[Package Manager] UpmClient::Send -- Unable to send message (not connected to UPM process).
[Package Manager] Cannot connect to Unity Package Manager local server
Mono: successfully reloaded assembly
- Finished resetting the current domain, in  0,812 seconds
Domain Reload Profiling: 1383ms
	BeginReloadAssembly (264ms)
		ExecutionOrderSort (0ms)
		DisableScriptedObjects (7ms)
		BackupInstance (0ms)
		ReleaseScriptingObjects (0ms)
		CreateAndSetChildDomain (53ms)
	RebuildCommonClasses (51ms)
	RebuildNativeTypeToScriptingClass (14ms)
	initialDomainReloadingComplete (37ms)
	LoadAllAssembliesAndSetupDomain (204ms)
		LoadAssemblies (265ms)
		RebuildTransferFunctionScriptingTraits (0ms)
		AnalyzeDomain (26ms)
			TypeCache.Refresh (11ms)
				TypeCache.ScanAssembly (2ms)
			ScanForSourceGeneratedMonoScriptInfo (10ms)
			ResolveRequiredComponents (3ms)
	FinalizeReload (813ms)
		ReleaseScriptCaches (0ms)
		RebuildScriptCaches (0ms)
		SetupLoadedEditorAssemblies (475ms)
			LogAssemblyErrors (0ms)
			InitializePlatformSupportModulesInManaged (54ms)
			SetLoadedEditorAssemblies (5ms)
			RefreshPlugins (0ms)
			BeforeProcessingInitializeOnLoad (58ms)
			ProcessInitializeOnLoadAttributes (322ms)
			ProcessInitializeOnLoadMethodAttributes (29ms)
			AfterProcessingInitializeOnLoad (8ms)
			EditorAssembliesLoaded (0ms)
		ExecutionOrderSort2 (0ms)
		AwakeInstancesAfterBackupRestoration (4ms)
Refreshing native plugins compatible for Editor in 1,79 ms, found 0 plugins.
Preloading 0 native plugins for Editor in 0,00 ms.
Unloading 1554 Unused Serialized files (Serialized files now loaded: 0)
Unloading 32 unused Assets / (35,8 KB). Loaded Objects now: 2027.
Memory consumption went from 83,4 MB to 83,3 MB.
Total: 5,303584 ms (FindLiveObjects: 0,252283 ms CreateObjectMapping: 0,081172 ms MarkObjects: 4,820489 ms  DeleteObjects: 0,147677 ms)

Prepare: number of updated asset objects reloaded= 0
AssetImportParameters requested are different than current active one (requested -> active):
  custom:video-encoder-webm-vp8: eb34c28f22e8b96e1ab97ce403110664 -> 
  custom:video-decoder-webm-vp8: 9c59270c3fd7afecdb556c50c9e8de78 -> 
  custom:audio-decoder-ogg-vorbis: bf7c407c2cedff20999df2af8eb42d56 -> 
  custom:SearchIndexIgnoredProperties: e643bd26f0fe6173181afceb89e7c659 -> 
  custom:container-demuxer-ogg: 62fdf1f143b41e24485cea50d1cbac27 -> 
  custom:AudioImporter_EditorPlatform: 2f0ff77a95e0ac474e3e8eeba4e2f7cb -> 
  custom:CustomObjectIndexerAttribute: 232f87dd983dbecb2a4e21e08eb2cef8 -> 
  custom:container-demuxer-webm: 4f35f7cbe854078d1ac9338744f61a02 -> 
  custom:video-decoder-ogg-theora: a1e56fd34408186e4bbccfd4996cb3dc -> 
  custom:audio-encoder-webm-vorbis: bf7c407c2cedff20999df2af8eb42d56 -> 
  custom:container-muxer-webm: aa71ff27fc2769a1b78a27578f13a17b -> 
========================================================================
Received Prepare
Begin MonoManager ReloadAssembly
- Loaded All Assemblies, in  0,533 seconds
Refreshing native plugins compatible for Editor in 1,90 ms, found 0 plugins.
Native extension for LinuxStandalone target not found
Native extension for WindowsStandalone target not found
Native extension for WebGL target not found
[Package Manager] Server::EnsureServerProcessIsRunning -- launch failed, reason: Unity was launched with the -noUpm command-line argument
[Package Manager] UpmClient::Send -- Unable to send message (not connected to UPM process).
[Package Manager] Cannot connect to Unity Package Manager local server
Mono: successfully reloaded assembly
- Finished resetting the current domain, in  0,978 seconds
Domain Reload Profiling: 1510ms
	BeginReloadAssembly (249ms)
		ExecutionOrderSort (0ms)
		DisableScriptedObjects (7ms)
		BackupInstance (0ms)
		ReleaseScriptingObjects (0ms)
		CreateAndSetChildDomain (40ms)
	RebuildCommonClasses (57ms)
	RebuildNativeTypeToScriptingClass (13ms)
	initialDomainReloadingComplete (37ms)
	LoadAllAssembliesAndSetupDomain (176ms)
		LoadAssemblies (232ms)
		RebuildTransferFunctionScriptingTraits (0ms)
		AnalyzeDomain (24ms)
			TypeCache.Refresh (10ms)
				TypeCache.ScanAssembly (1ms)
			ScanForSourceGeneratedMonoScriptInfo (9ms)
			ResolveRequiredComponents (3ms)
	FinalizeReload (979ms)
		ReleaseScriptCaches (0ms)
		RebuildScriptCaches (0ms)
		SetupLoadedEditorAssemblies (559ms)
			LogAssemblyErrors (0ms)
			InitializePlatformSupportModulesInManaged (59ms)
			SetLoadedEditorAssemblies (4ms)
			RefreshPlugins (0ms)
			BeforeProcessingInitializeOnLoad (58ms)
			ProcessInitializeOnLoadAttributes (373ms)
			ProcessInitializeOnLoadMethodAttributes (54ms)
			AfterProcessingInitializeOnLoad (10ms)
			EditorAssembliesLoaded (0ms)
		ExecutionOrderSort2 (0ms)
		AwakeInstancesAfterBackupRestoration (7ms)
Refreshing native plugins compatible for Editor in 1,85 ms, found 0 plugins.
Preloading 0 native plugins for Editor in 0,00 ms.
Unloading 1554 Unused Serialized files (Serialized files now loaded: 0)
Unloading 32 unused Assets / (35,9 KB). Loaded Objects now: 2030.
Memory consumption went from 83,4 MB to 83,3 MB.
Total: 4,552206 ms (FindLiveObjects: 0,203541 ms CreateObjectMapping: 0,047459 ms MarkObjects: 4,096622 ms  DeleteObjects: 0,202950 ms)

Prepare: number of updated asset objects reloaded= 0
AssetImportParameters requested are different than current active one (requested -> active):
  custom:video-encoder-webm-vp8: eb34c28f22e8b96e1ab97ce403110664 -> 
  custom:video-decoder-webm-vp8: 9c59270c3fd7afecdb556c50c9e8de78 -> 
  custom:audio-decoder-ogg-vorbis: bf7c407c2cedff20999df2af8eb42d56 -> 
  custom:SearchIndexIgnoredProperties: e643bd26f0fe6173181afceb89e7c659 -> 
  custom:container-demuxer-ogg: 62fdf1f143b41e24485cea50d1cbac27 -> 
  custom:AudioImporter_EditorPlatform: 2f0ff77a95e0ac474e3e8eeba4e2f7cb -> 
  custom:CustomObjectIndexerAttribute: 232f87dd983dbecb2a4e21e08eb2cef8 -> 
  custom:container-demuxer-webm: 4f35f7cbe854078d1ac9338744f61a02 -> 
  custom:video-decoder-ogg-theora: a1e56fd34408186e4bbccfd4996cb3dc -> 
  custom:audio-encoder-webm-vorbis: bf7c407c2cedff20999df2af8eb42d56 -> 
  custom:container-muxer-webm: aa71ff27fc2769a1b78a27578f13a17b -> 
========================================================================
Received Prepare
Begin MonoManager ReloadAssembly
- Loaded All Assemblies, in  0,512 seconds
Refreshing native plugins compatible for Editor in 1,91 ms, found 0 plugins.
Native extension for LinuxStandalone target not found
Native extension for WindowsStandalone target not found
Native extension for WebGL target not found
[Package Manager] Server::EnsureServerProcessIsRunning -- launch failed, reason: Unity was launched with the -noUpm command-line argument
[Package Manager] UpmClient::Send -- Unable to send message (not connected to UPM process).
[Package Manager] Cannot connect to Unity Package Manager local server
Mono: successfully reloaded assembly
- Finished resetting the current domain, in  1,000 seconds
Domain Reload Profiling: 1512ms
	BeginReloadAssembly (238ms)
		ExecutionOrderSort (0ms)
		DisableScriptedObjects (8ms)
		BackupInstance (0ms)
		ReleaseScriptingObjects (0ms)
		CreateAndSetChildDomain (37ms)
	RebuildCommonClasses (50ms)
	RebuildNativeTypeToScriptingClass (12ms)
	initialDomainReloadingComplete (38ms)
	LoadAllAssembliesAndSetupDomain (174ms)
		LoadAssemblies (224ms)
		RebuildTransferFunctionScriptingTraits (0ms)
		AnalyzeDomain (25ms)
			TypeCache.Refresh (10ms)
				TypeCache.ScanAssembly (1ms)
			ScanForSourceGeneratedMonoScriptInfo (9ms)
			ResolveRequiredComponents (3ms)
	FinalizeReload (1001ms)
		ReleaseScriptCaches (0ms)
		RebuildScriptCaches (0ms)
		SetupLoadedEditorAssemblies (584ms)
			LogAssemblyErrors (0ms)
			InitializePlatformSupportModulesInManaged (64ms)
			SetLoadedEditorAssemblies (5ms)
			RefreshPlugins (0ms)
			BeforeProcessingInitializeOnLoad (77ms)
			ProcessInitializeOnLoadAttributes (392ms)
			ProcessInitializeOnLoadMethodAttributes (36ms)
			AfterProcessingInitializeOnLoad (10ms)
			EditorAssembliesLoaded (0ms)
		ExecutionOrderSort2 (0ms)
		AwakeInstancesAfterBackupRestoration (4ms)
Refreshing native plugins compatible for Editor in 2,78 ms, found 0 plugins.
Preloading 0 native plugins for Editor in 0,00 ms.
Unloading 1554 Unused Serialized files (Serialized files now loaded: 0)
Unloading 32 unused Assets / (35,8 KB). Loaded Objects now: 2033.
Memory consumption went from 83,4 MB to 83,3 MB.
Total: 6,936726 ms (FindLiveObjects: 0,203351 ms CreateObjectMapping: 0,046507 ms MarkObjects: 6,412784 ms  DeleteObjects: 0,272030 ms)

Prepare: number of updated asset objects reloaded= 0
AssetImportParameters requested are different than current active one (requested -> active):
  custom:video-encoder-webm-vp8: eb34c28f22e8b96e1ab97ce403110664 -> 
  custom:video-decoder-webm-vp8: 9c59270c3fd7afecdb556c50c9e8de78 -> 
  custom:audio-decoder-ogg-vorbis: bf7c407c2cedff20999df2af8eb42d56 -> 
  custom:SearchIndexIgnoredProperties: e643bd26f0fe6173181afceb89e7c659 -> 
  custom:container-demuxer-ogg: 62fdf1f143b41e24485cea50d1cbac27 -> 
  custom:AudioImporter_EditorPlatform: 2f0ff77a95e0ac474e3e8eeba4e2f7cb -> 
  custom:CustomObjectIndexerAttribute: 232f87dd983dbecb2a4e21e08eb2cef8 -> 
  custom:container-demuxer-webm: 4f35f7cbe854078d1ac9338744f61a02 -> 
  custom:video-decoder-ogg-theora: a1e56fd34408186e4bbccfd4996cb3dc -> 
  custom:audio-encoder-webm-vorbis: bf7c407c2cedff20999df2af8eb42d56 -> 
  custom:container-muxer-webm: aa71ff27fc2769a1b78a27578f13a17b -> 
========================================================================
Received Prepare
Begin MonoManager ReloadAssembly
- Loaded All Assemblies, in  0,501 seconds
Refreshing native plugins compatible for Editor in 1,95 ms, found 0 plugins.
Native extension for LinuxStandalone target not found
Native extension for WindowsStandalone target not found
Native extension for WebGL target not found
[Package Manager] Server::EnsureServerProcessIsRunning -- launch failed, reason: Unity was launched with the -noUpm command-line argument
[Package Manager] UpmClient::Send -- Unable to send message (not connected to UPM process).
[Package Manager] Cannot connect to Unity Package Manager local server
Mono: successfully reloaded assembly
- Finished resetting the current domain, in  0,821 seconds
Domain Reload Profiling: 1322ms
	BeginReloadAssembly (241ms)
		ExecutionOrderSort (0ms)
		DisableScriptedObjects (8ms)
		BackupInstance (0ms)
		ReleaseScriptingObjects (0ms)
		CreateAndSetChildDomain (39ms)
	RebuildCommonClasses (52ms)
	RebuildNativeTypeToScriptingClass (12ms)
	initialDomainReloadingComplete (37ms)
	LoadAllAssembliesAndSetupDomain (158ms)
		LoadAssemblies (222ms)
		RebuildTransferFunctionScriptingTraits (0ms)
		AnalyzeDomain (11ms)
			TypeCache.Refresh (5ms)
				TypeCache.ScanAssembly (0ms)
			ScanForSourceGeneratedMonoScriptInfo (0ms)
			ResolveRequiredComponents (4ms)
	FinalizeReload (821ms)
		ReleaseScriptCaches (0ms)
		RebuildScriptCaches (0ms)
		SetupLoadedEditorAssemblies (476ms)
			LogAssemblyErrors (0ms)
			InitializePlatformSupportModulesInManaged (61ms)
			SetLoadedEditorAssemblies (6ms)
			RefreshPlugins (0ms)
			BeforeProcessingInitializeOnLoad (58ms)
			ProcessInitializeOnLoadAttributes (314ms)
			ProcessInitializeOnLoadMethodAttributes (29ms)
			AfterProcessingInitializeOnLoad (8ms)
			EditorAssembliesLoaded (0ms)
		ExecutionOrderSort2 (0ms)
		AwakeInstancesAfterBackupRestoration (4ms)
Refreshing native plugins compatible for Editor in 1,82 ms, found 0 plugins.
Preloading 0 native plugins for Editor in 0,00 ms.
Unloading 1554 Unused Serialized files (Serialized files now loaded: 0)
Unloading 32 unused Assets / (35,8 KB). Loaded Objects now: 2036.
Memory consumption went from 83,4 MB to 83,4 MB.
Total: 4,145052 ms (FindLiveObjects: 0,186971 ms CreateObjectMapping: 0,045846 ms MarkObjects: 3,733811 ms  DeleteObjects: 0,177233 ms)

Prepare: number of updated asset objects reloaded= 0
AssetImportParameters requested are different than current active one (requested -> active):
  custom:video-encoder-webm-vp8: eb34c28f22e8b96e1ab97ce403110664 -> 
  custom:video-decoder-webm-vp8: 9c59270c3fd7afecdb556c50c9e8de78 -> 
  custom:audio-decoder-ogg-vorbis: bf7c407c2cedff20999df2af8eb42d56 -> 
  custom:SearchIndexIgnoredProperties: e643bd26f0fe6173181afceb89e7c659 -> 
  custom:container-demuxer-ogg: 62fdf1f143b41e24485cea50d1cbac27 -> 
  custom:AudioImporter_EditorPlatform: 2f0ff77a95e0ac474e3e8eeba4e2f7cb -> 
  custom:CustomObjectIndexerAttribute: 232f87dd983dbecb2a4e21e08eb2cef8 -> 
  custom:container-demuxer-webm: 4f35f7cbe854078d1ac9338744f61a02 -> 
  custom:video-decoder-ogg-theora: a1e56fd34408186e4bbccfd4996cb3dc -> 
  custom:audio-encoder-webm-vorbis: bf7c407c2cedff20999df2af8eb42d56 -> 
  custom:container-muxer-webm: aa71ff27fc2769a1b78a27578f13a17b -> 
========================================================================
Received Prepare
Begin MonoManager ReloadAssembly
- Loaded All Assemblies, in  0,506 seconds
Refreshing native plugins compatible for Editor in 1,94 ms, found 0 plugins.
Native extension for LinuxStandalone target not found
Native extension for WindowsStandalone target not found
Native extension for WebGL target not found
[Package Manager] Server::EnsureServerProcessIsRunning -- launch failed, reason: Unity was launched with the -noUpm command-line argument
[Package Manager] UpmClient::Send -- Unable to send message (not connected to UPM process).
[Package Manager] Cannot connect to Unity Package Manager local server
Mono: successfully reloaded assembly
- Finished resetting the current domain, in  0,821 seconds
Domain Reload Profiling: 1327ms
	BeginReloadAssembly (243ms)
		ExecutionOrderSort (0ms)
		DisableScriptedObjects (7ms)
		BackupInstance (0ms)
		ReleaseScriptingObjects (0ms)
		CreateAndSetChildDomain (47ms)
	RebuildCommonClasses (48ms)
	RebuildNativeTypeToScriptingClass (12ms)
	initialDomainReloadingComplete (36ms)
	LoadAllAssembliesAndSetupDomain (166ms)
		LoadAssemblies (216ms)
		RebuildTransferFunctionScriptingTraits (0ms)
		AnalyzeDomain (24ms)
			TypeCache.Refresh (9ms)
				TypeCache.ScanAssembly (1ms)
			ScanForSourceGeneratedMonoScriptInfo (9ms)
			ResolveRequiredComponents (4ms)
	FinalizeReload (822ms)
		ReleaseScriptCaches (0ms)
		RebuildScriptCaches (0ms)
		SetupLoadedEditorAssemblies (481ms)
			LogAssemblyErrors (0ms)
			InitializePlatformSupportModulesInManaged (64ms)
			SetLoadedEditorAssemblies (4ms)
			RefreshPlugins (0ms)
			BeforeProcessingInitializeOnLoad (61ms)
			ProcessInitializeOnLoadAttributes (316ms)
			ProcessInitializeOnLoadMethodAttributes (29ms)
			AfterProcessingInitializeOnLoad (8ms)
			EditorAssembliesLoaded (0ms)
		ExecutionOrderSort2 (0ms)
		AwakeInstancesAfterBackupRestoration (4ms)
Refreshing native plugins compatible for Editor in 1,90 ms, found 0 plugins.
Preloading 0 native plugins for Editor in 0,00 ms.
Unloading 1554 Unused Serialized files (Serialized files now loaded: 0)
Unloading 32 unused Assets / (35,8 KB). Loaded Objects now: 2039.
Memory consumption went from 83,4 MB to 83,4 MB.
Total: 4,035537 ms (FindLiveObjects: 0,182953 ms CreateObjectMapping: 0,046297 ms MarkObjects: 3,640386 ms  DeleteObjects: 0,164899 ms)

Prepare: number of updated asset objects reloaded= 0
AssetImportParameters requested are different than current active one (requested -> active):
  custom:video-encoder-webm-vp8: eb34c28f22e8b96e1ab97ce403110664 -> 
  custom:video-decoder-webm-vp8: 9c59270c3fd7afecdb556c50c9e8de78 -> 
  custom:audio-decoder-ogg-vorbis: bf7c407c2cedff20999df2af8eb42d56 -> 
  custom:SearchIndexIgnoredProperties: e643bd26f0fe6173181afceb89e7c659 -> 
  custom:container-demuxer-ogg: 62fdf1f143b41e24485cea50d1cbac27 -> 
  custom:AudioImporter_EditorPlatform: 2f0ff77a95e0ac474e3e8eeba4e2f7cb -> 
  custom:CustomObjectIndexerAttribute: 232f87dd983dbecb2a4e21e08eb2cef8 -> 
  custom:container-demuxer-webm: 4f35f7cbe854078d1ac9338744f61a02 -> 
  custom:video-decoder-ogg-theora: a1e56fd34408186e4bbccfd4996cb3dc -> 
  custom:audio-encoder-webm-vorbis: bf7c407c2cedff20999df2af8eb42d56 -> 
  custom:container-muxer-webm: aa71ff27fc2769a1b78a27578f13a17b -> 
========================================================================
Received Prepare
Begin MonoManager ReloadAssembly
- Loaded All Assemblies, in  0,484 seconds
Refreshing native plugins compatible for Editor in 1,86 ms, found 0 plugins.
Native extension for LinuxStandalone target not found
Native extension for WindowsStandalone target not found
Native extension for WebGL target not found
[Package Manager] Server::EnsureServerProcessIsRunning -- launch failed, reason: Unity was launched with the -noUpm command-line argument
[Package Manager] UpmClient::Send -- Unable to send message (not connected to UPM process).
[Package Manager] Cannot connect to Unity Package Manager local server
Mono: successfully reloaded assembly
- Finished resetting the current domain, in  0,839 seconds
Domain Reload Profiling: 1322ms
	BeginReloadAssembly (231ms)
		ExecutionOrderSort (0ms)
		DisableScriptedObjects (7ms)
		BackupInstance (0ms)
		ReleaseScriptingObjects (0ms)
		CreateAndSetChildDomain (36ms)
	RebuildCommonClasses (50ms)
	RebuildNativeTypeToScriptingClass (12ms)
	initialDomainReloadingComplete (37ms)
	LoadAllAssembliesAndSetupDomain (153ms)
		LoadAssemblies (214ms)
		RebuildTransferFunctionScriptingTraits (0ms)
		AnalyzeDomain (11ms)
			TypeCache.Refresh (5ms)
				TypeCache.ScanAssembly (0ms)
			ScanForSourceGeneratedMonoScriptInfo (0ms)
			ResolveRequiredComponents (4ms)
	FinalizeReload (839ms)
		ReleaseScriptCaches (0ms)
		RebuildScriptCaches (0ms)
		SetupLoadedEditorAssemblies (478ms)
			LogAssemblyErrors (0ms)
			InitializePlatformSupportModulesInManaged (64ms)
			SetLoadedEditorAssemblies (4ms)
			RefreshPlugins (0ms)
			BeforeProcessingInitializeOnLoad (57ms)
			ProcessInitializeOnLoadAttributes (315ms)
			ProcessInitializeOnLoadMethodAttributes (30ms)
			AfterProcessingInitializeOnLoad (8ms)
			EditorAssembliesLoaded (0ms)
		ExecutionOrderSort2 (0ms)
		AwakeInstancesAfterBackupRestoration (5ms)
Refreshing native plugins compatible for Editor in 1,90 ms, found 0 plugins.
Preloading 0 native plugins for Editor in 0,00 ms.
Unloading 1554 Unused Serialized files (Serialized files now loaded: 0)
Unloading 32 unused Assets / (35,8 KB). Loaded Objects now: 2042.
Memory consumption went from 83,4 MB to 83,4 MB.
Total: 4,241714 ms (FindLiveObjects: 0,205685 ms CreateObjectMapping: 0,047269 ms MarkObjects: 3,809954 ms  DeleteObjects: 0,177724 ms)

Prepare: number of updated asset objects reloaded= 0
AssetImportParameters requested are different than current active one (requested -> active):
  custom:video-encoder-webm-vp8: eb34c28f22e8b96e1ab97ce403110664 -> 
  custom:video-decoder-webm-vp8: 9c59270c3fd7afecdb556c50c9e8de78 -> 
  custom:audio-decoder-ogg-vorbis: bf7c407c2cedff20999df2af8eb42d56 -> 
  custom:SearchIndexIgnoredProperties: e643bd26f0fe6173181afceb89e7c659 -> 
  custom:container-demuxer-ogg: 62fdf1f143b41e24485cea50d1cbac27 -> 
  custom:AudioImporter_EditorPlatform: 2f0ff77a95e0ac474e3e8eeba4e2f7cb -> 
  custom:CustomObjectIndexerAttribute: 232f87dd983dbecb2a4e21e08eb2cef8 -> 
  custom:container-demuxer-webm: 4f35f7cbe854078d1ac9338744f61a02 -> 
  custom:video-decoder-ogg-theora: a1e56fd34408186e4bbccfd4996cb3dc -> 
  custom:audio-encoder-webm-vorbis: bf7c407c2cedff20999df2af8eb42d56 -> 
  custom:container-muxer-webm: aa71ff27fc2769a1b78a27578f13a17b -> 
========================================================================
Received Prepare
Begin MonoManager ReloadAssembly
- Loaded All Assemblies, in  0,514 seconds
Refreshing native plugins compatible for Editor in 1,96 ms, found 0 plugins.
Native extension for LinuxStandalone target not found
Native extension for WindowsStandalone target not found
Native extension for WebGL target not found
[Package Manager] Server::EnsureServerProcessIsRunning -- launch failed, reason: Unity was launched with the -noUpm command-line argument
[Package Manager] UpmClient::Send -- Unable to send message (not connected to UPM process).
[Package Manager] Cannot connect to Unity Package Manager local server
Mono: successfully reloaded assembly
- Finished resetting the current domain, in  0,823 seconds
Domain Reload Profiling: 1336ms
	BeginReloadAssembly (237ms)
		ExecutionOrderSort (0ms)
		DisableScriptedObjects (7ms)
		BackupInstance (0ms)
		ReleaseScriptingObjects (0ms)
		CreateAndSetChildDomain (38ms)
	RebuildCommonClasses (51ms)
	RebuildNativeTypeToScriptingClass (13ms)
	initialDomainReloadingComplete (37ms)
	LoadAllAssembliesAndSetupDomain (174ms)
		LoadAssemblies (223ms)
		RebuildTransferFunctionScriptingTraits (0ms)
		AnalyzeDomain (24ms)
			TypeCache.Refresh (10ms)
				TypeCache.ScanAssembly (1ms)
			ScanForSourceGeneratedMonoScriptInfo (9ms)
			ResolveRequiredComponents (4ms)
	FinalizeReload (824ms)
		ReleaseScriptCaches (0ms)
		RebuildScriptCaches (0ms)
		SetupLoadedEditorAssemblies (486ms)
			LogAssemblyErrors (0ms)
			InitializePlatformSupportModulesInManaged (67ms)
			SetLoadedEditorAssemblies (4ms)
			RefreshPlugins (0ms)
			BeforeProcessingInitializeOnLoad (58ms)
			ProcessInitializeOnLoadAttributes (319ms)
			ProcessInitializeOnLoadMethodAttributes (29ms)
			AfterProcessingInitializeOnLoad (8ms)
			EditorAssembliesLoaded (0ms)
		ExecutionOrderSort2 (0ms)
		AwakeInstancesAfterBackupRestoration (4ms)
Refreshing native plugins compatible for Editor in 1,87 ms, found 0 plugins.
Preloading 0 native plugins for Editor in 0,00 ms.
Unloading 1554 Unused Serialized files (Serialized files now loaded: 0)
Unloading 32 unused Assets / (35,8 KB). Loaded Objects now: 2045.
Memory consumption went from 83,4 MB to 83,4 MB.
Total: 4,076915 ms (FindLiveObjects: 0,174236 ms CreateObjectMapping: 0,047039 ms MarkObjects: 3,686382 ms  DeleteObjects: 0,168116 ms)

Prepare: number of updated asset objects reloaded= 0
AssetImportParameters requested are different than current active one (requested -> active):
  custom:video-encoder-webm-vp8: eb34c28f22e8b96e1ab97ce403110664 -> 
  custom:video-decoder-webm-vp8: 9c59270c3fd7afecdb556c50c9e8de78 -> 
  custom:audio-decoder-ogg-vorbis: bf7c407c2cedff20999df2af8eb42d56 -> 
  custom:SearchIndexIgnoredProperties: e643bd26f0fe6173181afceb89e7c659 -> 
  custom:container-demuxer-ogg: 62fdf1f143b41e24485cea50d1cbac27 -> 
  custom:AudioImporter_EditorPlatform: 2f0ff77a95e0ac474e3e8eeba4e2f7cb -> 
  custom:CustomObjectIndexerAttribute: 232f87dd983dbecb2a4e21e08eb2cef8 -> 
  custom:container-demuxer-webm: 4f35f7cbe854078d1ac9338744f61a02 -> 
  custom:video-decoder-ogg-theora: a1e56fd34408186e4bbccfd4996cb3dc -> 
  custom:audio-encoder-webm-vorbis: bf7c407c2cedff20999df2af8eb42d56 -> 
  custom:container-muxer-webm: aa71ff27fc2769a1b78a27578f13a17b -> 
========================================================================
Received Prepare
Begin MonoManager ReloadAssembly
- Loaded All Assemblies, in  0,504 seconds
Refreshing native plugins compatible for Editor in 1,85 ms, found 0 plugins.
Native extension for LinuxStandalone target not found
Native extension for WindowsStandalone target not found
Native extension for WebGL target not found
[Package Manager] Server::EnsureServerProcessIsRunning -- launch failed, reason: Unity was launched with the -noUpm command-line argument
[Package Manager] UpmClient::Send -- Unable to send message (not connected to UPM process).
[Package Manager] Cannot connect to Unity Package Manager local server
Mono: successfully reloaded assembly
- Finished resetting the current domain, in  0,833 seconds
Domain Reload Profiling: 1337ms
	BeginReloadAssembly (247ms)
		ExecutionOrderSort (0ms)
		DisableScriptedObjects (7ms)
		BackupInstance (0ms)
		ReleaseScriptingObjects (0ms)
		CreateAndSetChildDomain (48ms)
	RebuildCommonClasses (50ms)
	RebuildNativeTypeToScriptingClass (12ms)
	initialDomainReloadingComplete (38ms)
	LoadAllAssembliesAndSetupDomain (156ms)
		LoadAssemblies (220ms)
		RebuildTransferFunctionScriptingTraits (0ms)
		AnalyzeDomain (11ms)
			TypeCache.Refresh (5ms)
				TypeCache.ScanAssembly (0ms)
			ScanForSourceGeneratedMonoScriptInfo (0ms)
			ResolveRequiredComponents (4ms)
	FinalizeReload (834ms)
		ReleaseScriptCaches (0ms)
		RebuildScriptCaches (0ms)
		SetupLoadedEditorAssemblies (491ms)
			LogAssemblyErrors (0ms)
			InitializePlatformSupportModulesInManaged (63ms)
			SetLoadedEditorAssemblies (4ms)
			RefreshPlugins (0ms)
			BeforeProcessingInitializeOnLoad (59ms)
			ProcessInitializeOnLoadAttributes (327ms)
			ProcessInitializeOnLoadMethodAttributes (30ms)
			AfterProcessingInitializeOnLoad (8ms)
			EditorAssembliesLoaded (0ms)
		ExecutionOrderSort2 (0ms)
		AwakeInstancesAfterBackupRestoration (4ms)
Refreshing native plugins compatible for Editor in 1,89 ms, found 0 plugins.
Preloading 0 native plugins for Editor in 0,00 ms.
Unloading 1554 Unused Serialized files (Serialized files now loaded: 0)
Unloading 32 unused Assets / (35,7 KB). Loaded Objects now: 2048.
Memory consumption went from 83,4 MB to 83,4 MB.
Total: 4,360726 ms (FindLiveObjects: 0,199615 ms CreateObjectMapping: 0,046657 ms MarkObjects: 3,936281 ms  DeleteObjects: 0,176581 ms)

Prepare: number of updated asset objects reloaded= 0
AssetImportParameters requested are different than current active one (requested -> active):
  custom:video-encoder-webm-vp8: eb34c28f22e8b96e1ab97ce403110664 -> 
  custom:video-decoder-webm-vp8: 9c59270c3fd7afecdb556c50c9e8de78 -> 
  custom:audio-decoder-ogg-vorbis: bf7c407c2cedff20999df2af8eb42d56 -> 
  custom:SearchIndexIgnoredProperties: e643bd26f0fe6173181afceb89e7c659 -> 
  custom:container-demuxer-ogg: 62fdf1f143b41e24485cea50d1cbac27 -> 
  custom:AudioImporter_EditorPlatform: 2f0ff77a95e0ac474e3e8eeba4e2f7cb -> 
  custom:CustomObjectIndexerAttribute: 232f87dd983dbecb2a4e21e08eb2cef8 -> 
  custom:container-demuxer-webm: 4f35f7cbe854078d1ac9338744f61a02 -> 
  custom:video-decoder-ogg-theora: a1e56fd34408186e4bbccfd4996cb3dc -> 
  custom:audio-encoder-webm-vorbis: bf7c407c2cedff20999df2af8eb42d56 -> 
  custom:container-muxer-webm: aa71ff27fc2769a1b78a27578f13a17b -> 
