Unity Editor version:    2022.3.26f1 (ec6cd8118806)
Branch:                  2022.3/staging
Build type:              Release
Batch mode:              YES
System name:             Linux
Distro version:          #1 SMP PREEMPT_DYNAMIC Sat Jul 27 14:46:06 UTC 2024
Kernel version:          6.9.12-1-MANJARO
Architecture:            x86_64
Available memory:        32036 MB
Using pre-set license
Pro License: YES

(Unity:70967): Gtk-CRITICAL **: 22:48:47.320: gtk_window_set_default_icon: assertion 'GDK_IS_PIXBUF (icon)' failed

(Unity:70967): GLib-GObject-CRITICAL **: 22:48:47.320: g_object_unref: assertion 'G_IS_OBJECT (object)' failed
Desktop is 1920 x 1080 @ 60 Hz
Initialize udev device monitor.

COMMAND LINE ARGUMENTS:
Unity
-adb2
-batchMode
-noUpm
-name
AssetImportWorker1
-projectPath
/home/mplopes/Documentos/Pool 3D
-logFile
Logs/AssetImportWorker1.log
-srvPort
36541
Successfully changed project path to: /home/mplopes/Documentos/Pool 3D
/home/mplopes/Documentos/Pool 3D
[UnityMemory] Configuration Parameters - Can be set up in boot.config
    "memorysetup-bucket-allocator-granularity=16"
    "memorysetup-bucket-allocator-bucket-count=8"
    "memorysetup-bucket-allocator-block-size=33554432"
    "memorysetup-bucket-allocator-block-count=8"
    "memorysetup-main-allocator-block-size=16777216"
    "memorysetup-thread-allocator-block-size=16777216"
    "memorysetup-gfx-main-allocator-block-size=16777216"
    "memorysetup-gfx-thread-allocator-block-size=16777216"
    "memorysetup-cache-allocator-block-size=4194304"
    "memorysetup-typetree-allocator-block-size=2097152"
    "memorysetup-profiler-bucket-allocator-granularity=16"
    "memorysetup-profiler-bucket-allocator-bucket-count=8"
    "memorysetup-profiler-bucket-allocator-block-size=33554432"
    "memorysetup-profiler-bucket-allocator-block-count=8"
    "memorysetup-profiler-allocator-block-size=16777216"
    "memorysetup-profiler-editor-allocator-block-size=1048576"
    "memorysetup-temp-allocator-size-main=16777216"
    "memorysetup-job-temp-allocator-block-size=2097152"
    "memorysetup-job-temp-allocator-block-size-background=1048576"
    "memorysetup-job-temp-allocator-reduction-small-platforms=262144"
    "memorysetup-allocator-temp-initial-block-size-main=262144"
    "memorysetup-allocator-temp-initial-block-size-worker=262144"
    "memorysetup-temp-allocator-size-background-worker=32768"
    "memorysetup-temp-allocator-size-job-worker=262144"
    "memorysetup-temp-allocator-size-preload-manager=33554432"
    "memorysetup-temp-allocator-size-nav-mesh-worker=65536"
    "memorysetup-temp-allocator-size-audio-worker=65536"
    "memorysetup-temp-allocator-size-cloud-worker=32768"
    "memorysetup-temp-allocator-size-gi-baking-worker=262144"
    "memorysetup-temp-allocator-size-gfx=262144"
Player connection [127487375897344] Host "[IP] 10.0.0.155 [Port] 0 [Flags] 2 [Guid] 4074571939 [EditorId] 4074571939 [Version] 1048832 [Id] LinuxEditor(16,10.0.0.155) [Debug] 1 [PackageName] LinuxEditor [ProjectName] Editor" joined multi-casting on [225.0.0.222:54997]...

Player connection [127487375897344] Host "[IP] 10.0.0.155 [Port] 0 [Flags] 2 [Guid] 4074571939 [EditorId] 4074571939 [Version] 1048832 [Id] LinuxEditor(16,10.0.0.155) [Debug] 1 [PackageName] LinuxEditor [ProjectName] Editor" joined alternative multi-casting on [225.0.0.222:34997]...

[Physics::Module] Initialized MultithreadedJobDispatcher with 15 workers.
Refreshing native plugins compatible for Editor in 3,21 ms, found 0 plugins.
Preloading 0 native plugins for Editor in 0,00 ms.
Initialize engine version: 2022.3.26f1 (ec6cd8118806)
[Subsystems] Discovering subsystems at path /run/media/mplopes/48b9a565-fcde-403d-aa1b-2e8fddeb6749/.UnityEngine/2022.3.26f1/Editor/Data/Resources/UnitySubsystems
[Subsystems] Discovering subsystems at path /home/mplopes/Documentos/Pool 3D/Assets
GLX Extensions: GLX_ARB_context_flush_control GLX_ARB_create_context GLX_ARB_create_context_no_error GLX_ARB_create_context_profile GLX_ARB_create_context_robustness GLX_ARB_fbconfig_float GLX_ARB_framebuffer_sRGB GLX_ARB_get_proc_address GLX_ARB_multisample GLX_EXT_buffer_age GLX_EXT_create_context_es2_profile GLX_EXT_create_context_es_profile GLX_EXT_fbconfig_packed_float GLX_EXT_framebuffer_sRGB GLX_EXT_no_config_context GLX_EXT_swap_control GLX_EXT_swap_control_tear GLX_EXT_texture_from_pixmap GLX_EXT_visual_info GLX_EXT_visual_rating GLX_INTEL_swap_event GLX_MESA_copy_sub_buffer GLX_MESA_gl_interop GLX_MESA_query_renderer GLX_MESA_swap_control GLX_OML_sync_control GLX_SGIS_multisample GLX_SGIX_fbconfig GLX_SGIX_pbuffer GLX_SGIX_visual_select_group GLX_SGI_make_current_read GLX_SGI_swap_control GLX_SGI_video_sync 
Renderer: AMD Radeon RX 550 / 550 Series (radeonsi, polaris12, LLVM 18.1.8, DRM 3.57, 6.9.12-1-MANJARO)
Vendor:   AMD
Version:  4.6 (Core Profile) Mesa 24.3.0-devel (git-50c0dbfd70)
GLES:     0
 GL_AMD_conservative_depth GL_AMD_depth_clamp_separate GL_AMD_draw_buffers_blend GL_AMD_framebuffer_multisample_advanced GL_AMD_gpu_shader_int64 GL_AMD_multi_draw_indirect GL_AMD_performance_monitor GL_AMD_pinned_memory GL_AMD_query_buffer_object GL_AMD_seamless_cubemap_per_texture GL_AMD_shader_stencil_export GL_AMD_shader_trinary_minmax GL_AMD_texture_texture4 GL_AMD_vertex_shader_layer GL_AMD_vertex_shader_viewport_index GL_ANGLE_texture_compression_dxt3 GL_ANGLE_texture_compression_dxt5 GL_ARB_ES2_compatibility GL_ARB_ES3_1_compatibility GL_ARB_ES3_2_compatibility GL_ARB_ES3_compatibility GL_ARB_arrays_of_arrays GL_ARB_base_instance GL_ARB_bindless_texture GL_ARB_blend_func_extended GL_ARB_buffer_storage GL_ARB_clear_buffer_object GL_ARB_clear_texture GL_ARB_clip_control GL_ARB_color_buffer_float GL_ARB_compressed_texture_pixel_storage GL_ARB_compute_shader GL_ARB_compute_variable_group_size GL_ARB_conditional_render_inverted GL_ARB_conservative_depth GL_ARB_copy_buffer GL_ARB_copy_image GL_ARB_cull_dist
ance GL_ARB_debug_output GL_ARB_depth_buffer_float GL_ARB_depth_clamp GL_ARB_derivative_control GL_ARB_direct_state_access GL_ARB_draw_buffers GL_ARB_draw_buffers_blend GL_ARB_draw_elements_base_vertex GL_ARB_draw_indirect GL_ARB_draw_instanced GL_ARB_enhanced_layouts GL_ARB_explicit_attrib_location GL_ARB_explicit_uniform_location GL_ARB_fragment_coord_conventions GL_ARB_fragment_layer_viewport GL_ARB_fragment_shader GL_ARB_framebuffer_no_attachments GL_ARB_framebuffer_object GL_ARB_framebuffer_sRGB GL_ARB_get_program_binary GL_ARB_get_texture_sub_image GL_ARB_gl_spirv GL_ARB_gpu_shader5 GL_ARB_gpu_shader_fp64 GL_ARB_gpu_shader_int64 GL_ARB_half_float_pixel GL_ARB_half_float_vertex GL_ARB_indirect_parameters GL_ARB_instanced_arrays GL_ARB_internalformat_query GL_ARB_internalformat_query2 GL_ARB_invalidate_subdata GL_ARB_map_buffer_alignment GL_ARB_map_buffer_range GL_ARB_multi_bind GL_ARB_multi_draw_indirect GL_ARB_occlusion_query2 GL_ARB_parallel_shader_compile GL_ARB_pipeline_statistics_query GL_ARB_pixel
_buffer_object GL_ARB_point_sprite GL_ARB_polygon_offset_clamp GL_ARB_program_interface_query GL_ARB_provoking_vertex GL_ARB_query_buffer_object GL_ARB_robust_buffer_access_behavior GL_ARB_robustness GL_ARB_sample_shading GL_ARB_sampler_objects GL_ARB_seamless_cube_map GL_ARB_seamless_cubemap_per_texture GL_ARB_separate_shader_objects GL_ARB_shader_atomic_counter_ops GL_ARB_shader_atomic_counters GL_ARB_shader_ballot GL_ARB_shader_bit_encoding GL_ARB_shader_clock GL_ARB_shader_draw_parameters GL_ARB_shader_group_vote GL_ARB_shader_image_load_store GL_ARB_shader_image_size GL_ARB_shader_objects GL_ARB_shader_precision GL_ARB_shader_stencil_export GL_ARB_shader_storage_buffer_object GL_ARB_shader_subroutine GL_ARB_shader_texture_image_samples GL_ARB_shader_texture_lod GL_ARB_shader_viewport_layer_array GL_ARB_shading_language_420pack GL_ARB_shading_language_include GL_ARB_shading_language_packing GL_ARB_spirv_extensions GL_ARB_stencil_texturing GL_ARB_sync GL_ARB_tessellation_shader GL_ARB_texture_barrier GL_A
RB_texture_border_clamp GL_ARB_texture_buffer_object GL_ARB_texture_buffer_object_rgb32 GL_ARB_texture_buffer_range GL_ARB_texture_compression_bptc GL_ARB_texture_compression_rgtc GL_ARB_texture_cube_map_array GL_ARB_texture_filter_anisotropic GL_ARB_texture_filter_minmax GL_ARB_texture_float GL_ARB_texture_gather GL_ARB_texture_mirror_clamp_to_edge GL_ARB_texture_multisample GL_ARB_texture_non_power_of_two GL_ARB_texture_query_levels GL_ARB_texture_query_lod GL_ARB_texture_rectangle GL_ARB_texture_rg GL_ARB_texture_rgb10_a2ui GL_ARB_texture_stencil8 GL_ARB_texture_storage GL_ARB_texture_storage_multisample GL_ARB_texture_swizzle GL_ARB_texture_view GL_ARB_timer_query GL_ARB_transform_feedback2 GL_ARB_transform_feedback3 GL_ARB_transform_feedback_instanced GL_ARB_transform_feedback_overflow_query GL_ARB_uniform_buffer_object GL_ARB_vertex_array_bgra GL_ARB_vertex_array_object GL_ARB_vertex_attrib_64bit GL_ARB_vertex_attrib_binding GL_ARB_vertex_buffer_object GL_ARB_vertex_shader GL_ARB_vertex_type_10f_11f_11
f_rev GL_ARB_vertex_type_2_10_10_10_rev GL_ARB_viewport_array GL_ATI_blend_equation_separate GL_ATI_meminfo GL_ATI_texture_float GL_ATI_texture_mirror_once GL_EXT_EGL_image_storage GL_EXT_EGL_image_storage_compression GL_EXT_EGL_sync GL_EXT_abgr GL_EXT_blend_equation_separate GL_EXT_debug_label GL_EXT_demote_to_helper_invocation GL_EXT_depth_bounds_test GL_EXT_draw_buffers2 GL_EXT_draw_instanced GL_EXT_framebuffer_blit GL_EXT_framebuffer_multisample GL_EXT_framebuffer_multisample_blit_scaled GL_EXT_framebuffer_object GL_EXT_framebuffer_sRGB GL_EXT_memory_object GL_EXT_memory_object_fd GL_EXT_packed_depth_stencil GL_EXT_packed_float GL_EXT_pixel_buffer_object GL_EXT_polygon_offset_clamp GL_EXT_provoking_vertex GL_EXT_semaphore GL_EXT_semaphore_fd GL_EXT_shader_image_load_formatted GL_EXT_shader_image_load_store GL_EXT_shader_integer_mix GL_EXT_shader_samples_identical GL_EXT_texture_array GL_EXT_texture_compression_dxt1 GL_EXT_texture_compression_rgtc GL_EXT_texture_compression_s3tc GL_EXT_texture_filter_anis
otropic GL_EXT_texture_filter_minmax GL_EXT_texture_integer GL_EXT_texture_mirror_clamp GL_EXT_texture_sRGB GL_EXT_texture_sRGB_R8 GL_EXT_texture_sRGB_decode GL_EXT_texture_shadow_lod GL_EXT_texture_shared_exponent GL_EXT_texture_snorm GL_EXT_texture_storage GL_EXT_texture_swizzle GL_EXT_timer_query GL_EXT_transform_feedback GL_EXT_vertex_array_bgra GL_EXT_vertex_attrib_64bit GL_EXT_window_rectangles GL_IBM_multimode_draw_arrays GL_INTEL_blackhole_render GL_KHR_blend_equation_advanced GL_KHR_context_flush_control GL_KHR_debug GL_KHR_no_error GL_KHR_parallel_shader_compile GL_KHR_robust_buffer_access_behavior GL_KHR_robustness GL_KHR_texture_compression_astc_ldr GL_KHR_texture_compression_astc_sliced_3d GL_MESA_framebuffer_flip_y GL_MESA_pack_invert GL_MESA_shader_integer_functions GL_MESA_texture_const_bandwidth GL_MESA_texture_signed_rgba GL_NVX_gpu_memory_info GL_NV_alpha_to_coverage_dither_control GL_NV_compute_shader_derivatives GL_NV_conditional_render GL_NV_copy_image GL_NV_depth_clamp GL_NV_packed_dep
th_stencil GL_NV_shader_atomic_int64 GL_NV_texture_barrier GL_NV_vdpau_interop GL_OES_EGL_image GL_S3_s3tc
OPENGL LOG: Creating OpenGL 4.6 graphics device ; Context level  <OpenGL 4.5> ; Context handle 1701399728
Initialize mono
Mono path[0] = '/run/media/mplopes/48b9a565-fcde-403d-aa1b-2e8fddeb6749/.UnityEngine/2022.3.26f1/Editor/Data/Managed'
Mono path[1] = '/run/media/mplopes/48b9a565-fcde-403d-aa1b-2e8fddeb6749/.UnityEngine/2022.3.26f1/Editor/Data/MonoBleedingEdge/lib/mono/unityjit-linux'
Mono config path = '/run/media/mplopes/48b9a565-fcde-403d-aa1b-2e8fddeb6749/.UnityEngine/2022.3.26f1/Editor/Data/MonoBleedingEdge/etc'
Using monoOptions --debugger-agent=transport=dt_socket,embedding=1,server=y,suspend=n,address=127.0.0.1:56967
Begin MonoManager ReloadAssembly
Registering precompiled unity dll's ...
Register platform support module: /run/media/mplopes/48b9a565-fcde-403d-aa1b-2e8fddeb6749/.UnityEngine/2022.3.26f1/Editor/Data/PlaybackEngines/WebGLSupport/UnityEditor.WebGL.Extensions.dll
Register platform support module: /run/media/mplopes/48b9a565-fcde-403d-aa1b-2e8fddeb6749/.UnityEngine/2022.3.26f1/Editor/Data/PlaybackEngines/WindowsStandaloneSupport/UnityEditor.WindowsStandalone.Extensions.dll
Register platform support module: /run/media/mplopes/48b9a565-fcde-403d-aa1b-2e8fddeb6749/.UnityEngine/2022.3.26f1/Editor/Data/PlaybackEngines/LinuxStandaloneSupport/UnityEditor.LinuxStandalone.Extensions.dll
Registered in 0,013358 seconds.
- Loaded All Assemblies, in  0,493 seconds
Native extension for LinuxStandalone target not found
Native extension for WindowsStandalone target not found
Native extension for WebGL target not found
Mono: successfully reloaded assembly
- Finished resetting the current domain, in  0,454 seconds
Domain Reload Profiling: 947ms
	BeginReloadAssembly (118ms)
		ExecutionOrderSort (0ms)
		DisableScriptedObjects (0ms)
		BackupInstance (0ms)
		ReleaseScriptingObjects (0ms)
		CreateAndSetChildDomain (1ms)
	RebuildCommonClasses (52ms)
	RebuildNativeTypeToScriptingClass (13ms)
	initialDomainReloadingComplete (96ms)
	LoadAllAssembliesAndSetupDomain (213ms)
		LoadAssemblies (117ms)
		RebuildTransferFunctionScriptingTraits (0ms)
		AnalyzeDomain (211ms)
			TypeCache.Refresh (209ms)
				TypeCache.ScanAssembly (192ms)
			ScanForSourceGeneratedMonoScriptInfo (1ms)
			ResolveRequiredComponents (1ms)
	FinalizeReload (455ms)
		ReleaseScriptCaches (0ms)
		RebuildScriptCaches (0ms)
		SetupLoadedEditorAssemblies (370ms)
			LogAssemblyErrors (0ms)
			InitializePlatformSupportModulesInManaged (78ms)
			SetLoadedEditorAssemblies (9ms)
			RefreshPlugins (0ms)
			BeforeProcessingInitializeOnLoad (3ms)
			ProcessInitializeOnLoadAttributes (205ms)
			ProcessInitializeOnLoadMethodAttributes (74ms)
			AfterProcessingInitializeOnLoad (0ms)
			EditorAssembliesLoaded (0ms)
		ExecutionOrderSort2 (0ms)
		AwakeInstancesAfterBackupRestoration (0ms)
========================================================================
Worker process is ready to serve import requests
Begin MonoManager ReloadAssembly
- Loaded All Assemblies, in  0,625 seconds
Refreshing native plugins compatible for Editor in 1,81 ms, found 0 plugins.
Native extension for LinuxStandalone target not found
Native extension for WindowsStandalone target not found
Native extension for WebGL target not found
Package Manager log level set to [2]
[Package Manager] Server::EnsureServerProcessIsRunning -- launch failed, reason: Unity was launched with the -noUpm command-line argument
[Package Manager] UpmClient::Send -- Unable to send message (not connected to UPM process).
[Package Manager] Cannot connect to Unity Package Manager local server
Mono: successfully reloaded assembly
- Finished resetting the current domain, in  0,744 seconds
Domain Reload Profiling: 1369ms
	BeginReloadAssembly (209ms)
		ExecutionOrderSort (0ms)
		DisableScriptedObjects (11ms)
		BackupInstance (0ms)
		ReleaseScriptingObjects (0ms)
		CreateAndSetChildDomain (44ms)
	RebuildCommonClasses (51ms)
	RebuildNativeTypeToScriptingClass (12ms)
	initialDomainReloadingComplete (60ms)
	LoadAllAssembliesAndSetupDomain (293ms)
		LoadAssemblies (255ms)
		RebuildTransferFunctionScriptingTraits (0ms)
		AnalyzeDomain (122ms)
			TypeCache.Refresh (103ms)
				TypeCache.ScanAssembly (88ms)
			ScanForSourceGeneratedMonoScriptInfo (13ms)
			ResolveRequiredComponents (4ms)
	FinalizeReload (745ms)
		ReleaseScriptCaches (0ms)
		RebuildScriptCaches (0ms)
		SetupLoadedEditorAssemblies (506ms)
			LogAssemblyErrors (0ms)
			InitializePlatformSupportModulesInManaged (54ms)
			SetLoadedEditorAssemblies (4ms)
			RefreshPlugins (0ms)
			BeforeProcessingInitializeOnLoad (58ms)
			ProcessInitializeOnLoadAttributes (345ms)
			ProcessInitializeOnLoadMethodAttributes (37ms)
			AfterProcessingInitializeOnLoad (8ms)
			EditorAssembliesLoaded (0ms)
		ExecutionOrderSort2 (0ms)
		AwakeInstancesAfterBackupRestoration (5ms)
Launched and connected shader compiler UnityShaderCompiler after 0.02 seconds
Refreshing native plugins compatible for Editor in 2,39 ms, found 0 plugins.
Preloading 0 native plugins for Editor in 0,00 ms.
Unloading 1519 Unused Serialized files (Serialized files now loaded: 0)
Unloading 35 unused Assets / (53,3 KB). Loaded Objects now: 1980.
Memory consumption went from 81,8 MB to 81,7 MB.
Total: 6,545944 ms (FindLiveObjects: 0,186630 ms CreateObjectMapping: 0,044804 ms MarkObjects: 5,859938 ms  DeleteObjects: 0,452168 ms)

AssetImportParameters requested are different than current active one (requested -> active):
  custom:video-encoder-webm-vp8: eb34c28f22e8b96e1ab97ce403110664 -> 
  custom:video-decoder-webm-vp8: 9c59270c3fd7afecdb556c50c9e8de78 -> 
  custom:audio-decoder-ogg-vorbis: bf7c407c2cedff20999df2af8eb42d56 -> 
  custom:SearchIndexIgnoredProperties: e643bd26f0fe6173181afceb89e7c659 -> 
  custom:container-demuxer-ogg: 62fdf1f143b41e24485cea50d1cbac27 -> 
  custom:AudioImporter_EditorPlatform: 2f0ff77a95e0ac474e3e8eeba4e2f7cb -> 
  custom:CustomObjectIndexerAttribute: 232f87dd983dbecb2a4e21e08eb2cef8 -> 
  custom:container-demuxer-webm: 4f35f7cbe854078d1ac9338744f61a02 -> 
  custom:video-decoder-ogg-theora: a1e56fd34408186e4bbccfd4996cb3dc -> 
  custom:audio-encoder-webm-vorbis: bf7c407c2cedff20999df2af8eb42d56 -> 
  custom:container-muxer-webm: aa71ff27fc2769a1b78a27578f13a17b -> 
========================================================================
Received Import Request.
  Time since last request: 42592,870435 seconds.
  path: Assets/Images/bubble.png
  artifactKey: Guid(099bcaa12314456386daac4bc0f37db0) Importer(2089858483,0ecaa5967403d082aa24f35e1b516d23)
Start importing Assets/Images/bubble.png using Guid(099bcaa12314456386daac4bc0f37db0) Importer(2089858483,0ecaa5967403d082aa24f35e1b516d23)  -> (artifact id: 'd092c3be57da448dd7e659570e7c6412') in 0,186681 seconds
Number of updated asset objects reloaded before import = 0
Number of asset objects unloaded after import = 3
========================================================================
Received Import Request.
  Time since last request: 0,000035 seconds.
  path: Assets/Images/box.png
  artifactKey: Guid(b546c5f4087a4c309ef7b6dbc0509da2) Importer(2089858483,0ecaa5967403d082aa24f35e1b516d23)
Start importing Assets/Images/box.png using Guid(b546c5f4087a4c309ef7b6dbc0509da2) Importer(2089858483,0ecaa5967403d082aa24f35e1b516d23)  -> (artifact id: '7aea56414d91660cc728566bc4e73108') in 0,015077 seconds
Number of updated asset objects reloaded before import = 0
Number of asset objects unloaded after import = 3
========================================================================
Received Import Request.
  Time since last request: 0,000023 seconds.
  path: Assets/Images/facebookBtn.png
  artifactKey: Guid(803800cd357e4daeb970363967c3a751) Importer(2089858483,0ecaa5967403d082aa24f35e1b516d23)
Start importing Assets/Images/facebookBtn.png using Guid(803800cd357e4daeb970363967c3a751) Importer(2089858483,0ecaa5967403d082aa24f35e1b516d23)  -> (artifact id: '15fa1de86aa05c7272c5190f5536a597') in 0,017198 seconds
Number of updated asset objects reloaded before import = 0
Number of asset objects unloaded after import = 3
========================================================================
Received Import Request.
  Time since last request: 0,000020 seconds.
  path: Assets/Images/helpHand.png
  artifactKey: Guid(284ff243464641c088b5a8a12a216f70) Importer(2089858483,0ecaa5967403d082aa24f35e1b516d23)
Start importing Assets/Images/helpHand.png using Guid(284ff243464641c088b5a8a12a216f70) Importer(2089858483,0ecaa5967403d082aa24f35e1b516d23)  -> (artifact id: '95d16ffed96fd764b228c7c8a278a79f') in 0,014869 seconds
Number of updated asset objects reloaded before import = 0
Number of asset objects unloaded after import = 3
========================================================================
Received Import Request.
  Time since last request: 0,000021 seconds.
  path: Assets/Images/gradientFill.png
  artifactKey: Guid(ba419d33c6e04477b9b99f4f1f347308) Importer(2089858483,0ecaa5967403d082aa24f35e1b516d23)
Start importing Assets/Images/gradientFill.png using Guid(ba419d33c6e04477b9b99f4f1f347308) Importer(2089858483,0ecaa5967403d082aa24f35e1b516d23)  -> (artifact id: '1946e793c5e1829a2629122a0d1caddc') in 0,014429 seconds
Number of updated asset objects reloaded before import = 0
Number of asset objects unloaded after import = 3
========================================================================
Received Import Request.
  Time since last request: 0,000021 seconds.
  path: Assets/Images/glow.png
  artifactKey: Guid(1bf2d2e8bbd049d7b749e807ecaf5a9e) Importer(2089858483,0ecaa5967403d082aa24f35e1b516d23)
Start importing Assets/Images/glow.png using Guid(1bf2d2e8bbd049d7b749e807ecaf5a9e) Importer(2089858483,0ecaa5967403d082aa24f35e1b516d23)  -> (artifact id: '7a3a0532861235657bb84ce755e8b11b') in 0,014279 seconds
Number of updated asset objects reloaded before import = 0
Number of asset objects unloaded after import = 3
========================================================================
Received Import Request.
  Time since last request: 0,000022 seconds.
  path: Assets/Images/guideDirLine.png
  artifactKey: Guid(6c43616e5f2e4918a9203cac2c8d513a) Importer(2089858483,0ecaa5967403d082aa24f35e1b516d23)
Start importing Assets/Images/guideDirLine.png using Guid(6c43616e5f2e4918a9203cac2c8d513a) Importer(2089858483,0ecaa5967403d082aa24f35e1b516d23)  -> (artifact id: '5e9235a0f16d0dc7f66da83f20225402') in 0,011639 seconds
Number of updated asset objects reloaded before import = 0
Number of asset objects unloaded after import = 1
========================================================================
Received Import Request.
  Time since last request: 0,000064 seconds.
  path: Assets/Images/Shadow.png
  artifactKey: Guid(52afe84540604e14bceeb8e20f2fb61d) Importer(2089858483,0ecaa5967403d082aa24f35e1b516d23)
Start importing Assets/Images/Shadow.png using Guid(52afe84540604e14bceeb8e20f2fb61d) Importer(2089858483,0ecaa5967403d082aa24f35e1b516d23)  -> (artifact id: '5efda1e628390b9e4fe20a14e579731c') in 0,011994 seconds
Number of updated asset objects reloaded before import = 0
Number of asset objects unloaded after import = 1
========================================================================
Received Import Request.
  Time since last request: 0,000051 seconds.
  path: Assets/Images/btn8ball.png
  artifactKey: Guid(647624c5cda543bcbf03789a73c30da3) Importer(2089858483,0ecaa5967403d082aa24f35e1b516d23)
Start importing Assets/Images/btn8ball.png using Guid(647624c5cda543bcbf03789a73c30da3) Importer(2089858483,0ecaa5967403d082aa24f35e1b516d23)  -> (artifact id: 'a03f0b2dec045a93704f6df20d583aa5') in 0,019882 seconds
Number of updated asset objects reloaded before import = 0
Number of asset objects unloaded after import = 3
========================================================================
Received Import Request.
  Time since last request: 0,000021 seconds.
  path: Assets/Images/closeBtn.png
  artifactKey: Guid(d252c6cc6c9e4e72924bc15b5030c940) Importer(2089858483,0ecaa5967403d082aa24f35e1b516d23)
Start importing Assets/Images/closeBtn.png using Guid(d252c6cc6c9e4e72924bc15b5030c940) Importer(2089858483,0ecaa5967403d082aa24f35e1b516d23)  -> (artifact id: '6eef786104ba9e1fc345fdb5da1acb70') in 0,019385 seconds
Number of updated asset objects reloaded before import = 0
Number of asset objects unloaded after import = 3
========================================================================
Received Import Request.
  Time since last request: 0,000021 seconds.
  path: Assets/Images/btn2player.png
  artifactKey: Guid(7fdc1870accf448c9f94c1f2cb97f375) Importer(2089858483,0ecaa5967403d082aa24f35e1b516d23)
Start importing Assets/Images/btn2player.png using Guid(7fdc1870accf448c9f94c1f2cb97f375) Importer(2089858483,0ecaa5967403d082aa24f35e1b516d23)  -> (artifact id: 'bea0951ed0aef4186512336dd7501de5') in 0,020082 seconds
Number of updated asset objects reloaded before import = 0
Number of asset objects unloaded after import = 3
========================================================================
Received Import Request.
  Time since last request: 0,000073 seconds.
  path: Assets/Images/eivaa-logo-round.png
  artifactKey: Guid(9d2142abe1ea4750b65a235df44d824a) Importer(2089858483,0ecaa5967403d082aa24f35e1b516d23)
Start importing Assets/Images/eivaa-logo-round.png using Guid(9d2142abe1ea4750b65a235df44d824a) Importer(2089858483,0ecaa5967403d082aa24f35e1b516d23)  -> (artifact id: '7afb059aa3e02ea9fa06d2af737fc467') in 0,015823 seconds
Number of updated asset objects reloaded before import = 0
Number of asset objects unloaded after import = 3
========================================================================
Received Import Request.
  Time since last request: 0,000020 seconds.
  path: Assets/Images/ball-uk-black.png
  artifactKey: Guid(a02ea576988840afb5fee3430e880dc6) Importer(2089858483,0ecaa5967403d082aa24f35e1b516d23)
Start importing Assets/Images/ball-uk-black.png using Guid(a02ea576988840afb5fee3430e880dc6) Importer(2089858483,0ecaa5967403d082aa24f35e1b516d23)  -> (artifact id: '99df1c3f31f9b1effd2cf6d071f6e7ef') in 0,020626 seconds
Number of updated asset objects reloaded before import = 0
Number of asset objects unloaded after import = 1
========================================================================
Received Import Request.
  Time since last request: 0,000077 seconds.
  path: Assets/Images/btnSettings.png
  artifactKey: Guid(3f32b310bbff4e5e9ff80aa1d3c05e39) Importer(2089858483,0ecaa5967403d082aa24f35e1b516d23)
Start importing Assets/Images/btnSettings.png using Guid(3f32b310bbff4e5e9ff80aa1d3c05e39) Importer(2089858483,0ecaa5967403d082aa24f35e1b516d23)  -> (artifact id: '5f727030a037613f24f3ce652cf7c7e8') in 0,018997 seconds
Number of updated asset objects reloaded before import = 0
Number of asset objects unloaded after import = 3
========================================================================
Received Import Request.
  Time since last request: 0,000020 seconds.
  path: Assets/Images/ball-14.png
  artifactKey: Guid(108f50db8328413e87441242b606b075) Importer(2089858483,0ecaa5967403d082aa24f35e1b516d23)
Start importing Assets/Images/ball-14.png using Guid(108f50db8328413e87441242b606b075) Importer(2089858483,0ecaa5967403d082aa24f35e1b516d23)  -> (artifact id: '3c618a92061f030862c2a9b3c3cd4888') in 0,017095 seconds
Number of updated asset objects reloaded before import = 0
Number of asset objects unloaded after import = 1
========================================================================
Received Import Request.
  Time since last request: 0,000040 seconds.
  path: Assets/Images/pauseBtn.png
  artifactKey: Guid(76f94b43b7a44d3e9dbe44c9ea362c6b) Importer(2089858483,0ecaa5967403d082aa24f35e1b516d23)
Start importing Assets/Images/pauseBtn.png using Guid(76f94b43b7a44d3e9dbe44c9ea362c6b) Importer(2089858483,0ecaa5967403d082aa24f35e1b516d23)  -> (artifact id: '0513f7d48430e0e81e1f687aa1688632') in 0,018472 seconds
Number of updated asset objects reloaded before import = 0
Number of asset objects unloaded after import = 3
========================================================================
Received Import Request.
  Time since last request: 0,000022 seconds.
  path: Assets/Images/btnSnooker10.png
  artifactKey: Guid(41de442b17804845a4b047fdd4c2eec0) Importer(2089858483,0ecaa5967403d082aa24f35e1b516d23)
Start importing Assets/Images/btnSnooker10.png using Guid(41de442b17804845a4b047fdd4c2eec0) Importer(2089858483,0ecaa5967403d082aa24f35e1b516d23)  -> (artifact id: 'd7cbd62c4f44e0fb238969d6594c48df') in 0,019371 seconds
Number of updated asset objects reloaded before import = 0
Number of asset objects unloaded after import = 3
========================================================================
Received Import Request.
  Time since last request: 0,000024 seconds.
  path: Assets/Images/loadingRound.png
  artifactKey: Guid(fff9fce470b2434bac92f5ac26c6c85a) Importer(2089858483,0ecaa5967403d082aa24f35e1b516d23)
Start importing Assets/Images/loadingRound.png using Guid(fff9fce470b2434bac92f5ac26c6c85a) Importer(2089858483,0ecaa5967403d082aa24f35e1b516d23)  -> (artifact id: '6ffbf9c6f18670e195b7cf0636d9972c') in 0,019410 seconds
Number of updated asset objects reloaded before import = 0
Number of asset objects unloaded after import = 3
========================================================================
Received Import Request.
  Time since last request: 0,000022 seconds.
  path: Assets/Images/mouseWheel.png
  artifactKey: Guid(f256a6299306453ebe49a50050babdc5) Importer(2089858483,0ecaa5967403d082aa24f35e1b516d23)
Start importing Assets/Images/mouseWheel.png using Guid(f256a6299306453ebe49a50050babdc5) Importer(2089858483,0ecaa5967403d082aa24f35e1b516d23)  -> (artifact id: 'ab07138ce72d9201dd04096516d097ad') in 0,019212 seconds
Number of updated asset objects reloaded before import = 0
Number of asset objects unloaded after import = 3
========================================================================
Received Import Request.
  Time since last request: 0,000142 seconds.
  path: Assets/Images/ballInHandIndicator.png
  artifactKey: Guid(3641c266b8014effa3da29d8cd8b3b54) Importer(2089858483,0ecaa5967403d082aa24f35e1b516d23)
Start importing Assets/Images/ballInHandIndicator.png using Guid(3641c266b8014effa3da29d8cd8b3b54) Importer(2089858483,0ecaa5967403d082aa24f35e1b516d23)  -> (artifact id: 'b142551c08cbbe2a7fb42ee02b19b10d') in 0,015654 seconds
Number of updated asset objects reloaded before import = 0
Number of asset objects unloaded after import = 1
========================================================================
Received Import Request.
  Time since last request: 0,000016 seconds.
  path: Assets/Cubemap/cubemapLines.png
  artifactKey: Guid(d42b8c2b128e4b0d8bd13097d95fb829) Importer(2089858483,0ecaa5967403d082aa24f35e1b516d23)
Start importing Assets/Cubemap/cubemapLines.png using Guid(d42b8c2b128e4b0d8bd13097d95fb829) Importer(2089858483,0ecaa5967403d082aa24f35e1b516d23)  -> (artifact id: '0b985421c91427d84e3d19922db45673') in 0,014726 seconds
Number of updated asset objects reloaded before import = 0
Number of asset objects unloaded after import = 1
========================================================================
Received Import Request.
  Time since last request: 0,000076 seconds.
  path: Assets/Images/helpBtn.png
  artifactKey: Guid(c2174276900b47a2a3e273cb6bf4c0d6) Importer(2089858483,0ecaa5967403d082aa24f35e1b516d23)
Start importing Assets/Images/helpBtn.png using Guid(c2174276900b47a2a3e273cb6bf4c0d6) Importer(2089858483,0ecaa5967403d082aa24f35e1b516d23)  -> (artifact id: '13ef39dfaff98cd24f11350c7706c02d') in 0,014680 seconds
Number of updated asset objects reloaded before import = 0
Number of asset objects unloaded after import = 3
========================================================================
Received Import Request.
  Time since last request: 0,000030 seconds.
  path: Assets/Images/cameraBtn.png
  artifactKey: Guid(eb7471a7a7004b0a8845d5db90fca8dc) Importer(2089858483,0ecaa5967403d082aa24f35e1b516d23)
Start importing Assets/Images/cameraBtn.png using Guid(eb7471a7a7004b0a8845d5db90fca8dc) Importer(2089858483,0ecaa5967403d082aa24f35e1b516d23)  -> (artifact id: '16fe76bc05c0ab19edb27d330d6680c4') in 0,013174 seconds
Number of updated asset objects reloaded before import = 0
Number of asset objects unloaded after import = 3
========================================================================
Received Import Request.
  Time since last request: 0,000019 seconds.
  path: Assets/Images/ball-2.png
  artifactKey: Guid(211eb3ceaaee4a4db10075e3665e5a18) Importer(2089858483,0ecaa5967403d082aa24f35e1b516d23)
Start importing Assets/Images/ball-2.png using Guid(211eb3ceaaee4a4db10075e3665e5a18) Importer(2089858483,0ecaa5967403d082aa24f35e1b516d23)  -> (artifact id: 'ee2583a5cdab6caf934be3d6b57ac2eb') in 0,011616 seconds
Number of updated asset objects reloaded before import = 0
Number of asset objects unloaded after import = 1
========================================================================
Received Import Request.
  Time since last request: 0,000016 seconds.
  path: Assets/Images/selected.png
  artifactKey: Guid(3a17fe334a39411cac9c9e28f6adfb9f) Importer(2089858483,0ecaa5967403d082aa24f35e1b516d23)
Start importing Assets/Images/selected.png using Guid(3a17fe334a39411cac9c9e28f6adfb9f) Importer(2089858483,0ecaa5967403d082aa24f35e1b516d23)  -> (artifact id: '62c6088320cae0374fbe9b3eead91062') in 0,013266 seconds
Number of updated asset objects reloaded before import = 0
Number of asset objects unloaded after import = 3
========================================================================
Received Import Request.
  Time since last request: 0,000020 seconds.
  path: Assets/Materials/7.mat
  artifactKey: Guid(83d03e5237944673b2de4ebd1ba010c9) Importer(2089858483,0ecaa5967403d082aa24f35e1b516d23)
Start importing Assets/Materials/7.mat using Guid(83d03e5237944673b2de4ebd1ba010c9) Importer(2089858483,0ecaa5967403d082aa24f35e1b516d23)  -> (artifact id: 'ac9f5f1d1921dd2103b8ec579ec8c264') in 0,023187 seconds
Number of updated asset objects reloaded before import = 0
Number of asset objects unloaded after import = 2
========================================================================
Received Import Request.
  Time since last request: 0,000025 seconds.
  path: Assets/Images/specular.png
  artifactKey: Guid(52f2ae77792c4149a9c6564804f03a8a) Importer(2089858483,0ecaa5967403d082aa24f35e1b516d23)
Start importing Assets/Images/specular.png using Guid(52f2ae77792c4149a9c6564804f03a8a) Importer(2089858483,0ecaa5967403d082aa24f35e1b516d23)  -> (artifact id: '584080bfb926a215d4b03a97224a0366') in 0,010638 seconds
Number of updated asset objects reloaded before import = 0
Number of asset objects unloaded after import = 1
========================================================================
Received Import Request.
  Time since last request: 0,000030 seconds.
  path: Assets/Images/spinSetBG.png
  artifactKey: Guid(c2b2a8d189704d04911e4a6c5becf60b) Importer(2089858483,0ecaa5967403d082aa24f35e1b516d23)
Start importing Assets/Images/spinSetBG.png using Guid(c2b2a8d189704d04911e4a6c5becf60b) Importer(2089858483,0ecaa5967403d082aa24f35e1b516d23)  -> (artifact id: '1b3affeefebcd5bc916b50e7b0d98f87') in 0,014676 seconds
Number of updated asset objects reloaded before import = 0
Number of asset objects unloaded after import = 3
========================================================================
Received Import Request.
  Time since last request: 0,000015 seconds.
  path: Assets/Images/wall2.png
  artifactKey: Guid(f42ef27ff45b4a6b8ab0fedccad6c982) Importer(2089858483,0ecaa5967403d082aa24f35e1b516d23)
Start importing Assets/Images/wall2.png using Guid(f42ef27ff45b4a6b8ab0fedccad6c982) Importer(2089858483,0ecaa5967403d082aa24f35e1b516d23)  -> (artifact id: '7c9ee120495ba27e996128dfbabd78bb') in 0,011062 seconds
Number of updated asset objects reloaded before import = 0
Number of asset objects unloaded after import = 1
========================================================================
Received Import Request.
  Time since last request: 0,000044 seconds.
  path: Assets/Materials/15.mat
  artifactKey: Guid(ca3ac7bc0b8448458a8fadb6ecde1e2f) Importer(2089858483,0ecaa5967403d082aa24f35e1b516d23)
Start importing Assets/Materials/15.mat using Guid(ca3ac7bc0b8448458a8fadb6ecde1e2f) Importer(2089858483,0ecaa5967403d082aa24f35e1b516d23)  -> (artifact id: 'a97e5ccbc77d054a6545bd771ebc4efc') in 0,004183 seconds
Number of updated asset objects reloaded before import = 0
Number of asset objects unloaded after import = 2
========================================================================
Received Import Request.
  Time since last request: 0,000017 seconds.
  path: Assets/Images/snooker-green.png
  artifactKey: Guid(42a9c30c93f046cbb8184a5d84e80376) Importer(2089858483,0ecaa5967403d082aa24f35e1b516d23)
Start importing Assets/Images/snooker-green.png using Guid(42a9c30c93f046cbb8184a5d84e80376) Importer(2089858483,0ecaa5967403d082aa24f35e1b516d23)  -> (artifact id: '3be96ccde0a69d42b891a4dd5d6e9639') in 0,011311 seconds
Number of updated asset objects reloaded before import = 0
Number of asset objects unloaded after import = 1
========================================================================
Received Import Request.
  Time since last request: 0,000068 seconds.
  path: Assets/Materials/8.mat
  artifactKey: Guid(4de3c5a65ce540168e82452312f64b22) Importer(2089858483,0ecaa5967403d082aa24f35e1b516d23)
Start importing Assets/Materials/8.mat using Guid(4de3c5a65ce540168e82452312f64b22) Importer(2089858483,0ecaa5967403d082aa24f35e1b516d23)  -> (artifact id: '09545b13e4f551c1c98986c23da6a860') in 0,003934 seconds
Number of updated asset objects reloaded before import = 0
Number of asset objects unloaded after import = 2
========================================================================
Received Import Request.
  Time since last request: 0,000016 seconds.
  path: Assets/Images/zoomOut.png
  artifactKey: Guid(b45bf08600304ce5bdd3ed0ed29964df) Importer(2089858483,0ecaa5967403d082aa24f35e1b516d23)
Start importing Assets/Images/zoomOut.png using Guid(b45bf08600304ce5bdd3ed0ed29964df) Importer(2089858483,0ecaa5967403d082aa24f35e1b516d23)  -> (artifact id: 'cb936aa077f69f3cf866cab863d93772') in 0,013041 seconds
Number of updated asset objects reloaded before import = 0
Number of asset objects unloaded after import = 3
========================================================================
Received Import Request.
  Time since last request: 0,000022 seconds.
  path: Assets/Materials/12.mat
  artifactKey: Guid(465f5f341e6147fb94f6fe315ebe50f4) Importer(2089858483,0ecaa5967403d082aa24f35e1b516d23)
Start importing Assets/Materials/12.mat using Guid(465f5f341e6147fb94f6fe315ebe50f4) Importer(2089858483,0ecaa5967403d082aa24f35e1b516d23)  -> (artifact id: 'f2b7c160a9480c151d6f96b3d6f981d3') in 0,004132 seconds
Number of updated asset objects reloaded before import = 0
Number of asset objects unloaded after import = 2
========================================================================
Received Import Request.
  Time since last request: 0,000029 seconds.
  path: Assets/Materials/4.mat
  artifactKey: Guid(2c2fd5cdc9d041f6b74afb805264a78c) Importer(2089858483,0ecaa5967403d082aa24f35e1b516d23)
Start importing Assets/Materials/4.mat using Guid(2c2fd5cdc9d041f6b74afb805264a78c) Importer(2089858483,0ecaa5967403d082aa24f35e1b516d23)  -> (artifact id: 'ebde9708c65a688608d3a44f920c81b0') in 0,003732 seconds
Number of updated asset objects reloaded before import = 0
Number of asset objects unloaded after import = 2
========================================================================
Received Import Request.
  Time since last request: 0,000041 seconds.
  path: Assets/Images/whiteFill.png
  artifactKey: Guid(40636c578dbb480f96cc14a9e4705f15) Importer(2089858483,0ecaa5967403d082aa24f35e1b516d23)
Start importing Assets/Images/whiteFill.png using Guid(40636c578dbb480f96cc14a9e4705f15) Importer(2089858483,0ecaa5967403d082aa24f35e1b516d23)  -> (artifact id: 'a1aab873f317c85289b571da86bf35d9') in 0,014197 seconds
Number of updated asset objects reloaded before import = 0
Number of asset objects unloaded after import = 3
========================================================================
Received Import Request.
  Time since last request: 0,000060 seconds.
  path: Assets/Images/stick3_d1.png
  artifactKey: Guid(4ac19294f64440c388e991b27746e854) Importer(2089858483,0ecaa5967403d082aa24f35e1b516d23)
Start importing Assets/Images/stick3_d1.png using Guid(4ac19294f64440c388e991b27746e854) Importer(2089858483,0ecaa5967403d082aa24f35e1b516d23)  -> (artifact id: '54acf4ea6d6a20481b2be5da23445478') in 0,012973 seconds
Number of updated asset objects reloaded before import = 0
Number of asset objects unloaded after import = 1
========================================================================
Received Import Request.
  Time since last request: 0,000050 seconds.
  path: Assets/Materials/guideColRing.mat
  artifactKey: Guid(1fef5fc9ae054f099d086f8f06180eae) Importer(2089858483,0ecaa5967403d082aa24f35e1b516d23)
Start importing Assets/Materials/guideColRing.mat using Guid(1fef5fc9ae054f099d086f8f06180eae) Importer(2089858483,0ecaa5967403d082aa24f35e1b516d23)  -> (artifact id: '7479055b904cec132d176748ffb01dfe') in 0,034220 seconds
Number of updated asset objects reloaded before import = 0
Number of asset objects unloaded after import = 2
========================================================================
Received Import Request.
  Time since last request: 0,000016 seconds.
  path: Assets/Images/twitterBtn.png
  artifactKey: Guid(0a70436c9c7b49f1ba6bfe7a24978155) Importer(2089858483,0ecaa5967403d082aa24f35e1b516d23)
Start importing Assets/Images/twitterBtn.png using Guid(0a70436c9c7b49f1ba6bfe7a24978155) Importer(2089858483,0ecaa5967403d082aa24f35e1b516d23)  -> (artifact id: '0295da78e9d3e8d8bc95b8016dc8592a') in 0,013779 seconds
Number of updated asset objects reloaded before import = 0
Number of asset objects unloaded after import = 3
========================================================================
Received Import Request.
  Time since last request: 0,000035 seconds.
  path: Assets/Images/snooker-brown.png
  artifactKey: Guid(cf0c8cb3ed5a4f34b390f0eac4976877) Importer(2089858483,0ecaa5967403d082aa24f35e1b516d23)
Start importing Assets/Images/snooker-brown.png using Guid(cf0c8cb3ed5a4f34b390f0eac4976877) Importer(2089858483,0ecaa5967403d082aa24f35e1b516d23)  -> (artifact id: '61c32478cc08a32161426029a9195382') in 0,011863 seconds
Number of updated asset objects reloaded before import = 0
Number of asset objects unloaded after import = 1
========================================================================
Received Import Request.
  Time since last request: 0,000062 seconds.
  path: Assets/Images/stick0.png
  artifactKey: Guid(1977697b46714b1a9408520f3d803786) Importer(2089858483,0ecaa5967403d082aa24f35e1b516d23)
Start importing Assets/Images/stick0.png using Guid(1977697b46714b1a9408520f3d803786) Importer(2089858483,0ecaa5967403d082aa24f35e1b516d23)  -> (artifact id: 'd2e025c4b52c59aa712f36b452dc8f84') in 0,012778 seconds
Number of updated asset objects reloaded before import = 0
Number of asset objects unloaded after import = 1
========================================================================
Received Import Request.
  Time since last request: 0,000533 seconds.
  path: Assets/Materials/cueShadow.mat
  artifactKey: Guid(c11d035288e54e43badfc98d2dc397ef) Importer(2089858483,0ecaa5967403d082aa24f35e1b516d23)
Start importing Assets/Materials/cueShadow.mat using Guid(c11d035288e54e43badfc98d2dc397ef) Importer(2089858483,0ecaa5967403d082aa24f35e1b516d23)  -> (artifact id: '17d5af74fc921348fe654a58f7f70674') in 0,003735 seconds
Number of updated asset objects reloaded before import = 0
Number of asset objects unloaded after import = 2
========================================================================
Received Import Request.
  Time since last request: 0,000070 seconds.
  path: Assets/Images/snooker-red.png
  artifactKey: Guid(d3608b4933a641a9a63634a31069cd5b) Importer(2089858483,0ecaa5967403d082aa24f35e1b516d23)
Start importing Assets/Images/snooker-red.png using Guid(d3608b4933a641a9a63634a31069cd5b) Importer(2089858483,0ecaa5967403d082aa24f35e1b516d23)  -> (artifact id: 'ab5d05e8aea36143581873f24e05b4d8') in 0,010696 seconds
Number of updated asset objects reloaded before import = 0
Number of asset objects unloaded after import = 1
========================================================================
Received Import Request.
  Time since last request: 0,000501 seconds.
  path: Assets/Images/stick1_d1.png
  artifactKey: Guid(fbc12fbbe3384bdaa52df8d2a269602d) Importer(2089858483,0ecaa5967403d082aa24f35e1b516d23)
Start importing Assets/Images/stick1_d1.png using Guid(fbc12fbbe3384bdaa52df8d2a269602d) Importer(2089858483,0ecaa5967403d082aa24f35e1b516d23)  -> (artifact id: 'e143e3b01db04f1c4fe74d112eea3a5a') in 0,014682 seconds
Number of updated asset objects reloaded before import = 0
Number of asset objects unloaded after import = 3
========================================================================
Received Import Request.
  Time since last request: 0,000026 seconds.
  path: Assets/Images/snooker-cueBall.png
  artifactKey: Guid(045e6b1f04be42328e2b4d06f47ec71a) Importer(2089858483,0ecaa5967403d082aa24f35e1b516d23)
Start importing Assets/Images/snooker-cueBall.png using Guid(045e6b1f04be42328e2b4d06f47ec71a) Importer(2089858483,0ecaa5967403d082aa24f35e1b516d23)  -> (artifact id: 'aa8bdf29e0bc5959dc3c622a734c384a') in 0,015101 seconds
Number of updated asset objects reloaded before import = 0
Number of asset objects unloaded after import = 1
========================================================================
Received Import Request.
  Time since last request: 0,000023 seconds.
  path: Assets/Images/ball-6.png
  artifactKey: Guid(7b53fef7733c4d33a2ea0e2dd1364be9) Importer(2089858483,0ecaa5967403d082aa24f35e1b516d23)
Start importing Assets/Images/ball-6.png using Guid(7b53fef7733c4d33a2ea0e2dd1364be9) Importer(2089858483,0ecaa5967403d082aa24f35e1b516d23)  -> (artifact id: '633bb54e8263906e3a9e6cd6e7ba3d0e') in 0,015136 seconds
Number of updated asset objects reloaded before import = 0
Number of asset objects unloaded after import = 1
========================================================================
Received Import Request.
  Time since last request: 0,000018 seconds.
  path: Assets/Images/sliderThumb.png
  artifactKey: Guid(2865d38d6bd741d48816dfd34bc2521f) Importer(2089858483,0ecaa5967403d082aa24f35e1b516d23)
Start importing Assets/Images/sliderThumb.png using Guid(2865d38d6bd741d48816dfd34bc2521f) Importer(2089858483,0ecaa5967403d082aa24f35e1b516d23)  -> (artifact id: 'b83afd5ca9ff62399f70dae0bba76e54') in 0,018407 seconds
Number of updated asset objects reloaded before import = 0
Number of asset objects unloaded after import = 3
========================================================================
Received Import Request.
  Time since last request: 0,000017 seconds.
  path: Assets/Materials/5.mat
  artifactKey: Guid(225bd93003014e4fb1d614b454c83337) Importer(2089858483,0ecaa5967403d082aa24f35e1b516d23)
Start importing Assets/Materials/5.mat using Guid(225bd93003014e4fb1d614b454c83337) Importer(2089858483,0ecaa5967403d082aa24f35e1b516d23)  -> (artifact id: '6ffd8da9abc5d13bd48d9b709c1b1976') in 0,005118 seconds
Number of updated asset objects reloaded before import = 0
Number of asset objects unloaded after import = 2
========================================================================
Received Import Request.
  Time since last request: 0,197628 seconds.
  path: Assets/Materials/snooker-black.mat
  artifactKey: Guid(d40ac747073c45609a6d0a447eec1972) Importer(2089858483,0ecaa5967403d082aa24f35e1b516d23)
Start importing Assets/Materials/snooker-black.mat using Guid(d40ac747073c45609a6d0a447eec1972) Importer(2089858483,0ecaa5967403d082aa24f35e1b516d23)  -> (artifact id: 'bf704de88f9affd5050d7bb4f45906c5') in 0,005523 seconds
Number of updated asset objects reloaded before import = 0
Number of asset objects unloaded after import = 2
========================================================================
Received Import Request.
  Time since last request: 0,000020 seconds.
  path: Assets/Scripts/TURN.cs
  artifactKey: Guid(54b94110b1ebe61e1cdb8f03c5cc63cb) Importer(2089858483,0ecaa5967403d082aa24f35e1b516d23)
Start importing Assets/Scripts/TURN.cs using Guid(54b94110b1ebe61e1cdb8f03c5cc63cb) Importer(2089858483,0ecaa5967403d082aa24f35e1b516d23)  -> (artifact id: '88a49828630888db929ca90f67d96b06') in 0,004522 seconds
Number of updated asset objects reloaded before import = 0
Number of asset objects unloaded after import = 1
========================================================================
Received Import Request.
  Time since last request: 0,000059 seconds.
  path: Assets/Scripts/settingsSwitchGroup.cs
  artifactKey: Guid(e1d87754b9e53288deeb80f740d20769) Importer(2089858483,0ecaa5967403d082aa24f35e1b516d23)
Start importing Assets/Scripts/settingsSwitchGroup.cs using Guid(e1d87754b9e53288deeb80f740d20769) Importer(2089858483,0ecaa5967403d082aa24f35e1b516d23)  -> (artifact id: '8e1d70aa001bcb717ee0d1668e1107ff') in 0,004749 seconds
Number of updated asset objects reloaded before import = 0
Number of asset objects unloaded after import = 1
========================================================================
Received Import Request.
  Time since last request: 0,000765 seconds.
  path: Assets/Resources/guiballs/10.png
  artifactKey: Guid(9452c9957b49459db6d5182e93b0abe5) Importer(2089858483,0ecaa5967403d082aa24f35e1b516d23)
Start importing Assets/Resources/guiballs/10.png using Guid(9452c9957b49459db6d5182e93b0abe5) Importer(2089858483,0ecaa5967403d082aa24f35e1b516d23)  -> (artifact id: 'a2f9b429055b9ba943164b5e8253658f') in 0,018736 seconds
Number of updated asset objects reloaded before import = 0
Number of asset objects unloaded after import = 3
========================================================================
Received Import Request.
  Time since last request: 0,000021 seconds.
  path: Assets/Meshs/colSide.asset
  artifactKey: Guid(0fec7be9b2bc402f801c947f20f77327) Importer(2089858483,0ecaa5967403d082aa24f35e1b516d23)
Start importing Assets/Meshs/colSide.asset using Guid(0fec7be9b2bc402f801c947f20f77327) Importer(2089858483,0ecaa5967403d082aa24f35e1b516d23)  -> (artifact id: '2284114947c609fd41281fad7e2220e4') in 0,005813 seconds
Number of updated asset objects reloaded before import = 0
Number of asset objects unloaded after import = 1
========================================================================
Received Import Request.
  Time since last request: 0,000019 seconds.
  path: Assets/Scripts/logo.cs
  artifactKey: Guid(b0305609f7814a643dc7cd7e7e52c17c) Importer(2089858483,0ecaa5967403d082aa24f35e1b516d23)
Start importing Assets/Scripts/logo.cs using Guid(b0305609f7814a643dc7cd7e7e52c17c) Importer(2089858483,0ecaa5967403d082aa24f35e1b516d23)  -> (artifact id: '54bed1919cb8a1fc3fa0444fb77c19f2') in 0,003711 seconds
Number of updated asset objects reloaded before import = 0
Number of asset objects unloaded after import = 1
========================================================================
Received Import Request.
  Time since last request: 0,000023 seconds.
  path: Assets/Scripts/uiAnimator.cs
  artifactKey: Guid(76d37850ac52a6379e523e3d49438000) Importer(2089858483,0ecaa5967403d082aa24f35e1b516d23)
Start importing Assets/Scripts/uiAnimator.cs using Guid(76d37850ac52a6379e523e3d49438000) Importer(2089858483,0ecaa5967403d082aa24f35e1b516d23)  -> (artifact id: '23052e4757297b23713b89bb6f7f3ba0') in 0,003639 seconds
Number of updated asset objects reloaded before import = 0
Number of asset objects unloaded after import = 1
========================================================================
Received Import Request.
  Time since last request: 0,000022 seconds.
  path: Assets/Materials/wall1.mat
  artifactKey: Guid(1f30c99d944f42678545a58893ece7b4) Importer(2089858483,0ecaa5967403d082aa24f35e1b516d23)
Start importing Assets/Materials/wall1.mat using Guid(1f30c99d944f42678545a58893ece7b4) Importer(2089858483,0ecaa5967403d082aa24f35e1b516d23)  -> (artifact id: 'e17c1eaccc4cfbbfafc24798a804595d') in 0,004364 seconds
Number of updated asset objects reloaded before import = 0
Number of asset objects unloaded after import = 2
========================================================================
Received Import Request.
  Time since last request: 0,000019 seconds.
  path: Assets/Materials/stick4.mat
  artifactKey: Guid(7a54d0d6118c4a9fa665ec1936f7f67c) Importer(2089858483,0ecaa5967403d082aa24f35e1b516d23)
Start importing Assets/Materials/stick4.mat using Guid(7a54d0d6118c4a9fa665ec1936f7f67c) Importer(2089858483,0ecaa5967403d082aa24f35e1b516d23)  -> (artifact id: 'd0643ebbe772c591c57f4e390a6bffb4') in 0,004722 seconds
Number of updated asset objects reloaded before import = 0
Number of asset objects unloaded after import = 2
========================================================================
Received Import Request.
  Time since last request: 0,000018 seconds.
  path: Assets/Scripts/rateGameMsgScript.cs
  artifactKey: Guid(3966f59f60741c66695491f9c566e344) Importer(2089858483,0ecaa5967403d082aa24f35e1b516d23)
Start importing Assets/Scripts/rateGameMsgScript.cs using Guid(3966f59f60741c66695491f9c566e344) Importer(2089858483,0ecaa5967403d082aa24f35e1b516d23)  -> (artifact id: '0f30b568270cb13076cd5e3e7e7361ae') in 0,003418 seconds
Number of updated asset objects reloaded before import = 0
Number of asset objects unloaded after import = 1
========================================================================
Received Import Request.
  Time since last request: 0,000054 seconds.
  path: Assets/Scripts/uiTabAnimate.cs
  artifactKey: Guid(a48a46e5ccffae2caa9ba2a6c6ce5680) Importer(2089858483,0ecaa5967403d082aa24f35e1b516d23)
Start importing Assets/Scripts/uiTabAnimate.cs using Guid(a48a46e5ccffae2caa9ba2a6c6ce5680) Importer(2089858483,0ecaa5967403d082aa24f35e1b516d23)  -> (artifact id: 'fba109a084e1d248728c0f678c8d611d') in 0,002835 seconds
Number of updated asset objects reloaded before import = 0
Number of asset objects unloaded after import = 1
========================================================================
Received Import Request.
  Time since last request: 0,000055 seconds.
  path: Assets/Meshs/tree.asset
  artifactKey: Guid(68ea34488a3140c6bd8015702c4348dc) Importer(2089858483,0ecaa5967403d082aa24f35e1b516d23)
Start importing Assets/Meshs/tree.asset using Guid(68ea34488a3140c6bd8015702c4348dc) Importer(2089858483,0ecaa5967403d082aa24f35e1b516d23)  -> (artifact id: 'c7963319335757707afd2067628f4c29') in 0,002808 seconds
Number of updated asset objects reloaded before import = 0
Number of asset objects unloaded after import = 1
========================================================================
Received Import Request.
  Time since last request: 0,000024 seconds.
  path: Assets/Meshs/ground1mesh.asset
  artifactKey: Guid(b17b0ca43e8b4d5a8c4fb6b762d173d5) Importer(2089858483,0ecaa5967403d082aa24f35e1b516d23)
Start importing Assets/Meshs/ground1mesh.asset using Guid(b17b0ca43e8b4d5a8c4fb6b762d173d5) Importer(2089858483,0ecaa5967403d082aa24f35e1b516d23)  -> (artifact id: '89030b18c0f620441d4cf78017017661') in 0,003831 seconds
Number of updated asset objects reloaded before import = 0
Number of asset objects unloaded after import = 1
========================================================================
Received Import Request.
  Time since last request: 0,000891 seconds.
  path: Assets/Scripts/rotateObject.cs
  artifactKey: Guid(7051e574c98f58b19fa3c25dafb269c0) Importer(2089858483,0ecaa5967403d082aa24f35e1b516d23)
Start importing Assets/Scripts/rotateObject.cs using Guid(7051e574c98f58b19fa3c25dafb269c0) Importer(2089858483,0ecaa5967403d082aa24f35e1b516d23)  -> (artifact id: '40a3b6f2a26f50d3c6eaf6ef5e373038') in 0,004150 seconds
Number of updated asset objects reloaded before import = 0
Number of asset objects unloaded after import = 1
========================================================================
Received Import Request.
  Time since last request: 0,000066 seconds.
  path: Assets/Meshs/wall1.asset
  artifactKey: Guid(627970b32c5a4a42bda947c459d0f610) Importer(2089858483,0ecaa5967403d082aa24f35e1b516d23)
Start importing Assets/Meshs/wall1.asset using Guid(627970b32c5a4a42bda947c459d0f610) Importer(2089858483,0ecaa5967403d082aa24f35e1b516d23)  -> (artifact id: '767dec66cbef9a9367c3c9fff9d1a66e') in 0,003184 seconds
Number of updated asset objects reloaded before import = 0
Number of asset objects unloaded after import = 1
========================================================================
Received Import Request.
  Time since last request: 0,000022 seconds.
  path: Assets/Scripts/MESSAGE_TYPE.cs
  artifactKey: Guid(b6f0a62bc4ae3753b5e573216404a15d) Importer(2089858483,0ecaa5967403d082aa24f35e1b516d23)
Start importing Assets/Scripts/MESSAGE_TYPE.cs using Guid(b6f0a62bc4ae3753b5e573216404a15d) Importer(2089858483,0ecaa5967403d082aa24f35e1b516d23)  -> (artifact id: '6218aa1ee20f2fa76e25d6d7c25f3d0f') in 0,003060 seconds
Number of updated asset objects reloaded before import = 0
Number of asset objects unloaded after import = 1
========================================================================
Received Import Request.
  Time since last request: 0,000043 seconds.
  path: Assets/Scripts/notificationScript.cs
  artifactKey: Guid(adfd135fb103504e20833a71110a3f13) Importer(2089858483,0ecaa5967403d082aa24f35e1b516d23)
Start importing Assets/Scripts/notificationScript.cs using Guid(adfd135fb103504e20833a71110a3f13) Importer(2089858483,0ecaa5967403d082aa24f35e1b516d23)  -> (artifact id: 'fdaeb8c8a4a56c2869d1ed535e809a92') in 0,003315 seconds
Number of updated asset objects reloaded before import = 0
Number of asset objects unloaded after import = 1
========================================================================
Received Import Request.
  Time since last request: 0,000239 seconds.
  path: Assets/PhysicMaterials/groundCol.physicMaterial
  artifactKey: Guid(e746cc9734084aad82479380efa11dcc) Importer(2089858483,0ecaa5967403d082aa24f35e1b516d23)
Start importing Assets/PhysicMaterials/groundCol.physicMaterial using Guid(e746cc9734084aad82479380efa11dcc) Importer(2089858483,0ecaa5967403d082aa24f35e1b516d23)  -> (artifact id: '1852d18f557daee1312eff20f44b519b') in 0,003985 seconds
Number of updated asset objects reloaded before import = 0
Number of asset objects unloaded after import = 1
========================================================================
Received Import Request.
  Time since last request: 0,000043 seconds.
  path: Assets/Materials/stick5.mat
  artifactKey: Guid(538c690d5ae44888ac9348ce9669f2fb) Importer(2089858483,0ecaa5967403d082aa24f35e1b516d23)
Start importing Assets/Materials/stick5.mat using Guid(538c690d5ae44888ac9348ce9669f2fb) Importer(2089858483,0ecaa5967403d082aa24f35e1b516d23)  -> (artifact id: '31a6407dd97a06323e2e1fe3aca1b9e6') in 0,004419 seconds
Number of updated asset objects reloaded before import = 0
Number of asset objects unloaded after import = 2
========================================================================
Received Import Request.
  Time since last request: 0,000023 seconds.
  path: Assets/_Scenes/1.unity
  artifactKey: Guid(63749cce910cfa44a9e8d8b899c1c4c8) Importer(2089858483,0ecaa5967403d082aa24f35e1b516d23)
Start importing Assets/_Scenes/1.unity using Guid(63749cce910cfa44a9e8d8b899c1c4c8) Importer(2089858483,0ecaa5967403d082aa24f35e1b516d23)  -> (artifact id: '3c5514a5b2a14b1e9017d275643ab521') in 0,002509 seconds
Number of updated asset objects reloaded before import = 0
Number of asset objects unloaded after import = 1
========================================================================
Received Import Request.
  Time since last request: 0,000057 seconds.
  path: Assets/Materials/snooker-green.mat
  artifactKey: Guid(b17963b5e6cf4913929573e3fe88fc1b) Importer(2089858483,0ecaa5967403d082aa24f35e1b516d23)
Start importing Assets/Materials/snooker-green.mat using Guid(b17963b5e6cf4913929573e3fe88fc1b) Importer(2089858483,0ecaa5967403d082aa24f35e1b516d23)  -> (artifact id: 'aeeecb82c886771555cd591875fd20c9') in 0,004682 seconds
Number of updated asset objects reloaded before import = 0
Number of asset objects unloaded after import = 2
========================================================================
Received Import Request.
  Time since last request: 0,000048 seconds.
  path: Assets/Meshs/stick3mesh.asset
  artifactKey: Guid(8f7cbe0252dd49ada85e13338e475972) Importer(2089858483,0ecaa5967403d082aa24f35e1b516d23)
Start importing Assets/Meshs/stick3mesh.asset using Guid(8f7cbe0252dd49ada85e13338e475972) Importer(2089858483,0ecaa5967403d082aa24f35e1b516d23)  -> (artifact id: '9e99e0ff35b01f3f12bfebf38e47422e') in 0,003317 seconds
Number of updated asset objects reloaded before import = 0
Number of asset objects unloaded after import = 1
========================================================================
Received Import Request.
  Time since last request: 0,000024 seconds.
  path: Assets/Meshs/metal.asset
  artifactKey: Guid(4195fcc74c404f899e560a03f937a1e3) Importer(2089858483,0ecaa5967403d082aa24f35e1b516d23)
Start importing Assets/Meshs/metal.asset using Guid(4195fcc74c404f899e560a03f937a1e3) Importer(2089858483,0ecaa5967403d082aa24f35e1b516d23)  -> (artifact id: '7e73c66f751f74c3ce8d0d2efe6fbae8') in 0,004350 seconds
Number of updated asset objects reloaded before import = 0
Number of asset objects unloaded after import = 1
========================================================================
Received Import Request.
  Time since last request: 0,000085 seconds.
  path: Assets/Scripts/toggleOnEnabled.cs
  artifactKey: Guid(8fab04ef46b7bc721d1c9a80a153ebe3) Importer(2089858483,0ecaa5967403d082aa24f35e1b516d23)
Start importing Assets/Scripts/toggleOnEnabled.cs using Guid(8fab04ef46b7bc721d1c9a80a153ebe3) Importer(2089858483,0ecaa5967403d082aa24f35e1b516d23)  -> (artifact id: '12511d4232aaeb19b410c75adde98720') in 0,003527 seconds
Number of updated asset objects reloaded before import = 0
Number of asset objects unloaded after import = 1
========================================================================
Received Import Request.
  Time since last request: 0,000068 seconds.
  path: Assets/Meshs/stick4mesh.asset
  artifactKey: Guid(aef7d9977dbf4f08866fcb4e8ef2c95b) Importer(2089858483,0ecaa5967403d082aa24f35e1b516d23)
Start importing Assets/Meshs/stick4mesh.asset using Guid(aef7d9977dbf4f08866fcb4e8ef2c95b) Importer(2089858483,0ecaa5967403d082aa24f35e1b516d23)  -> (artifact id: 'adc3150addba685f54596e1b4366fabc') in 0,003479 seconds
Number of updated asset objects reloaded before import = 0
Number of asset objects unloaded after import = 1
========================================================================
Received Import Request.
  Time since last request: 0,000149 seconds.
  path: Assets/Scripts/HAND_MODE.cs
  artifactKey: Guid(bdf89bdaedda75836c55682d7d264383) Importer(2089858483,0ecaa5967403d082aa24f35e1b516d23)
Start importing Assets/Scripts/HAND_MODE.cs using Guid(bdf89bdaedda75836c55682d7d264383) Importer(2089858483,0ecaa5967403d082aa24f35e1b516d23)  -> (artifact id: '47cb45b3a92204fc80c3dbfad3f011bf') in 0,003693 seconds
Number of updated asset objects reloaded before import = 0
Number of asset objects unloaded after import = 1
========================================================================
Received Import Request.
  Time since last request: 0,000302 seconds.
  path: Assets/Scripts/MonoPInvokeCallbackAttribute.cs
  artifactKey: Guid(9ca31205df5180dd26f44f22f4a85205) Importer(2089858483,0ecaa5967403d082aa24f35e1b516d23)
Start importing Assets/Scripts/MonoPInvokeCallbackAttribute.cs using Guid(9ca31205df5180dd26f44f22f4a85205) Importer(2089858483,0ecaa5967403d082aa24f35e1b516d23)  -> (artifact id: '1af21cb9cb9e57bfa0dcdb97c28b35c1') in 0,004925 seconds
Number of updated asset objects reloaded before import = 0
Number of asset objects unloaded after import = 1
========================================================================
Received Import Request.
  Time since last request: 0,000025 seconds.
  path: Assets/Materials/stick0.mat
  artifactKey: Guid(45628cf3a0d340018beb5509a26ed7ea) Importer(2089858483,0ecaa5967403d082aa24f35e1b516d23)
Start importing Assets/Materials/stick0.mat using Guid(45628cf3a0d340018beb5509a26ed7ea) Importer(2089858483,0ecaa5967403d082aa24f35e1b516d23)  -> (artifact id: '07c9a34042d55e3050fd47ee2bf2585e') in 0,006626 seconds
Number of updated asset objects reloaded before import = 0
Number of asset objects unloaded after import = 2
========================================================================
Received Import Request.
  Time since last request: 0,000031 seconds.
  path: Assets/PhysicMaterials/tableTop.physicMaterial
  artifactKey: Guid(8d76a6302248480a93cf47a88c795cb1) Importer(2089858483,0ecaa5967403d082aa24f35e1b516d23)
Start importing Assets/PhysicMaterials/tableTop.physicMaterial using Guid(8d76a6302248480a93cf47a88c795cb1) Importer(2089858483,0ecaa5967403d082aa24f35e1b516d23)  -> (artifact id: '25e79e61f7e21f0ff0c04a019fa37602') in 0,004565 seconds
Number of updated asset objects reloaded before import = 0
Number of asset objects unloaded after import = 1
========================================================================
Received Import Request.
  Time since last request: 0,000090 seconds.
  path: Assets/Scripts/ExtensionMethods.cs
  artifactKey: Guid(3c0e0e21e290c95e4c5a1c2ea440e8d5) Importer(2089858483,0ecaa5967403d082aa24f35e1b516d23)
Start importing Assets/Scripts/ExtensionMethods.cs using Guid(3c0e0e21e290c95e4c5a1c2ea440e8d5) Importer(2089858483,0ecaa5967403d082aa24f35e1b516d23)  -> (artifact id: '3064c67557960068945914527f44358c') in 0,004823 seconds
Number of updated asset objects reloaded before import = 0
Number of asset objects unloaded after import = 1
========================================================================
Received Import Request.
  Time since last request: 0,000074 seconds.
  path: Assets/Meshs/ballmesh.asset
  artifactKey: Guid(8ec5ea582abd407f8de670151ab7213f) Importer(2089858483,0ecaa5967403d082aa24f35e1b516d23)
Start importing Assets/Meshs/ballmesh.asset using Guid(8ec5ea582abd407f8de670151ab7213f) Importer(2089858483,0ecaa5967403d082aa24f35e1b516d23)  -> (artifact id: 'a8fbaa05f6547b0909d7585c627e5637') in 0,004640 seconds
Number of updated asset objects reloaded before import = 0
Number of asset objects unloaded after import = 1
========================================================================
Received Import Request.
  Time since last request: 0,000410 seconds.
  path: Assets/Scripts/egHighScoresScript.cs
  artifactKey: Guid(59d4733b22e5e90994e0cae9f1e70b32) Importer(2089858483,0ecaa5967403d082aa24f35e1b516d23)
Start importing Assets/Scripts/egHighScoresScript.cs using Guid(59d4733b22e5e90994e0cae9f1e70b32) Importer(2089858483,0ecaa5967403d082aa24f35e1b516d23)  -> (artifact id: '959b85e53ab40ffb0ecac696d506ec1f') in 0,004029 seconds
Number of updated asset objects reloaded before import = 0
Number of asset objects unloaded after import = 1
========================================================================
Received Import Request.
  Time since last request: 0,000698 seconds.
  path: Assets/Scripts/uiAnimatorSpinControl.cs
  artifactKey: Guid(ce622b3a48f0259d2fcc5f620006c282) Importer(2089858483,0ecaa5967403d082aa24f35e1b516d23)
Start importing Assets/Scripts/uiAnimatorSpinControl.cs using Guid(ce622b3a48f0259d2fcc5f620006c282) Importer(2089858483,0ecaa5967403d082aa24f35e1b516d23)  -> (artifact id: 'debde7033947e94d80e31f7d8bb5212c') in 0,004885 seconds
Number of updated asset objects reloaded before import = 0
Number of asset objects unloaded after import = 1
========================================================================
Received Import Request.
  Time since last request: 0,335201 seconds.
  path: Assets/Resources/guiballs/18.png
  artifactKey: Guid(2831b6e36cda4b23935bdfd65e38c73c) Importer(2089858483,0ecaa5967403d082aa24f35e1b516d23)
Start importing Assets/Resources/guiballs/18.png using Guid(2831b6e36cda4b23935bdfd65e38c73c) Importer(2089858483,0ecaa5967403d082aa24f35e1b516d23)  -> (artifact id: '48f6a319a75f170672096ef69218fe11') in 0,017593 seconds
Number of updated asset objects reloaded before import = 0
Number of asset objects unloaded after import = 3
========================================================================
Received Import Request.
  Time since last request: 0,000093 seconds.
  path: Assets/Resources/guiballs/23.png
  artifactKey: Guid(0fc1e4f8c8b44478a11f131d86de9150) Importer(2089858483,0ecaa5967403d082aa24f35e1b516d23)
Start importing Assets/Resources/guiballs/23.png using Guid(0fc1e4f8c8b44478a11f131d86de9150) Importer(2089858483,0ecaa5967403d082aa24f35e1b516d23)  -> (artifact id: '92f0ba28dc97ed3ede3e6b6af653ab47') in 0,014150 seconds
Number of updated asset objects reloaded before import = 0
Number of asset objects unloaded after import = 3
========================================================================
Received Import Request.
  Time since last request: 0,000022 seconds.
  path: Assets/Resources/tablepatterns/8.png
  artifactKey: Guid(b386069128fe46f28a6a56386fcb1bc6) Importer(2089858483,0ecaa5967403d082aa24f35e1b516d23)
Start importing Assets/Resources/tablepatterns/8.png using Guid(b386069128fe46f28a6a56386fcb1bc6) Importer(2089858483,0ecaa5967403d082aa24f35e1b516d23)  -> (artifact id: '401bc9411dd439f849bb401d23f341f4') in 0,013867 seconds
Number of updated asset objects reloaded before import = 0
Number of asset objects unloaded after import = 1
========================================================================
Received Import Request.
  Time since last request: 0,000078 seconds.
  path: Assets/Resources/avatars/set1/7.png
  artifactKey: Guid(728553546a8749bd97d7662a7abd37df) Importer(2089858483,0ecaa5967403d082aa24f35e1b516d23)
Start importing Assets/Resources/avatars/set1/7.png using Guid(728553546a8749bd97d7662a7abd37df) Importer(2089858483,0ecaa5967403d082aa24f35e1b516d23)  -> (artifact id: 'bb9ffbb15d8ea71423d9d66dadf2d172') in 0,013762 seconds
Number of updated asset objects reloaded before import = 0
Number of asset objects unloaded after import = 3
========================================================================
Received Import Request.
  Time since last request: 0,000499 seconds.
  path: Assets/Resources/guiballs/7.png
  artifactKey: Guid(7e13671518fd478aaf472de5ebb99e6f) Importer(2089858483,0ecaa5967403d082aa24f35e1b516d23)
Start importing Assets/Resources/guiballs/7.png using Guid(7e13671518fd478aaf472de5ebb99e6f) Importer(2089858483,0ecaa5967403d082aa24f35e1b516d23)  -> (artifact id: '37d3697108d4101353f380cd831a9957') in 0,012903 seconds
Number of updated asset objects reloaded before import = 0
Number of asset objects unloaded after import = 3
========================================================================
Received Import Request.
  Time since last request: 0,000040 seconds.
  path: Assets/Resources/avatars/set1/1.png
  artifactKey: Guid(6225caa21091495fa5f06496da3c45f8) Importer(2089858483,0ecaa5967403d082aa24f35e1b516d23)
Start importing Assets/Resources/avatars/set1/1.png using Guid(6225caa21091495fa5f06496da3c45f8) Importer(2089858483,0ecaa5967403d082aa24f35e1b516d23)  -> (artifact id: '83a3c7a25ab3dd58ea9551bb192c7baa') in 0,013321 seconds
Number of updated asset objects reloaded before import = 0
Number of asset objects unloaded after import = 3
========================================================================
Received Import Request.
  Time since last request: 0,000021 seconds.
  path: Assets/Resources/sounds/cueballHit1.wav
  artifactKey: Guid(a630d5af8d934054ade43dedac2a1a2e) Importer(2089858483,0ecaa5967403d082aa24f35e1b516d23)
Start importing Assets/Resources/sounds/cueballHit1.wav using Guid(a630d5af8d934054ade43dedac2a1a2e) Importer(2089858483,0ecaa5967403d082aa24f35e1b516d23)  -> (artifact id: 'a8e96230d218d689457ee4ee881cbb3f') in 0,051741 seconds
Number of updated asset objects reloaded before import = 0
Number of asset objects unloaded after import = 1
========================================================================
Received Import Request.
  Time since last request: 0,000046 seconds.
  path: Assets/Resources/avatars/set2/7.png
  artifactKey: Guid(e0deaeb7540c40f0a902b5fddb19412f) Importer(2089858483,0ecaa5967403d082aa24f35e1b516d23)
Start importing Assets/Resources/avatars/set2/7.png using Guid(e0deaeb7540c40f0a902b5fddb19412f) Importer(2089858483,0ecaa5967403d082aa24f35e1b516d23)  -> (artifact id: 'c7efb1062bfcf9d44262407d05f9cfd9') in 0,012612 seconds
Number of updated asset objects reloaded before import = 0
Number of asset objects unloaded after import = 3
========================================================================
Received Import Request.
  Time since last request: 0,000036 seconds.
  path: Assets/Resources/sounds/cueballHit0.wav
  artifactKey: Guid(9847b9a97dc641c3853b79e503961c5a) Importer(2089858483,0ecaa5967403d082aa24f35e1b516d23)
Start importing Assets/Resources/sounds/cueballHit0.wav using Guid(9847b9a97dc641c3853b79e503961c5a) Importer(2089858483,0ecaa5967403d082aa24f35e1b516d23)  -> (artifact id: '279c984c3fb94c05114dbb406304049b') in 0,052894 seconds
Number of updated asset objects reloaded before import = 0
Number of asset objects unloaded after import = 1
========================================================================
Received Import Request.
  Time since last request: 0,000052 seconds.
  path: Assets/Resources/tablepatterns/5.png
  artifactKey: Guid(761237733664426e85d1f9f5441622ba) Importer(2089858483,0ecaa5967403d082aa24f35e1b516d23)
Start importing Assets/Resources/tablepatterns/5.png using Guid(761237733664426e85d1f9f5441622ba) Importer(2089858483,0ecaa5967403d082aa24f35e1b516d23)  -> (artifact id: 'ce721322d7793025afe0fa25c792f80e') in 0,015704 seconds
Number of updated asset objects reloaded before import = 0
Number of asset objects unloaded after import = 1
========================================================================
Received Import Request.
  Time since last request: 0,000058 seconds.
  path: Assets/Resources/guiballs/20.png
  artifactKey: Guid(b5b2c4d0f50348e6acfa36c14e5fd8e9) Importer(2089858483,0ecaa5967403d082aa24f35e1b516d23)
Start importing Assets/Resources/guiballs/20.png using Guid(b5b2c4d0f50348e6acfa36c14e5fd8e9) Importer(2089858483,0ecaa5967403d082aa24f35e1b516d23)  -> (artifact id: '38eae17839104b7f8a112430a0bd3f63') in 0,016967 seconds
Number of updated asset objects reloaded before import = 0
Number of asset objects unloaded after import = 3
========================================================================
Received Import Request.
  Time since last request: 0,000021 seconds.
  path: Assets/Resources/guiballs/3.png
  artifactKey: Guid(0c7e854bcb9249f1b5fe33b11c915139) Importer(2089858483,0ecaa5967403d082aa24f35e1b516d23)
Start importing Assets/Resources/guiballs/3.png using Guid(0c7e854bcb9249f1b5fe33b11c915139) Importer(2089858483,0ecaa5967403d082aa24f35e1b516d23)  -> (artifact id: '546242e3195b98ce9ba92fa84718f3c3') in 0,017231 seconds
Number of updated asset objects reloaded before import = 0
Number of asset objects unloaded after import = 3
========================================================================
Received Import Request.
  Time since last request: 0,000027 seconds.
  path: Assets/Scripts/UnityStandardAssets/ImageEffects/PostEffectsBase.cs
  artifactKey: Guid(1ef2b20d193f00a7955920976f344d32) Importer(2089858483,0ecaa5967403d082aa24f35e1b516d23)
Start importing Assets/Scripts/UnityStandardAssets/ImageEffects/PostEffectsBase.cs using Guid(1ef2b20d193f00a7955920976f344d32) Importer(2089858483,0ecaa5967403d082aa24f35e1b516d23)  -> (artifact id: '949c22350a624703ad1bb659baf6ba33') in 0,003715 seconds
Number of updated asset objects reloaded before import = 0
Number of asset objects unloaded after import = 1
========================================================================
Received Import Request.
  Time since last request: 0,000111 seconds.
  path: Assets/Resources/avatars/set1/6.png
  artifactKey: Guid(5fd31ebe702b40d295a82176589887ea) Importer(2089858483,0ecaa5967403d082aa24f35e1b516d23)
Start importing Assets/Resources/avatars/set1/6.png using Guid(5fd31ebe702b40d295a82176589887ea) Importer(2089858483,0ecaa5967403d082aa24f35e1b516d23)  -> (artifact id: '066b3c030cc22f1e1b176f56d8510aec') in 0,018520 seconds
Number of updated asset objects reloaded before import = 0
Number of asset objects unloaded after import = 3
========================================================================
Received Import Request.
  Time since last request: 0,000018 seconds.
  path: Assets/Resources/avatars/set2/5.png
  artifactKey: Guid(47ad645c4d6d4c3ca4b3e31f673beb0f) Importer(2089858483,0ecaa5967403d082aa24f35e1b516d23)
Start importing Assets/Resources/avatars/set2/5.png using Guid(47ad645c4d6d4c3ca4b3e31f673beb0f) Importer(2089858483,0ecaa5967403d082aa24f35e1b516d23)  -> (artifact id: '7b97d939cf56debeb482ed1da5e4fecc') in 0,018049 seconds
Number of updated asset objects reloaded before import = 0
Number of asset objects unloaded after import = 3
========================================================================
Received Import Request.
  Time since last request: 0,000017 seconds.
  path: Assets/Resources/tablepatterns/4.png
  artifactKey: Guid(fea5217bd8254140a62e21133e2b21fc) Importer(2089858483,0ecaa5967403d082aa24f35e1b516d23)
Start importing Assets/Resources/tablepatterns/4.png using Guid(fea5217bd8254140a62e21133e2b21fc) Importer(2089858483,0ecaa5967403d082aa24f35e1b516d23)  -> (artifact id: '3bf67e41307904d647fe9da75cb0d36d') in 0,015252 seconds
Number of updated asset objects reloaded before import = 0
Number of asset objects unloaded after import = 1
========================================================================
Received Import Request.
  Time since last request: 0,000035 seconds.
  path: Assets/Resources/avatars/set2/1.png
  artifactKey: Guid(eba4399599f24e1ea70f1fc78736e332) Importer(2089858483,0ecaa5967403d082aa24f35e1b516d23)
Start importing Assets/Resources/avatars/set2/1.png using Guid(eba4399599f24e1ea70f1fc78736e332) Importer(2089858483,0ecaa5967403d082aa24f35e1b516d23)  -> (artifact id: 'f24915081ffcef853de22012e8cc202f') in 0,018070 seconds
Number of updated asset objects reloaded before import = 0
Number of asset objects unloaded after import = 3
========================================================================
Received Import Request.
  Time since last request: 0,000018 seconds.
  path: Assets/Resources/avatars/set1/9.png
  artifactKey: Guid(11b2ba37e13a4ce182affd61fc0a722d) Importer(2089858483,0ecaa5967403d082aa24f35e1b516d23)
Start importing Assets/Resources/avatars/set1/9.png using Guid(11b2ba37e13a4ce182affd61fc0a722d) Importer(2089858483,0ecaa5967403d082aa24f35e1b516d23)  -> (artifact id: '7dfcaf62233b2a7526c597db86b74e7b') in 0,019224 seconds
Number of updated asset objects reloaded before import = 0
Number of asset objects unloaded after import = 3
========================================================================
Received Import Request.
  Time since last request: 0,000046 seconds.
  path: Assets/Resources/tablepatterns/1.png
  artifactKey: Guid(e97251f824ff460998ea09b0502ef21b) Importer(2089858483,0ecaa5967403d082aa24f35e1b516d23)
Start importing Assets/Resources/tablepatterns/1.png using Guid(e97251f824ff460998ea09b0502ef21b) Importer(2089858483,0ecaa5967403d082aa24f35e1b516d23)  -> (artifact id: '1d72865f3547cfe454adc3342e41aa9f') in 0,015290 seconds
Number of updated asset objects reloaded before import = 0
Number of asset objects unloaded after import = 1
========================================================================
Received Import Request.
  Time since last request: 0,000091 seconds.
  path: Assets/Resources/sounds/harpFlourish06.wav
  artifactKey: Guid(2d9b67be649f4818a4d086e5c33d7f64) Importer(2089858483,0ecaa5967403d082aa24f35e1b516d23)
Start importing Assets/Resources/sounds/harpFlourish06.wav using Guid(2d9b67be649f4818a4d086e5c33d7f64) Importer(2089858483,0ecaa5967403d082aa24f35e1b516d23)  -> (artifact id: 'b9049cfce4f222525c3b359eeeadc8ef') in 0,066239 seconds
Number of updated asset objects reloaded before import = 0
Number of asset objects unloaded after import = 1
========================================================================
Received Import Request.
  Time since last request: 0,000105 seconds.
  path: Assets/Scripts/UnityStandardAssets/ImageEffects/BlurOptimized.cs
  artifactKey: Guid(c0dad00b0a0d6683e225c92e4f91e252) Importer(2089858483,0ecaa5967403d082aa24f35e1b516d23)
Start importing Assets/Scripts/UnityStandardAssets/ImageEffects/BlurOptimized.cs using Guid(c0dad00b0a0d6683e225c92e4f91e252) Importer(2089858483,0ecaa5967403d082aa24f35e1b516d23)  -> (artifact id: '2b041932b479a37fae42cbaae5a4b6ed') in 0,002713 seconds
Number of updated asset objects reloaded before import = 0
Number of asset objects unloaded after import = 1
========================================================================
Received Import Request.
  Time since last request: 0,000089 seconds.
  path: Assets/Resources/avatars/set1/0.png
  artifactKey: Guid(01729a8c697d46549edb19cf6354edc4) Importer(2089858483,0ecaa5967403d082aa24f35e1b516d23)
Start importing Assets/Resources/avatars/set1/0.png using Guid(01729a8c697d46549edb19cf6354edc4) Importer(2089858483,0ecaa5967403d082aa24f35e1b516d23)  -> (artifact id: 'a37dafb5b01a17136b3958618415d7a8') in 0,012437 seconds
Number of updated asset objects reloaded before import = 0
Number of asset objects unloaded after import = 3
========================================================================
Received Import Request.
  Time since last request: 0,000014 seconds.
  path: Assets/Resources/guiballs/2.png
  artifactKey: Guid(da68adf37ec64b03823b0bc859af83ca) Importer(2089858483,0ecaa5967403d082aa24f35e1b516d23)
Start importing Assets/Resources/guiballs/2.png using Guid(da68adf37ec64b03823b0bc859af83ca) Importer(2089858483,0ecaa5967403d082aa24f35e1b516d23)  -> (artifact id: '565bfd1ac6a4a9285a604dc09f813db8') in 0,011760 seconds
Number of updated asset objects reloaded before import = 0
Number of asset objects unloaded after import = 3
========================================================================
Received Import Request.
  Time since last request: 0,000021 seconds.
  path: Assets/Resources/tablepatterns/10.png
  artifactKey: Guid(29add5ae283141028ff43b7ed72d27e3) Importer(2089858483,0ecaa5967403d082aa24f35e1b516d23)
Start importing Assets/Resources/tablepatterns/10.png using Guid(29add5ae283141028ff43b7ed72d27e3) Importer(2089858483,0ecaa5967403d082aa24f35e1b516d23)  -> (artifact id: '9c145339d42d0b9164ef376e13449aa3') in 0,014089 seconds
Number of updated asset objects reloaded before import = 0
Number of asset objects unloaded after import = 1
========================================================================
Received Import Request.
  Time since last request: 0,000028 seconds.
  path: Assets/Resources/avatars/set2/3.png
  artifactKey: Guid(7667c78deccf4bc18345e6c2deefa814) Importer(2089858483,0ecaa5967403d082aa24f35e1b516d23)
Start importing Assets/Resources/avatars/set2/3.png using Guid(7667c78deccf4bc18345e6c2deefa814) Importer(2089858483,0ecaa5967403d082aa24f35e1b516d23)  -> (artifact id: '6d4155b1d50ac8bced75e37a4477630a') in 0,016045 seconds
Number of updated asset objects reloaded before import = 0
Number of asset objects unloaded after import = 3
========================================================================
Received Import Request.
  Time since last request: 0,000021 seconds.
  path: Assets/Resources/avatars/set1/4.png
  artifactKey: Guid(cf57ce03e3bb4e5588b71104303bca60) Importer(2089858483,0ecaa5967403d082aa24f35e1b516d23)
Start importing Assets/Resources/avatars/set1/4.png using Guid(cf57ce03e3bb4e5588b71104303bca60) Importer(2089858483,0ecaa5967403d082aa24f35e1b516d23)  -> (artifact id: 'c71e4c7fde06ceae67791f1a171dfdfa') in 0,014843 seconds
Number of updated asset objects reloaded before import = 0
Number of asset objects unloaded after import = 3
========================================================================
Received Import Request.
  Time since last request: 0,000015 seconds.
  path: Assets/Resources/guiballs/9.png
  artifactKey: Guid(146ee1cd45b048d7aaeb85b1fdf92651) Importer(2089858483,0ecaa5967403d082aa24f35e1b516d23)
Start importing Assets/Resources/guiballs/9.png using Guid(146ee1cd45b048d7aaeb85b1fdf92651) Importer(2089858483,0ecaa5967403d082aa24f35e1b516d23)  -> (artifact id: '533046e3afcbab06bb94ddc47a27cc1a') in 0,013894 seconds
Number of updated asset objects reloaded before import = 0
Number of asset objects unloaded after import = 3
========================================================================
Received Import Request.
  Time since last request: 0,000014 seconds.
  path: Assets/Resources/tablepatterns/3.png
  artifactKey: Guid(f36618bdf44844baa5256c24a8a48439) Importer(2089858483,0ecaa5967403d082aa24f35e1b516d23)
Start importing Assets/Resources/tablepatterns/3.png using Guid(f36618bdf44844baa5256c24a8a48439) Importer(2089858483,0ecaa5967403d082aa24f35e1b516d23)  -> (artifact id: '6baeccfee418ea28e233a730656f8d54') in 0,011186 seconds
Number of updated asset objects reloaded before import = 0
Number of asset objects unloaded after import = 1
========================================================================
Received Import Request.
  Time since last request: 0,000022 seconds.
  path: Assets/Resources/avatars/set2/9.png
  artifactKey: Guid(216ba49a698242ce849f98ceec59e521) Importer(2089858483,0ecaa5967403d082aa24f35e1b516d23)
Start importing Assets/Resources/avatars/set2/9.png using Guid(216ba49a698242ce849f98ceec59e521) Importer(2089858483,0ecaa5967403d082aa24f35e1b516d23)  -> (artifact id: '09bf0edc97fea7a8a80868ca618c23e5') in 0,019628 seconds
Number of updated asset objects reloaded before import = 0
Number of asset objects unloaded after import = 3
========================================================================
Received Import Request.
  Time since last request: 0,000021 seconds.
  path: Assets/Resources/tabletextures/0.png
  artifactKey: Guid(7ac6caaab6e14e37a73d6a44fc02f072) Importer(2089858483,0ecaa5967403d082aa24f35e1b516d23)
Start importing Assets/Resources/tabletextures/0.png using Guid(7ac6caaab6e14e37a73d6a44fc02f072) Importer(2089858483,0ecaa5967403d082aa24f35e1b516d23)  -> (artifact id: '5feea7ac4579d33a1caa0fd413963f43') in 0,021111 seconds
Number of updated asset objects reloaded before import = 0
Number of asset objects unloaded after import = 1
========================================================================
Received Prepare
Begin MonoManager ReloadAssembly
- Loaded All Assemblies, in  0,558 seconds
Refreshing native plugins compatible for Editor in 1,80 ms, found 0 plugins.
Native extension for LinuxStandalone target not found
Native extension for WindowsStandalone target not found
Native extension for WebGL target not found
[Package Manager] Server::EnsureServerProcessIsRunning -- launch failed, reason: Unity was launched with the -noUpm command-line argument
[Package Manager] UpmClient::Send -- Unable to send message (not connected to UPM process).
[Package Manager] Cannot connect to Unity Package Manager local server
Mono: successfully reloaded assembly
- Finished resetting the current domain, in  0,827 seconds
Domain Reload Profiling: 1385ms
	BeginReloadAssembly (269ms)
		ExecutionOrderSort (0ms)
		DisableScriptedObjects (7ms)
		BackupInstance (0ms)
		ReleaseScriptingObjects (0ms)
		CreateAndSetChildDomain (57ms)
	RebuildCommonClasses (51ms)
	RebuildNativeTypeToScriptingClass (12ms)
	initialDomainReloadingComplete (37ms)
	LoadAllAssembliesAndSetupDomain (188ms)
		LoadAssemblies (246ms)
		RebuildTransferFunctionScriptingTraits (0ms)
		AnalyzeDomain (27ms)
			TypeCache.Refresh (11ms)
				TypeCache.ScanAssembly (2ms)
			ScanForSourceGeneratedMonoScriptInfo (10ms)
			ResolveRequiredComponents (3ms)
	FinalizeReload (828ms)
		ReleaseScriptCaches (0ms)
		RebuildScriptCaches (0ms)
		SetupLoadedEditorAssemblies (494ms)
			LogAssemblyErrors (0ms)
			InitializePlatformSupportModulesInManaged (54ms)
			SetLoadedEditorAssemblies (4ms)
			RefreshPlugins (0ms)
			BeforeProcessingInitializeOnLoad (62ms)
			ProcessInitializeOnLoadAttributes (336ms)
			ProcessInitializeOnLoadMethodAttributes (29ms)
			AfterProcessingInitializeOnLoad (8ms)
			EditorAssembliesLoaded (0ms)
		ExecutionOrderSort2 (0ms)
		AwakeInstancesAfterBackupRestoration (4ms)
Refreshing native plugins compatible for Editor in 1,90 ms, found 0 plugins.
Preloading 0 native plugins for Editor in 0,00 ms.
Unloading 1554 Unused Serialized files (Serialized files now loaded: 0)
Unloading 32 unused Assets / (35,8 KB). Loaded Objects now: 2026.
Memory consumption went from 83,3 MB to 83,3 MB.
Total: 4,461134 ms (FindLiveObjects: 0,218420 ms CreateObjectMapping: 0,043772 ms MarkObjects: 4,069481 ms  DeleteObjects: 0,127990 ms)

Prepare: number of updated asset objects reloaded= 0
AssetImportParameters requested are different than current active one (requested -> active):
  custom:video-encoder-webm-vp8: eb34c28f22e8b96e1ab97ce403110664 -> 
  custom:video-decoder-webm-vp8: 9c59270c3fd7afecdb556c50c9e8de78 -> 
  custom:audio-decoder-ogg-vorbis: bf7c407c2cedff20999df2af8eb42d56 -> 
  custom:SearchIndexIgnoredProperties: e643bd26f0fe6173181afceb89e7c659 -> 
  custom:container-demuxer-ogg: 62fdf1f143b41e24485cea50d1cbac27 -> 
  custom:AudioImporter_EditorPlatform: 2f0ff77a95e0ac474e3e8eeba4e2f7cb -> 
  custom:CustomObjectIndexerAttribute: 232f87dd983dbecb2a4e21e08eb2cef8 -> 
  custom:container-demuxer-webm: 4f35f7cbe854078d1ac9338744f61a02 -> 
  custom:video-decoder-ogg-theora: a1e56fd34408186e4bbccfd4996cb3dc -> 
  custom:audio-encoder-webm-vorbis: bf7c407c2cedff20999df2af8eb42d56 -> 
  custom:container-muxer-webm: aa71ff27fc2769a1b78a27578f13a17b -> 
Editor requested this worker to shutdown with reason: Scaling down because of idle timeout
TcpMessagingSession - receive error: operation aborted. errorcode: 125, details: Operation aborted.
AssetImportWorker is now disconnected from the server
Process exiting
