Unity Editor version:    2022.3.26f1 (ec6cd8118806)
Branch:                  2022.3/staging
Build type:              Release
Batch mode:              YES
System name:             Linux
Distro version:          #1 SMP PREEMPT_DYNAMIC Sat Jul 27 14:46:06 UTC 2024
Kernel version:          6.9.12-1-MANJARO
Architecture:            x86_64
Available memory:        32036 MB
Using pre-set license
Pro License: YES

(Unity:70969): Gtk-CRITICAL **: 22:48:47.373: gtk_window_set_default_icon: assertion 'GDK_IS_PIXBUF (icon)' failed

(Unity:70969): GLib-GObject-CRITICAL **: 22:48:47.373: g_object_unref: assertion 'G_IS_OBJECT (object)' failed
Desktop is 1920 x 1080 @ 60 Hz
Initialize udev device monitor.

COMMAND LINE ARGUMENTS:
Unity
-adb2
-batchMode
-noUpm
-name
AssetImportWorker2
-projectPath
/home/mplopes/Documentos/Pool 3D
-logFile
Logs/AssetImportWorker2.log
-srvPort
36541
Successfully changed project path to: /home/mplopes/Documentos/Pool 3D
/home/mplopes/Documentos/Pool 3D
[UnityMemory] Configuration Parameters - Can be set up in boot.config
    "memorysetup-bucket-allocator-granularity=16"
    "memorysetup-bucket-allocator-bucket-count=8"
    "memorysetup-bucket-allocator-block-size=33554432"
    "memorysetup-bucket-allocator-block-count=8"
    "memorysetup-main-allocator-block-size=16777216"
    "memorysetup-thread-allocator-block-size=16777216"
    "memorysetup-gfx-main-allocator-block-size=16777216"
    "memorysetup-gfx-thread-allocator-block-size=16777216"
    "memorysetup-cache-allocator-block-size=4194304"
    "memorysetup-typetree-allocator-block-size=2097152"
    "memorysetup-profiler-bucket-allocator-granularity=16"
    "memorysetup-profiler-bucket-allocator-bucket-count=8"
    "memorysetup-profiler-bucket-allocator-block-size=33554432"
    "memorysetup-profiler-bucket-allocator-block-count=8"
    "memorysetup-profiler-allocator-block-size=16777216"
    "memorysetup-profiler-editor-allocator-block-size=1048576"
    "memorysetup-temp-allocator-size-main=16777216"
    "memorysetup-job-temp-allocator-block-size=2097152"
    "memorysetup-job-temp-allocator-block-size-background=1048576"
    "memorysetup-job-temp-allocator-reduction-small-platforms=262144"
    "memorysetup-allocator-temp-initial-block-size-main=262144"
    "memorysetup-allocator-temp-initial-block-size-worker=262144"
    "memorysetup-temp-allocator-size-background-worker=32768"
    "memorysetup-temp-allocator-size-job-worker=262144"
    "memorysetup-temp-allocator-size-preload-manager=33554432"
    "memorysetup-temp-allocator-size-nav-mesh-worker=65536"
    "memorysetup-temp-allocator-size-audio-worker=65536"
    "memorysetup-temp-allocator-size-cloud-worker=32768"
    "memorysetup-temp-allocator-size-gi-baking-worker=262144"
    "memorysetup-temp-allocator-size-gfx=262144"
Player connection [126313079182080] Host "[IP] 10.0.0.155 [Port] 0 [Flags] 2 [Guid] 61713111 [EditorId] 61713111 [Version] 1048832 [Id] LinuxEditor(16,10.0.0.155) [Debug] 1 [PackageName] LinuxEditor [ProjectName] Editor" joined multi-casting on [225.0.0.222:54997]...

Player connection [126313079182080] Host "[IP] 10.0.0.155 [Port] 0 [Flags] 2 [Guid] 61713111 [EditorId] 61713111 [Version] 1048832 [Id] LinuxEditor(16,10.0.0.155) [Debug] 1 [PackageName] LinuxEditor [ProjectName] Editor" joined alternative multi-casting on [225.0.0.222:34997]...

[Physics::Module] Initialized MultithreadedJobDispatcher with 15 workers.
Refreshing native plugins compatible for Editor in 2,97 ms, found 0 plugins.
Preloading 0 native plugins for Editor in 0,00 ms.
Initialize engine version: 2022.3.26f1 (ec6cd8118806)
[Subsystems] Discovering subsystems at path /run/media/mplopes/48b9a565-fcde-403d-aa1b-2e8fddeb6749/.UnityEngine/2022.3.26f1/Editor/Data/Resources/UnitySubsystems
[Subsystems] Discovering subsystems at path /home/mplopes/Documentos/Pool 3D/Assets
GLX Extensions: GLX_ARB_context_flush_control GLX_ARB_create_context GLX_ARB_create_context_no_error GLX_ARB_create_context_profile GLX_ARB_create_context_robustness GLX_ARB_fbconfig_float GLX_ARB_framebuffer_sRGB GLX_ARB_get_proc_address GLX_ARB_multisample GLX_EXT_buffer_age GLX_EXT_create_context_es2_profile GLX_EXT_create_context_es_profile GLX_EXT_fbconfig_packed_float GLX_EXT_framebuffer_sRGB GLX_EXT_no_config_context GLX_EXT_swap_control GLX_EXT_swap_control_tear GLX_EXT_texture_from_pixmap GLX_EXT_visual_info GLX_EXT_visual_rating GLX_INTEL_swap_event GLX_MESA_copy_sub_buffer GLX_MESA_gl_interop GLX_MESA_query_renderer GLX_MESA_swap_control GLX_OML_sync_control GLX_SGIS_multisample GLX_SGIX_fbconfig GLX_SGIX_pbuffer GLX_SGIX_visual_select_group GLX_SGI_make_current_read GLX_SGI_swap_control GLX_SGI_video_sync 
Renderer: AMD Radeon RX 550 / 550 Series (radeonsi, polaris12, LLVM 18.1.8, DRM 3.57, 6.9.12-1-MANJARO)
Vendor:   AMD
Version:  4.6 (Core Profile) Mesa 24.3.0-devel (git-50c0dbfd70)
GLES:     0
 GL_AMD_conservative_depth GL_AMD_depth_clamp_separate GL_AMD_draw_buffers_blend GL_AMD_framebuffer_multisample_advanced GL_AMD_gpu_shader_int64 GL_AMD_multi_draw_indirect GL_AMD_performance_monitor GL_AMD_pinned_memory GL_AMD_query_buffer_object GL_AMD_seamless_cubemap_per_texture GL_AMD_shader_stencil_export GL_AMD_shader_trinary_minmax GL_AMD_texture_texture4 GL_AMD_vertex_shader_layer GL_AMD_vertex_shader_viewport_index GL_ANGLE_texture_compression_dxt3 GL_ANGLE_texture_compression_dxt5 GL_ARB_ES2_compatibility GL_ARB_ES3_1_compatibility GL_ARB_ES3_2_compatibility GL_ARB_ES3_compatibility GL_ARB_arrays_of_arrays GL_ARB_base_instance GL_ARB_bindless_texture GL_ARB_blend_func_extended GL_ARB_buffer_storage GL_ARB_clear_buffer_object GL_ARB_clear_texture GL_ARB_clip_control GL_ARB_color_buffer_float GL_ARB_compressed_texture_pixel_storage GL_ARB_compute_shader GL_ARB_compute_variable_group_size GL_ARB_conditional_render_inverted GL_ARB_conservative_depth GL_ARB_copy_buffer GL_ARB_copy_image GL_ARB_cull_dist
ance GL_ARB_debug_output GL_ARB_depth_buffer_float GL_ARB_depth_clamp GL_ARB_derivative_control GL_ARB_direct_state_access GL_ARB_draw_buffers GL_ARB_draw_buffers_blend GL_ARB_draw_elements_base_vertex GL_ARB_draw_indirect GL_ARB_draw_instanced GL_ARB_enhanced_layouts GL_ARB_explicit_attrib_location GL_ARB_explicit_uniform_location GL_ARB_fragment_coord_conventions GL_ARB_fragment_layer_viewport GL_ARB_fragment_shader GL_ARB_framebuffer_no_attachments GL_ARB_framebuffer_object GL_ARB_framebuffer_sRGB GL_ARB_get_program_binary GL_ARB_get_texture_sub_image GL_ARB_gl_spirv GL_ARB_gpu_shader5 GL_ARB_gpu_shader_fp64 GL_ARB_gpu_shader_int64 GL_ARB_half_float_pixel GL_ARB_half_float_vertex GL_ARB_indirect_parameters GL_ARB_instanced_arrays GL_ARB_internalformat_query GL_ARB_internalformat_query2 GL_ARB_invalidate_subdata GL_ARB_map_buffer_alignment GL_ARB_map_buffer_range GL_ARB_multi_bind GL_ARB_multi_draw_indirect GL_ARB_occlusion_query2 GL_ARB_parallel_shader_compile GL_ARB_pipeline_statistics_query GL_ARB_pixel
_buffer_object GL_ARB_point_sprite GL_ARB_polygon_offset_clamp GL_ARB_program_interface_query GL_ARB_provoking_vertex GL_ARB_query_buffer_object GL_ARB_robust_buffer_access_behavior GL_ARB_robustness GL_ARB_sample_shading GL_ARB_sampler_objects GL_ARB_seamless_cube_map GL_ARB_seamless_cubemap_per_texture GL_ARB_separate_shader_objects GL_ARB_shader_atomic_counter_ops GL_ARB_shader_atomic_counters GL_ARB_shader_ballot GL_ARB_shader_bit_encoding GL_ARB_shader_clock GL_ARB_shader_draw_parameters GL_ARB_shader_group_vote GL_ARB_shader_image_load_store GL_ARB_shader_image_size GL_ARB_shader_objects GL_ARB_shader_precision GL_ARB_shader_stencil_export GL_ARB_shader_storage_buffer_object GL_ARB_shader_subroutine GL_ARB_shader_texture_image_samples GL_ARB_shader_texture_lod GL_ARB_shader_viewport_layer_array GL_ARB_shading_language_420pack GL_ARB_shading_language_include GL_ARB_shading_language_packing GL_ARB_spirv_extensions GL_ARB_stencil_texturing GL_ARB_sync GL_ARB_tessellation_shader GL_ARB_texture_barrier GL_A
RB_texture_border_clamp GL_ARB_texture_buffer_object GL_ARB_texture_buffer_object_rgb32 GL_ARB_texture_buffer_range GL_ARB_texture_compression_bptc GL_ARB_texture_compression_rgtc GL_ARB_texture_cube_map_array GL_ARB_texture_filter_anisotropic GL_ARB_texture_filter_minmax GL_ARB_texture_float GL_ARB_texture_gather GL_ARB_texture_mirror_clamp_to_edge GL_ARB_texture_multisample GL_ARB_texture_non_power_of_two GL_ARB_texture_query_levels GL_ARB_texture_query_lod GL_ARB_texture_rectangle GL_ARB_texture_rg GL_ARB_texture_rgb10_a2ui GL_ARB_texture_stencil8 GL_ARB_texture_storage GL_ARB_texture_storage_multisample GL_ARB_texture_swizzle GL_ARB_texture_view GL_ARB_timer_query GL_ARB_transform_feedback2 GL_ARB_transform_feedback3 GL_ARB_transform_feedback_instanced GL_ARB_transform_feedback_overflow_query GL_ARB_uniform_buffer_object GL_ARB_vertex_array_bgra GL_ARB_vertex_array_object GL_ARB_vertex_attrib_64bit GL_ARB_vertex_attrib_binding GL_ARB_vertex_buffer_object GL_ARB_vertex_shader GL_ARB_vertex_type_10f_11f_11
f_rev GL_ARB_vertex_type_2_10_10_10_rev GL_ARB_viewport_array GL_ATI_blend_equation_separate GL_ATI_meminfo GL_ATI_texture_float GL_ATI_texture_mirror_once GL_EXT_EGL_image_storage GL_EXT_EGL_image_storage_compression GL_EXT_EGL_sync GL_EXT_abgr GL_EXT_blend_equation_separate GL_EXT_debug_label GL_EXT_demote_to_helper_invocation GL_EXT_depth_bounds_test GL_EXT_draw_buffers2 GL_EXT_draw_instanced GL_EXT_framebuffer_blit GL_EXT_framebuffer_multisample GL_EXT_framebuffer_multisample_blit_scaled GL_EXT_framebuffer_object GL_EXT_framebuffer_sRGB GL_EXT_memory_object GL_EXT_memory_object_fd GL_EXT_packed_depth_stencil GL_EXT_packed_float GL_EXT_pixel_buffer_object GL_EXT_polygon_offset_clamp GL_EXT_provoking_vertex GL_EXT_semaphore GL_EXT_semaphore_fd GL_EXT_shader_image_load_formatted GL_EXT_shader_image_load_store GL_EXT_shader_integer_mix GL_EXT_shader_samples_identical GL_EXT_texture_array GL_EXT_texture_compression_dxt1 GL_EXT_texture_compression_rgtc GL_EXT_texture_compression_s3tc GL_EXT_texture_filter_anis
otropic GL_EXT_texture_filter_minmax GL_EXT_texture_integer GL_EXT_texture_mirror_clamp GL_EXT_texture_sRGB GL_EXT_texture_sRGB_R8 GL_EXT_texture_sRGB_decode GL_EXT_texture_shadow_lod GL_EXT_texture_shared_exponent GL_EXT_texture_snorm GL_EXT_texture_storage GL_EXT_texture_swizzle GL_EXT_timer_query GL_EXT_transform_feedback GL_EXT_vertex_array_bgra GL_EXT_vertex_attrib_64bit GL_EXT_window_rectangles GL_IBM_multimode_draw_arrays GL_INTEL_blackhole_render GL_KHR_blend_equation_advanced GL_KHR_context_flush_control GL_KHR_debug GL_KHR_no_error GL_KHR_parallel_shader_compile GL_KHR_robust_buffer_access_behavior GL_KHR_robustness GL_KHR_texture_compression_astc_ldr GL_KHR_texture_compression_astc_sliced_3d GL_MESA_framebuffer_flip_y GL_MESA_pack_invert GL_MESA_shader_integer_functions GL_MESA_texture_const_bandwidth GL_MESA_texture_signed_rgba GL_NVX_gpu_memory_info GL_NV_alpha_to_coverage_dither_control GL_NV_compute_shader_derivatives GL_NV_conditional_render GL_NV_copy_image GL_NV_depth_clamp GL_NV_packed_dep
th_stencil GL_NV_shader_atomic_int64 GL_NV_texture_barrier GL_NV_vdpau_interop GL_OES_EGL_image GL_S3_s3tc
OPENGL LOG: Creating OpenGL 4.6 graphics device ; Context level  <OpenGL 4.5> ; Context handle 803134336
Initialize mono
Mono path[0] = '/run/media/mplopes/48b9a565-fcde-403d-aa1b-2e8fddeb6749/.UnityEngine/2022.3.26f1/Editor/Data/Managed'
Mono path[1] = '/run/media/mplopes/48b9a565-fcde-403d-aa1b-2e8fddeb6749/.UnityEngine/2022.3.26f1/Editor/Data/MonoBleedingEdge/lib/mono/unityjit-linux'
Mono config path = '/run/media/mplopes/48b9a565-fcde-403d-aa1b-2e8fddeb6749/.UnityEngine/2022.3.26f1/Editor/Data/MonoBleedingEdge/etc'
Using monoOptions --debugger-agent=transport=dt_socket,embedding=1,server=y,suspend=n,address=127.0.0.1:56969
Begin MonoManager ReloadAssembly
Registering precompiled unity dll's ...
Register platform support module: /run/media/mplopes/48b9a565-fcde-403d-aa1b-2e8fddeb6749/.UnityEngine/2022.3.26f1/Editor/Data/PlaybackEngines/WebGLSupport/UnityEditor.WebGL.Extensions.dll
Register platform support module: /run/media/mplopes/48b9a565-fcde-403d-aa1b-2e8fddeb6749/.UnityEngine/2022.3.26f1/Editor/Data/PlaybackEngines/WindowsStandaloneSupport/UnityEditor.WindowsStandalone.Extensions.dll
Register platform support module: /run/media/mplopes/48b9a565-fcde-403d-aa1b-2e8fddeb6749/.UnityEngine/2022.3.26f1/Editor/Data/PlaybackEngines/LinuxStandaloneSupport/UnityEditor.LinuxStandalone.Extensions.dll
Registered in 0,013484 seconds.
- Loaded All Assemblies, in  0,456 seconds
Native extension for LinuxStandalone target not found
Native extension for WindowsStandalone target not found
Native extension for WebGL target not found
Mono: successfully reloaded assembly
- Finished resetting the current domain, in  0,452 seconds
Domain Reload Profiling: 908ms
	BeginReloadAssembly (109ms)
		ExecutionOrderSort (0ms)
		DisableScriptedObjects (0ms)
		BackupInstance (0ms)
		ReleaseScriptingObjects (0ms)
		CreateAndSetChildDomain (1ms)
	RebuildCommonClasses (54ms)
	RebuildNativeTypeToScriptingClass (12ms)
	initialDomainReloadingComplete (86ms)
	LoadAllAssembliesAndSetupDomain (195ms)
		LoadAssemblies (108ms)
		RebuildTransferFunctionScriptingTraits (0ms)
		AnalyzeDomain (192ms)
			TypeCache.Refresh (191ms)
				TypeCache.ScanAssembly (173ms)
			ScanForSourceGeneratedMonoScriptInfo (1ms)
			ResolveRequiredComponents (1ms)
	FinalizeReload (452ms)
		ReleaseScriptCaches (0ms)
		RebuildScriptCaches (0ms)
		SetupLoadedEditorAssemblies (357ms)
			LogAssemblyErrors (0ms)
			InitializePlatformSupportModulesInManaged (70ms)
			SetLoadedEditorAssemblies (9ms)
			RefreshPlugins (0ms)
			BeforeProcessingInitializeOnLoad (4ms)
			ProcessInitializeOnLoadAttributes (200ms)
			ProcessInitializeOnLoadMethodAttributes (75ms)
			AfterProcessingInitializeOnLoad (0ms)
			EditorAssembliesLoaded (0ms)
		ExecutionOrderSort2 (0ms)
		AwakeInstancesAfterBackupRestoration (0ms)
========================================================================
Worker process is ready to serve import requests
Begin MonoManager ReloadAssembly
- Loaded All Assemblies, in  0,588 seconds
Refreshing native plugins compatible for Editor in 2,70 ms, found 0 plugins.
Native extension for LinuxStandalone target not found
Native extension for WindowsStandalone target not found
Native extension for WebGL target not found
Package Manager log level set to [2]
[Package Manager] Server::EnsureServerProcessIsRunning -- launch failed, reason: Unity was launched with the -noUpm command-line argument
[Package Manager] UpmClient::Send -- Unable to send message (not connected to UPM process).
[Package Manager] Cannot connect to Unity Package Manager local server
Mono: successfully reloaded assembly
- Finished resetting the current domain, in  0,793 seconds
Domain Reload Profiling: 1380ms
	BeginReloadAssembly (168ms)
		ExecutionOrderSort (0ms)
		DisableScriptedObjects (7ms)
		BackupInstance (0ms)
		ReleaseScriptingObjects (0ms)
		CreateAndSetChildDomain (33ms)
	RebuildCommonClasses (50ms)
	RebuildNativeTypeToScriptingClass (12ms)
	initialDomainReloadingComplete (59ms)
	LoadAllAssembliesAndSetupDomain (300ms)
		LoadAssemblies (256ms)
		RebuildTransferFunctionScriptingTraits (0ms)
		AnalyzeDomain (126ms)
			TypeCache.Refresh (103ms)
				TypeCache.ScanAssembly (87ms)
			ScanForSourceGeneratedMonoScriptInfo (15ms)
			ResolveRequiredComponents (5ms)
	FinalizeReload (793ms)
		ReleaseScriptCaches (0ms)
		RebuildScriptCaches (0ms)
		SetupLoadedEditorAssemblies (553ms)
			LogAssemblyErrors (0ms)
			InitializePlatformSupportModulesInManaged (69ms)
			SetLoadedEditorAssemblies (6ms)
			RefreshPlugins (0ms)
			BeforeProcessingInitializeOnLoad (84ms)
			ProcessInitializeOnLoadAttributes (346ms)
			ProcessInitializeOnLoadMethodAttributes (39ms)
			AfterProcessingInitializeOnLoad (8ms)
			EditorAssembliesLoaded (0ms)
		ExecutionOrderSort2 (0ms)
		AwakeInstancesAfterBackupRestoration (4ms)
Launched and connected shader compiler UnityShaderCompiler after 0.03 seconds
Refreshing native plugins compatible for Editor in 1,98 ms, found 0 plugins.
Preloading 0 native plugins for Editor in 0,00 ms.
Unloading 1519 Unused Serialized files (Serialized files now loaded: 0)
Unloading 35 unused Assets / (53,0 KB). Loaded Objects now: 1980.
Memory consumption went from 81,8 MB to 81,7 MB.
Total: 6,590528 ms (FindLiveObjects: 0,228158 ms CreateObjectMapping: 0,063288 ms MarkObjects: 5,849979 ms  DeleteObjects: 0,446186 ms)

AssetImportParameters requested are different than current active one (requested -> active):
  custom:video-encoder-webm-vp8: eb34c28f22e8b96e1ab97ce403110664 -> 
  custom:video-decoder-webm-vp8: 9c59270c3fd7afecdb556c50c9e8de78 -> 
  custom:audio-decoder-ogg-vorbis: bf7c407c2cedff20999df2af8eb42d56 -> 
  custom:SearchIndexIgnoredProperties: e643bd26f0fe6173181afceb89e7c659 -> 
  custom:container-demuxer-ogg: 62fdf1f143b41e24485cea50d1cbac27 -> 
  custom:AudioImporter_EditorPlatform: 2f0ff77a95e0ac474e3e8eeba4e2f7cb -> 
  custom:CustomObjectIndexerAttribute: 232f87dd983dbecb2a4e21e08eb2cef8 -> 
  custom:container-demuxer-webm: 4f35f7cbe854078d1ac9338744f61a02 -> 
  custom:video-decoder-ogg-theora: a1e56fd34408186e4bbccfd4996cb3dc -> 
  custom:audio-encoder-webm-vorbis: bf7c407c2cedff20999df2af8eb42d56 -> 
  custom:container-muxer-webm: aa71ff27fc2769a1b78a27578f13a17b -> 
========================================================================
Received Import Request.
  Time since last request: 42592,928149 seconds.
  path: Assets/Images/ball-12.png
  artifactKey: Guid(ef1d19997ace493ead812331779406aa) Importer(2089858483,0ecaa5967403d082aa24f35e1b516d23)
Start importing Assets/Images/ball-12.png using Guid(ef1d19997ace493ead812331779406aa) Importer(2089858483,0ecaa5967403d082aa24f35e1b516d23)  -> (artifact id: '34c7ede1b6f543a42a5d15de170cec5e') in 0,189479 seconds
Number of updated asset objects reloaded before import = 0
Number of asset objects unloaded after import = 1
========================================================================
Received Import Request.
  Time since last request: 0,000037 seconds.
  path: Assets/Cubemap/cubemapBallSnooker.png
  artifactKey: Guid(d74dde6609ed4cb9bfbc90b32776cc4c) Importer(2089858483,0ecaa5967403d082aa24f35e1b516d23)
Start importing Assets/Cubemap/cubemapBallSnooker.png using Guid(d74dde6609ed4cb9bfbc90b32776cc4c) Importer(2089858483,0ecaa5967403d082aa24f35e1b516d23)  -> (artifact id: '4ee86668bec57e9e756e37fbc19cfc5f') in 0,017845 seconds
Number of updated asset objects reloaded before import = 0
Number of asset objects unloaded after import = 1
========================================================================
Received Import Request.
  Time since last request: 0,000117 seconds.
  path: Assets/Images/gameName.png
  artifactKey: Guid(33512f5c5cea4723be456e8bb60c78ee) Importer(2089858483,0ecaa5967403d082aa24f35e1b516d23)
Start importing Assets/Images/gameName.png using Guid(33512f5c5cea4723be456e8bb60c78ee) Importer(2089858483,0ecaa5967403d082aa24f35e1b516d23)  -> (artifact id: '01455e3eb24290f244a2a92c06b85845') in 0,047851 seconds
Number of updated asset objects reloaded before import = 0
Number of asset objects unloaded after import = 3
========================================================================
Received Import Request.
  Time since last request: 0,000019 seconds.
  path: Assets/Images/btnUk8ball.png
  artifactKey: Guid(b3fbad4dbffe4b8c94dd3b0d9bcc76f4) Importer(2089858483,0ecaa5967403d082aa24f35e1b516d23)
Start importing Assets/Images/btnUk8ball.png using Guid(b3fbad4dbffe4b8c94dd3b0d9bcc76f4) Importer(2089858483,0ecaa5967403d082aa24f35e1b516d23)  -> (artifact id: '64af11103bb162089b644e18e40ded4b') in 0,014745 seconds
Number of updated asset objects reloaded before import = 0
Number of asset objects unloaded after import = 3
========================================================================
Received Import Request.
  Time since last request: 0,000071 seconds.
  path: Assets/Images/ball-9.png
  artifactKey: Guid(8165cc16536d4ff7b7d0b8c2c9a043ed) Importer(2089858483,0ecaa5967403d082aa24f35e1b516d23)
Start importing Assets/Images/ball-9.png using Guid(8165cc16536d4ff7b7d0b8c2c9a043ed) Importer(2089858483,0ecaa5967403d082aa24f35e1b516d23)  -> (artifact id: '513ecbaeb204144f09e07c0883aab2ab') in 0,012184 seconds
Number of updated asset objects reloaded before import = 0
Number of asset objects unloaded after import = 1
========================================================================
Received Import Request.
  Time since last request: 0,000042 seconds.
  path: Assets/Images/cueBall.png
  artifactKey: Guid(c78f48f1b27d4fa4961780ab1e1cd1c4) Importer(2089858483,0ecaa5967403d082aa24f35e1b516d23)
Start importing Assets/Images/cueBall.png using Guid(c78f48f1b27d4fa4961780ab1e1cd1c4) Importer(2089858483,0ecaa5967403d082aa24f35e1b516d23)  -> (artifact id: '17b394b2938699141fb2245f22b3e326') in 0,012493 seconds
Number of updated asset objects reloaded before import = 0
Number of asset objects unloaded after import = 1
========================================================================
Received Import Request.
  Time since last request: 0,000068 seconds.
  path: Assets/Images/diamonds.png
  artifactKey: Guid(c210110ed99f4d9994664467dabe93b4) Importer(2089858483,0ecaa5967403d082aa24f35e1b516d23)
Start importing Assets/Images/diamonds.png using Guid(c210110ed99f4d9994664467dabe93b4) Importer(2089858483,0ecaa5967403d082aa24f35e1b516d23)  -> (artifact id: '1d237d69d1050123e89351521ee36152') in 0,013959 seconds
Number of updated asset objects reloaded before import = 0
Number of asset objects unloaded after import = 1
========================================================================
Received Import Request.
  Time since last request: 0,000071 seconds.
  path: Assets/Images/btnMatrix.png
  artifactKey: Guid(b0197a1f11de4103ab47e1796ea04e76) Importer(2089858483,0ecaa5967403d082aa24f35e1b516d23)
Start importing Assets/Images/btnMatrix.png using Guid(b0197a1f11de4103ab47e1796ea04e76) Importer(2089858483,0ecaa5967403d082aa24f35e1b516d23)  -> (artifact id: '5f867802e68d82138e50a0f1f9e7d3ae') in 0,015171 seconds
Number of updated asset objects reloaded before import = 0
Number of asset objects unloaded after import = 3
========================================================================
Received Import Request.
  Time since last request: 0,000038 seconds.
  path: Assets/Images/ball-3.png
  artifactKey: Guid(13ae0c4886f4453a949cff28ad314c61) Importer(2089858483,0ecaa5967403d082aa24f35e1b516d23)
Start importing Assets/Images/ball-3.png using Guid(13ae0c4886f4453a949cff28ad314c61) Importer(2089858483,0ecaa5967403d082aa24f35e1b516d23)  -> (artifact id: '370de065437807cc0bb363ca531da6c6') in 0,011766 seconds
Number of updated asset objects reloaded before import = 0
Number of asset objects unloaded after import = 1
========================================================================
Received Import Request.
  Time since last request: 0,000294 seconds.
  path: Assets/Images/button_n.png
  artifactKey: Guid(b86f64dcaee742fdb529a259e693a0bc) Importer(2089858483,0ecaa5967403d082aa24f35e1b516d23)
Start importing Assets/Images/button_n.png using Guid(b86f64dcaee742fdb529a259e693a0bc) Importer(2089858483,0ecaa5967403d082aa24f35e1b516d23)  -> (artifact id: '101cd82cd292cd3157b3c90ac85ae56b') in 0,015218 seconds
Number of updated asset objects reloaded before import = 0
Number of asset objects unloaded after import = 3
========================================================================
Received Import Request.
  Time since last request: 0,000017 seconds.
  path: Assets/Images/btnQuit.png
  artifactKey: Guid(c5cbaf82fc0d412ba36e8496eb274c6a) Importer(2089858483,0ecaa5967403d082aa24f35e1b516d23)
Start importing Assets/Images/btnQuit.png using Guid(c5cbaf82fc0d412ba36e8496eb274c6a) Importer(2089858483,0ecaa5967403d082aa24f35e1b516d23)  -> (artifact id: '5a22a7ab03b522fd4d9fc1bd06fa7b6b') in 0,013336 seconds
Number of updated asset objects reloaded before import = 0
Number of asset objects unloaded after import = 3
========================================================================
Received Import Request.
  Time since last request: 0,000014 seconds.
  path: Assets/Images/boxBg.png
  artifactKey: Guid(a126bf382a7945be8a0ad63d9eeb59bd) Importer(2089858483,0ecaa5967403d082aa24f35e1b516d23)
Start importing Assets/Images/boxBg.png using Guid(a126bf382a7945be8a0ad63d9eeb59bd) Importer(2089858483,0ecaa5967403d082aa24f35e1b516d23)  -> (artifact id: '306b8d52bbad04ca156c373a4041046a') in 0,013837 seconds
Number of updated asset objects reloaded before import = 0
Number of asset objects unloaded after import = 3
========================================================================
Received Import Request.
  Time since last request: 0,000016 seconds.
  path: Assets/Images/btn9ball.png
  artifactKey: Guid(8e4f801d641243baa6d74f7f7d86e6cf) Importer(2089858483,0ecaa5967403d082aa24f35e1b516d23)
Start importing Assets/Images/btn9ball.png using Guid(8e4f801d641243baa6d74f7f7d86e6cf) Importer(2089858483,0ecaa5967403d082aa24f35e1b516d23)  -> (artifact id: '919685a02f21f42e2950708e62610d57') in 0,016544 seconds
Number of updated asset objects reloaded before import = 0
Number of asset objects unloaded after import = 3
========================================================================
Received Import Request.
  Time since last request: 0,000024 seconds.
  path: Assets/Font/DINPro-Bold-1.otf
  artifactKey: Guid(84b5b57f9a514454a963b71d39c51dfd) Importer(2089858483,0ecaa5967403d082aa24f35e1b516d23)
Start importing Assets/Font/DINPro-Bold-1.otf using Guid(84b5b57f9a514454a963b71d39c51dfd) Importer(2089858483,0ecaa5967403d082aa24f35e1b516d23)  -> (artifact id: '684047380a5a9b13f384d18fcaf9c17c') in 0,016850 seconds
Number of updated asset objects reloaded before import = 0
Number of asset objects unloaded after import = 3
========================================================================
Received Import Request.
  Time since last request: 0,000034 seconds.
  path: Assets/Images/ground3.png
  artifactKey: Guid(27e70d24678c4240a672eca84c6c577b) Importer(2089858483,0ecaa5967403d082aa24f35e1b516d23)
Start importing Assets/Images/ground3.png using Guid(27e70d24678c4240a672eca84c6c577b) Importer(2089858483,0ecaa5967403d082aa24f35e1b516d23)  -> (artifact id: '2387c00e2a014172180b14513c76f6c9') in 0,013270 seconds
Number of updated asset objects reloaded before import = 0
Number of asset objects unloaded after import = 1
========================================================================
Received Import Request.
  Time since last request: 0,000080 seconds.
  path: Assets/Images/0.png
  artifactKey: Guid(8a8de0578f434dd7841dd16ef3059677) Importer(2089858483,0ecaa5967403d082aa24f35e1b516d23)
Start importing Assets/Images/0.png using Guid(8a8de0578f434dd7841dd16ef3059677) Importer(2089858483,0ecaa5967403d082aa24f35e1b516d23)  -> (artifact id: 'e535b17a627b496901e72c04ff2512f1') in 0,013810 seconds
Number of updated asset objects reloaded before import = 0
Number of asset objects unloaded after import = 3
========================================================================
Received Import Request.
  Time since last request: 0,000150 seconds.
  path: Assets/Images/aim.png
  artifactKey: Guid(85da0a220a474b67bc54f89056323043) Importer(2089858483,0ecaa5967403d082aa24f35e1b516d23)
Start importing Assets/Images/aim.png using Guid(85da0a220a474b67bc54f89056323043) Importer(2089858483,0ecaa5967403d082aa24f35e1b516d23)  -> (artifact id: '5614da0ac72da6623b836954bb081d9e') in 0,013437 seconds
Number of updated asset objects reloaded before import = 0
Number of asset objects unloaded after import = 3
========================================================================
Received Import Request.
  Time since last request: 0,000035 seconds.
  path: Assets/Images/ball-4.png
  artifactKey: Guid(9309abb77b234a709e6bcb30ff35ea2a) Importer(2089858483,0ecaa5967403d082aa24f35e1b516d23)
Start importing Assets/Images/ball-4.png using Guid(9309abb77b234a709e6bcb30ff35ea2a) Importer(2089858483,0ecaa5967403d082aa24f35e1b516d23)  -> (artifact id: 'ea755b0f22a77aefdc5b0716a58c721c') in 0,010830 seconds
Number of updated asset objects reloaded before import = 0
Number of asset objects unloaded after import = 1
========================================================================
Received Import Request.
  Time since last request: 0,000048 seconds.
  path: Assets/Images/guideColRing.png
  artifactKey: Guid(b84e8e7bfed14dcfa65449d376591aed) Importer(2089858483,0ecaa5967403d082aa24f35e1b516d23)
Start importing Assets/Images/guideColRing.png using Guid(b84e8e7bfed14dcfa65449d376591aed) Importer(2089858483,0ecaa5967403d082aa24f35e1b516d23)  -> (artifact id: '33b420c5064e1246c30821767ebc0f7a') in 0,011614 seconds
Number of updated asset objects reloaded before import = 0
Number of asset objects unloaded after import = 1
========================================================================
Received Import Request.
  Time since last request: 0,000045 seconds.
  path: Assets/Images/aboutBtn.png
  artifactKey: Guid(f704e0e5dab54d42b02fd8cc18f26a2a) Importer(2089858483,0ecaa5967403d082aa24f35e1b516d23)
Start importing Assets/Images/aboutBtn.png using Guid(f704e0e5dab54d42b02fd8cc18f26a2a) Importer(2089858483,0ecaa5967403d082aa24f35e1b516d23)  -> (artifact id: '295abc73224363492e576b4c25cf618d') in 0,013106 seconds
Number of updated asset objects reloaded before import = 0
Number of asset objects unloaded after import = 3
========================================================================
Received Import Request.
  Time since last request: 0,000047 seconds.
  path: Assets/Images/okBtn.png
  artifactKey: Guid(85f506bafc894b57a4fd9bde404569b1) Importer(2089858483,0ecaa5967403d082aa24f35e1b516d23)
Start importing Assets/Images/okBtn.png using Guid(85f506bafc894b57a4fd9bde404569b1) Importer(2089858483,0ecaa5967403d082aa24f35e1b516d23)  -> (artifact id: '46c2f29150e4c23afc37c69bf69af9db') in 0,014109 seconds
Number of updated asset objects reloaded before import = 0
Number of asset objects unloaded after import = 3
========================================================================
Received Import Request.
  Time since last request: 0,000038 seconds.
  path: Assets/Images/UISprite.png
  artifactKey: Guid(ea10b917402840468554b2fbccb29e83) Importer(2089858483,0ecaa5967403d082aa24f35e1b516d23)
Start importing Assets/Images/UISprite.png using Guid(ea10b917402840468554b2fbccb29e83) Importer(2089858483,0ecaa5967403d082aa24f35e1b516d23)  -> (artifact id: 'd5e03498906a9799f64d5c68e329026b') in 0,013544 seconds
Number of updated asset objects reloaded before import = 0
Number of asset objects unloaded after import = 3
========================================================================
Received Import Request.
  Time since last request: 0,000020 seconds.
  path: Assets/Materials/Font Material_d2.mat
  artifactKey: Guid(c4b869fecd6e4037a6fc5c32d3c94ef8) Importer(2089858483,0ecaa5967403d082aa24f35e1b516d23)
Start importing Assets/Materials/Font Material_d2.mat using Guid(c4b869fecd6e4037a6fc5c32d3c94ef8) Importer(2089858483,0ecaa5967403d082aa24f35e1b516d23)  -> (artifact id: '9da184f7eb78caccd8d8d087085e5fc8') in 0,009924 seconds
Number of updated asset objects reloaded before import = 0
Number of asset objects unloaded after import = 1
========================================================================
Received Import Request.
  Time since last request: 0,000048 seconds.
  path: Assets/Images/table-wood-2.png
  artifactKey: Guid(40c7cc735bdd447c9e35dc5c909578d7) Importer(2089858483,0ecaa5967403d082aa24f35e1b516d23)
Start importing Assets/Images/table-wood-2.png using Guid(40c7cc735bdd447c9e35dc5c909578d7) Importer(2089858483,0ecaa5967403d082aa24f35e1b516d23)  -> (artifact id: 'fd55252dd9c28c4f900d74b6fc71f207') in 0,014696 seconds
Number of updated asset objects reloaded before import = 0
Number of asset objects unloaded after import = 1
========================================================================
Received Import Request.
  Time since last request: 0,000236 seconds.
  path: Assets/Materials/cueInside-4.mat
  artifactKey: Guid(bf5013c35b6745fe9687499e8d5f062f) Importer(2089858483,0ecaa5967403d082aa24f35e1b516d23)
Start importing Assets/Materials/cueInside-4.mat using Guid(bf5013c35b6745fe9687499e8d5f062f) Importer(2089858483,0ecaa5967403d082aa24f35e1b516d23)  -> (artifact id: '6fc664aad584ace4eb20067377fb9296') in 0,014057 seconds
Number of updated asset objects reloaded before import = 0
Number of asset objects unloaded after import = 1
========================================================================
Received Import Request.
  Time since last request: 0,000066 seconds.
  path: Assets/Images/stick4.png
  artifactKey: Guid(b7c5454222e34ee9aa56e7f43628e86d) Importer(2089858483,0ecaa5967403d082aa24f35e1b516d23)
Start importing Assets/Images/stick4.png using Guid(b7c5454222e34ee9aa56e7f43628e86d) Importer(2089858483,0ecaa5967403d082aa24f35e1b516d23)  -> (artifact id: '6fca5f62fdb415481c87fc0a02454b78') in 0,013890 seconds
Number of updated asset objects reloaded before import = 0
Number of asset objects unloaded after import = 3
========================================================================
Received Import Request.
  Time since last request: 0,000053 seconds.
  path: Assets/Materials/14.mat
  artifactKey: Guid(57282ed35e96484d8834c3b866ff4eb2) Importer(2089858483,0ecaa5967403d082aa24f35e1b516d23)
Start importing Assets/Materials/14.mat using Guid(57282ed35e96484d8834c3b866ff4eb2) Importer(2089858483,0ecaa5967403d082aa24f35e1b516d23)  -> (artifact id: '51f8131906ef7e71ad06cfbdd4fe4405') in 0,003903 seconds
Number of updated asset objects reloaded before import = 0
Number of asset objects unloaded after import = 2
========================================================================
Received Import Request.
  Time since last request: 0,000039 seconds.
  path: Assets/Materials/cueInside-0n1.mat
  artifactKey: Guid(bdff7e80561c4130a72c90eb1aa8ab2a) Importer(2089858483,0ecaa5967403d082aa24f35e1b516d23)
Start importing Assets/Materials/cueInside-0n1.mat using Guid(bdff7e80561c4130a72c90eb1aa8ab2a) Importer(2089858483,0ecaa5967403d082aa24f35e1b516d23)  -> (artifact id: '947fb1862db49d8f411ec67df06fd101') in 0,003892 seconds
Number of updated asset objects reloaded before import = 0
Number of asset objects unloaded after import = 1
========================================================================
Received Import Request.
  Time since last request: 0,000020 seconds.
  path: Assets/Images/selectCueBtn.png
  artifactKey: Guid(841a6e1a987748e190b7bd5910535ff1) Importer(2089858483,0ecaa5967403d082aa24f35e1b516d23)
Start importing Assets/Images/selectCueBtn.png using Guid(841a6e1a987748e190b7bd5910535ff1) Importer(2089858483,0ecaa5967403d082aa24f35e1b516d23)  -> (artifact id: 'f56f622b4e3fa7f3842a9bd3a9ecd63c') in 0,015874 seconds
Number of updated asset objects reloaded before import = 0
Number of asset objects unloaded after import = 3
========================================================================
Received Import Request.
  Time since last request: 0,000067 seconds.
  path: Assets/Images/statsBtn.png
  artifactKey: Guid(a55875cd95dc4d85bffb83d69b308fa0) Importer(2089858483,0ecaa5967403d082aa24f35e1b516d23)
Start importing Assets/Images/statsBtn.png using Guid(a55875cd95dc4d85bffb83d69b308fa0) Importer(2089858483,0ecaa5967403d082aa24f35e1b516d23)  -> (artifact id: '9fe2b38a84b77eabfaffa3b831f4e93e') in 0,017376 seconds
Number of updated asset objects reloaded before import = 0
Number of asset objects unloaded after import = 3
========================================================================
Received Import Request.
  Time since last request: 0,000021 seconds.
  path: Assets/Images/spinSetThumb.png
  artifactKey: Guid(8428c279838c42e2a2396b35cc01eb32) Importer(2089858483,0ecaa5967403d082aa24f35e1b516d23)
Start importing Assets/Images/spinSetThumb.png using Guid(8428c279838c42e2a2396b35cc01eb32) Importer(2089858483,0ecaa5967403d082aa24f35e1b516d23)  -> (artifact id: '0df048f65dff333136a19028cc6ec02c') in 0,014149 seconds
Number of updated asset objects reloaded before import = 0
Number of asset objects unloaded after import = 3
========================================================================
Received Import Request.
  Time since last request: 0,000036 seconds.
  path: Assets/Images/warning.png
  artifactKey: Guid(c4e33146d6754e3e90b3677960180fb4) Importer(2089858483,0ecaa5967403d082aa24f35e1b516d23)
Start importing Assets/Images/warning.png using Guid(c4e33146d6754e3e90b3677960180fb4) Importer(2089858483,0ecaa5967403d082aa24f35e1b516d23)  -> (artifact id: '04695ab28b2a429077dd1c3c439bf6aa') in 0,014415 seconds
Number of updated asset objects reloaded before import = 0
Number of asset objects unloaded after import = 3
========================================================================
Received Import Request.
  Time since last request: 0,000016 seconds.
  path: Assets/Materials/10.mat
  artifactKey: Guid(8e5b414d2484415fb354fc2f4e0e8a8e) Importer(2089858483,0ecaa5967403d082aa24f35e1b516d23)
Start importing Assets/Materials/10.mat using Guid(8e5b414d2484415fb354fc2f4e0e8a8e) Importer(2089858483,0ecaa5967403d082aa24f35e1b516d23)  -> (artifact id: 'a3f95925486aa6b9740723a81e547e67') in 0,004448 seconds
Number of updated asset objects reloaded before import = 0
Number of asset objects unloaded after import = 2
========================================================================
Received Import Request.
  Time since last request: 0,000017 seconds.
  path: Assets/Materials/11.mat
  artifactKey: Guid(d4486d6a38e04d6d8ac22eafa940a2bc) Importer(2089858483,0ecaa5967403d082aa24f35e1b516d23)
Start importing Assets/Materials/11.mat using Guid(d4486d6a38e04d6d8ac22eafa940a2bc) Importer(2089858483,0ecaa5967403d082aa24f35e1b516d23)  -> (artifact id: '3ada42d0134a14782cf9299478bf3e0c') in 0,004172 seconds
Number of updated asset objects reloaded before import = 0
Number of asset objects unloaded after import = 2
========================================================================
Received Import Request.
  Time since last request: 0,000015 seconds.
  path: Assets/Materials/guideDirLine.mat
  artifactKey: Guid(554d052b15dd41a1b5900fdd11f710ea) Importer(2089858483,0ecaa5967403d082aa24f35e1b516d23)
Start importing Assets/Materials/guideDirLine.mat using Guid(554d052b15dd41a1b5900fdd11f710ea) Importer(2089858483,0ecaa5967403d082aa24f35e1b516d23)  -> (artifact id: 'c80e2f21132ef4104621c99e0d540f54') in 0,035432 seconds
Number of updated asset objects reloaded before import = 0
Number of asset objects unloaded after import = 2
========================================================================
Received Import Request.
  Time since last request: 0,000018 seconds.
  path: Assets/Materials/Font Material.mat
  artifactKey: Guid(1486cd527d5a42e098d9ba11f43b7518) Importer(2089858483,0ecaa5967403d082aa24f35e1b516d23)
Start importing Assets/Materials/Font Material.mat using Guid(1486cd527d5a42e098d9ba11f43b7518) Importer(2089858483,0ecaa5967403d082aa24f35e1b516d23)  -> (artifact id: 'c71ea7ea927fa3ec9fa48a019dd0e65c') in 0,002945 seconds
Number of updated asset objects reloaded before import = 0
Number of asset objects unloaded after import = 1
========================================================================
Received Import Request.
  Time since last request: 0,000048 seconds.
  path: Assets/Images/settingsTabsIcon.png
  artifactKey: Guid(12129af0cad542f6b90eb1ecef9b004e) Importer(2089858483,0ecaa5967403d082aa24f35e1b516d23)
Start importing Assets/Images/settingsTabsIcon.png using Guid(12129af0cad542f6b90eb1ecef9b004e) Importer(2089858483,0ecaa5967403d082aa24f35e1b516d23)  -> (artifact id: '5e5c5cc914bd6ba41be66e510bec4c3c') in 0,022393 seconds
Number of updated asset objects reloaded before import = 0
Number of asset objects unloaded after import = 6
========================================================================
Received Import Request.
  Time since last request: 0,000016 seconds.
  path: Assets/Images/stick5.png
  artifactKey: Guid(023c611dbafd427eaf0f2437d7ad17f7) Importer(2089858483,0ecaa5967403d082aa24f35e1b516d23)
Start importing Assets/Images/stick5.png using Guid(023c611dbafd427eaf0f2437d7ad17f7) Importer(2089858483,0ecaa5967403d082aa24f35e1b516d23)  -> (artifact id: 'f0306780a40e2838f983c030fb9c85be') in 0,015452 seconds
Number of updated asset objects reloaded before import = 0
Number of asset objects unloaded after import = 3
========================================================================
Received Import Request.
  Time since last request: 0,000179 seconds.
  path: Assets/Images/setPowerBg.png
  artifactKey: Guid(076bf6404746421094c0b87483bd3515) Importer(2089858483,0ecaa5967403d082aa24f35e1b516d23)
Start importing Assets/Images/setPowerBg.png using Guid(076bf6404746421094c0b87483bd3515) Importer(2089858483,0ecaa5967403d082aa24f35e1b516d23)  -> (artifact id: 'c7cd8eef8cfceb56d60acfbe2e77d046') in 0,013979 seconds
Number of updated asset objects reloaded before import = 0
Number of asset objects unloaded after import = 3
========================================================================
Received Import Request.
  Time since last request: 0,000025 seconds.
  path: Assets/Materials/Default-Diffuse.mat
  artifactKey: Guid(6d67198b867e4cc28fda04471f957086) Importer(2089858483,0ecaa5967403d082aa24f35e1b516d23)
Start importing Assets/Materials/Default-Diffuse.mat using Guid(6d67198b867e4cc28fda04471f957086) Importer(2089858483,0ecaa5967403d082aa24f35e1b516d23)  -> (artifact id: '951efdee2805b4af6c753930899f3767') in 0,055934 seconds
Number of updated asset objects reloaded before import = 0
Number of asset objects unloaded after import = 1
========================================================================
Received Import Request.
  Time since last request: 0,000054 seconds.
  path: Assets/Images/textFieldError.png
  artifactKey: Guid(9f19c8e282ad467fbc1ea7577ea20958) Importer(2089858483,0ecaa5967403d082aa24f35e1b516d23)
Start importing Assets/Images/textFieldError.png using Guid(9f19c8e282ad467fbc1ea7577ea20958) Importer(2089858483,0ecaa5967403d082aa24f35e1b516d23)  -> (artifact id: '6ee6725a2fbb9d7187426f950813c9e9') in 0,013569 seconds
Number of updated asset objects reloaded before import = 0
Number of asset objects unloaded after import = 3
========================================================================
Received Import Request.
  Time since last request: 0,000033 seconds.
  path: Assets/Materials/ball-uk-black.mat
  artifactKey: Guid(d990de72ac764093996be73d00f9b74a) Importer(2089858483,0ecaa5967403d082aa24f35e1b516d23)
Start importing Assets/Materials/ball-uk-black.mat using Guid(d990de72ac764093996be73d00f9b74a) Importer(2089858483,0ecaa5967403d082aa24f35e1b516d23)  -> (artifact id: '07c64fb9352d59a09c8e1d91ce262548') in 0,004784 seconds
Number of updated asset objects reloaded before import = 0
Number of asset objects unloaded after import = 2
========================================================================
Received Import Request.
  Time since last request: 0,194410 seconds.
  path: Assets/Materials/mobile-diffuse.mat
  artifactKey: Guid(e5c5727d53ab49a4afa9f96393758120) Importer(2089858483,0ecaa5967403d082aa24f35e1b516d23)
Start importing Assets/Materials/mobile-diffuse.mat using Guid(e5c5727d53ab49a4afa9f96393758120) Importer(2089858483,0ecaa5967403d082aa24f35e1b516d23)  -> (artifact id: '386c28f00ff1dbab6db2e47e1907f3f7') in 0,003749 seconds
Number of updated asset objects reloaded before import = 0
Number of asset objects unloaded after import = 1
========================================================================
Received Import Request.
  Time since last request: 0,000063 seconds.
  path: Assets/Materials/specular.mat
  artifactKey: Guid(3788d152c593479494921d9eced59735) Importer(2089858483,0ecaa5967403d082aa24f35e1b516d23)
Start importing Assets/Materials/specular.mat using Guid(3788d152c593479494921d9eced59735) Importer(2089858483,0ecaa5967403d082aa24f35e1b516d23)  -> (artifact id: '9eb88ce0154ef42b77718e3370a896f0') in 0,003669 seconds
Number of updated asset objects reloaded before import = 0
Number of asset objects unloaded after import = 2
========================================================================
Received Import Request.
  Time since last request: 0,000018 seconds.
  path: Assets/Materials/table-metal.mat
  artifactKey: Guid(11953a631f8d4963ab5f3c9d890887a7) Importer(2089858483,0ecaa5967403d082aa24f35e1b516d23)
Start importing Assets/Materials/table-metal.mat using Guid(11953a631f8d4963ab5f3c9d890887a7) Importer(2089858483,0ecaa5967403d082aa24f35e1b516d23)  -> (artifact id: 'b66618de67928a6af90ae67ced92eda6') in 0,005213 seconds
Number of updated asset objects reloaded before import = 0
Number of asset objects unloaded after import = 2
========================================================================
Received Import Request.
  Time since last request: 0,000061 seconds.
  path: Assets/Scripts/fps.cs
  artifactKey: Guid(09ff270373f8788877e674108973f194) Importer(2089858483,0ecaa5967403d082aa24f35e1b516d23)
Start importing Assets/Scripts/fps.cs using Guid(09ff270373f8788877e674108973f194) Importer(2089858483,0ecaa5967403d082aa24f35e1b516d23)  -> (artifact id: '268a3306d4d59094454d8ed52aecceae') in 0,004604 seconds
Number of updated asset objects reloaded before import = 0
Number of asset objects unloaded after import = 1
========================================================================
Received Import Request.
  Time since last request: 0,000077 seconds.
  path: Assets/Scripts/uiBobAnim.cs
  artifactKey: Guid(d7417cc3377e4e3ab8f39b59966cbf02) Importer(2089858483,0ecaa5967403d082aa24f35e1b516d23)
Start importing Assets/Scripts/uiBobAnim.cs using Guid(d7417cc3377e4e3ab8f39b59966cbf02) Importer(2089858483,0ecaa5967403d082aa24f35e1b516d23)  -> (artifact id: 'ec20c838ca82d8443cdddf24c9bc9d05') in 0,003391 seconds
Number of updated asset objects reloaded before import = 0
Number of asset objects unloaded after import = 1
========================================================================
Received Import Request.
  Time since last request: 0,000069 seconds.
  path: Assets/Scripts/blinkingText.cs
  artifactKey: Guid(b734661585bb1f29139fd71e7ee463d6) Importer(2089858483,0ecaa5967403d082aa24f35e1b516d23)
Start importing Assets/Scripts/blinkingText.cs using Guid(b734661585bb1f29139fd71e7ee463d6) Importer(2089858483,0ecaa5967403d082aa24f35e1b516d23)  -> (artifact id: '1008e4c2f18a193404a981e8683f9fac') in 0,003509 seconds
Number of updated asset objects reloaded before import = 0
Number of asset objects unloaded after import = 1
========================================================================
Received Import Request.
  Time since last request: 0,000079 seconds.
  path: Assets/PhysicMaterials/tableSideEnd.physicMaterial
  artifactKey: Guid(16a3e6c2fa494613809c2ef2ff6c4ff9) Importer(2089858483,0ecaa5967403d082aa24f35e1b516d23)
Start importing Assets/PhysicMaterials/tableSideEnd.physicMaterial using Guid(16a3e6c2fa494613809c2ef2ff6c4ff9) Importer(2089858483,0ecaa5967403d082aa24f35e1b516d23)  -> (artifact id: 'a62a8895d281ae86685b5d0c36e3e883') in 0,004328 seconds
Number of updated asset objects reloaded before import = 0
Number of asset objects unloaded after import = 1
========================================================================
Received Import Request.
  Time since last request: 0,000040 seconds.
  path: Assets/Materials/textColor.mat
  artifactKey: Guid(e53e73c3ff8147f881b0561ca5766957) Importer(2089858483,0ecaa5967403d082aa24f35e1b516d23)
Start importing Assets/Materials/textColor.mat using Guid(e53e73c3ff8147f881b0561ca5766957) Importer(2089858483,0ecaa5967403d082aa24f35e1b516d23)  -> (artifact id: '6fc0c178c88ec0c5e1b2aa94ae462edd') in 0,003965 seconds
Number of updated asset objects reloaded before import = 0
Number of asset objects unloaded after import = 1
========================================================================
Received Import Request.
  Time since last request: 0,000025 seconds.
  path: Assets/Materials/snooker-brown.mat
  artifactKey: Guid(c0233cbbb531499493ccc086cbf644be) Importer(2089858483,0ecaa5967403d082aa24f35e1b516d23)
Start importing Assets/Materials/snooker-brown.mat using Guid(c0233cbbb531499493ccc086cbf644be) Importer(2089858483,0ecaa5967403d082aa24f35e1b516d23)  -> (artifact id: '9d7b27041b518631279c34f0f42f6283') in 0,005413 seconds
Number of updated asset objects reloaded before import = 0
Number of asset objects unloaded after import = 2
========================================================================
Received Import Request.
  Time since last request: 0,000018 seconds.
  path: Assets/Scripts/messageBoxScript.cs
  artifactKey: Guid(44f4382543d314e820c6f72899bd39f9) Importer(2089858483,0ecaa5967403d082aa24f35e1b516d23)
Start importing Assets/Scripts/messageBoxScript.cs using Guid(44f4382543d314e820c6f72899bd39f9) Importer(2089858483,0ecaa5967403d082aa24f35e1b516d23)  -> (artifact id: 'ffda5fd4351727fa26060185c01c7f48') in 0,003802 seconds
Number of updated asset objects reloaded before import = 0
Number of asset objects unloaded after import = 1
========================================================================
Received Import Request.
  Time since last request: 0,000143 seconds.
  path: Assets/PhysicMaterials/ball.physicMaterial
  artifactKey: Guid(8942ee0832434bd3a3cdb4207358d93e) Importer(2089858483,0ecaa5967403d082aa24f35e1b516d23)
Start importing Assets/PhysicMaterials/ball.physicMaterial using Guid(8942ee0832434bd3a3cdb4207358d93e) Importer(2089858483,0ecaa5967403d082aa24f35e1b516d23)  -> (artifact id: '8dc1296d9560e021d1d7c042172a5923') in 0,003316 seconds
Number of updated asset objects reloaded before import = 0
Number of asset objects unloaded after import = 1
========================================================================
Received Import Request.
  Time since last request: 0,000377 seconds.
  path: Assets/Resources/guiballs/11.png
  artifactKey: Guid(68996c8451f849ab97899458bf0b591b) Importer(2089858483,0ecaa5967403d082aa24f35e1b516d23)
Start importing Assets/Resources/guiballs/11.png using Guid(68996c8451f849ab97899458bf0b591b) Importer(2089858483,0ecaa5967403d082aa24f35e1b516d23)  -> (artifact id: '830269ad597d555be19c36f5c65dd032') in 0,013931 seconds
Number of updated asset objects reloaded before import = 0
Number of asset objects unloaded after import = 3
========================================================================
Received Import Request.
  Time since last request: 0,000018 seconds.
  path: Assets/Meshs/colSideEnd.asset
  artifactKey: Guid(c6cda464952d4c8b8480fa4b9e080759) Importer(2089858483,0ecaa5967403d082aa24f35e1b516d23)
Start importing Assets/Meshs/colSideEnd.asset using Guid(c6cda464952d4c8b8480fa4b9e080759) Importer(2089858483,0ecaa5967403d082aa24f35e1b516d23)  -> (artifact id: '172ddd1241f8b0bae64783002e96c2bb') in 0,005635 seconds
Number of updated asset objects reloaded before import = 0
Number of asset objects unloaded after import = 1
========================================================================
Received Import Request.
  Time since last request: 0,000050 seconds.
  path: Assets/Meshs/ukBallLimit.asset
  artifactKey: Guid(367f9f56ec42412cac43e0c9c15eaa56) Importer(2089858483,0ecaa5967403d082aa24f35e1b516d23)
Start importing Assets/Meshs/ukBallLimit.asset using Guid(367f9f56ec42412cac43e0c9c15eaa56) Importer(2089858483,0ecaa5967403d082aa24f35e1b516d23)  -> (artifact id: '9b2edee4ce9b6effe716dfb1ddfd69bd') in 0,005511 seconds
Number of updated asset objects reloaded before import = 0
Number of asset objects unloaded after import = 1
========================================================================
Received Import Request.
  Time since last request: 0,000057 seconds.
  path: Assets/Materials/starParticle1.mat
  artifactKey: Guid(c4dd6ca7c1e34e2b8977653ffe0bc0cc) Importer(2089858483,0ecaa5967403d082aa24f35e1b516d23)
Start importing Assets/Materials/starParticle1.mat using Guid(c4dd6ca7c1e34e2b8977653ffe0bc0cc) Importer(2089858483,0ecaa5967403d082aa24f35e1b516d23)  -> (artifact id: '428023062a3922c192f29b925a471e9c') in 0,005023 seconds
Number of updated asset objects reloaded before import = 0
Number of asset objects unloaded after import = 2
========================================================================
Received Import Request.
  Time since last request: 0,000025 seconds.
  path: Assets/Materials/table-holes.mat
  artifactKey: Guid(bb8841311dbc41c691934733ec4f538e) Importer(2089858483,0ecaa5967403d082aa24f35e1b516d23)
Start importing Assets/Materials/table-holes.mat using Guid(bb8841311dbc41c691934733ec4f538e) Importer(2089858483,0ecaa5967403d082aa24f35e1b516d23)  -> (artifact id: 'd7024b293abd7631ecf872210ed33bd6') in 0,004765 seconds
Number of updated asset objects reloaded before import = 0
Number of asset objects unloaded after import = 2
========================================================================
Received Import Request.
  Time since last request: 0,000021 seconds.
  path: Assets/Materials/snooker-pink.mat
  artifactKey: Guid(fcc6c0f3622c4448839fb65b6e7f6562) Importer(2089858483,0ecaa5967403d082aa24f35e1b516d23)
Start importing Assets/Materials/snooker-pink.mat using Guid(fcc6c0f3622c4448839fb65b6e7f6562) Importer(2089858483,0ecaa5967403d082aa24f35e1b516d23)  -> (artifact id: 'ab26816cb97ed588bc99702b35a470b0') in 0,005376 seconds
Number of updated asset objects reloaded before import = 0
Number of asset objects unloaded after import = 2
========================================================================
Received Import Request.
  Time since last request: 0,000292 seconds.
  path: Assets/Materials/stick3.mat
  artifactKey: Guid(d03ba0fe36d24c0bb2f6767cc373e3c6) Importer(2089858483,0ecaa5967403d082aa24f35e1b516d23)
Start importing Assets/Materials/stick3.mat using Guid(d03ba0fe36d24c0bb2f6767cc373e3c6) Importer(2089858483,0ecaa5967403d082aa24f35e1b516d23)  -> (artifact id: '1e1ca19aa2fe0dd1b3a54e7e8d44230c') in 0,006583 seconds
Number of updated asset objects reloaded before import = 0
Number of asset objects unloaded after import = 2
========================================================================
Received Import Request.
  Time since last request: 0,000270 seconds.
  path: Assets/Scripts/eachHolesForce.cs
  artifactKey: Guid(c6b719fc0526e13d07ee89d4eedd18b6) Importer(2089858483,0ecaa5967403d082aa24f35e1b516d23)
Start importing Assets/Scripts/eachHolesForce.cs using Guid(c6b719fc0526e13d07ee89d4eedd18b6) Importer(2089858483,0ecaa5967403d082aa24f35e1b516d23)  -> (artifact id: 'eb5b8d2c60cbbe76fb99a2b727300ab1') in 0,003901 seconds
Number of updated asset objects reloaded before import = 0
Number of asset objects unloaded after import = 1
========================================================================
Received Import Request.
  Time since last request: 0,000040 seconds.
  path: Assets/PhysicMaterials/tableSide.physicMaterial
  artifactKey: Guid(76f89bd5df48444d87601fcab0d911f0) Importer(2089858483,0ecaa5967403d082aa24f35e1b516d23)
Start importing Assets/PhysicMaterials/tableSide.physicMaterial using Guid(76f89bd5df48444d87601fcab0d911f0) Importer(2089858483,0ecaa5967403d082aa24f35e1b516d23)  -> (artifact id: '37246da9d1b4efe41d4959c83ee05cde') in 0,003460 seconds
Number of updated asset objects reloaded before import = 0
Number of asset objects unloaded after import = 1
========================================================================
Received Import Request.
  Time since last request: 0,000029 seconds.
  path: Assets/Materials/stick1.mat
  artifactKey: Guid(c6d3a0fc927a4b0087f63716526f0e4f) Importer(2089858483,0ecaa5967403d082aa24f35e1b516d23)
Start importing Assets/Materials/stick1.mat using Guid(c6d3a0fc927a4b0087f63716526f0e4f) Importer(2089858483,0ecaa5967403d082aa24f35e1b516d23)  -> (artifact id: '4b17c52d84bb76fcdaa33b26d0b0a35b') in 0,005731 seconds
Number of updated asset objects reloaded before import = 0
Number of asset objects unloaded after import = 2
========================================================================
Received Import Request.
  Time since last request: 0,000414 seconds.
  path: Assets/Resources/eghsmedals/medalSilver.png
  artifactKey: Guid(bf1832579dda4ef99627c987cb71561b) Importer(2089858483,0ecaa5967403d082aa24f35e1b516d23)
Start importing Assets/Resources/eghsmedals/medalSilver.png using Guid(bf1832579dda4ef99627c987cb71561b) Importer(2089858483,0ecaa5967403d082aa24f35e1b516d23)  -> (artifact id: 'd9dc30f5e77c9a4b8c38601c3a746d00') in 0,016311 seconds
Number of updated asset objects reloaded before import = 0
Number of asset objects unloaded after import = 3
========================================================================
Received Import Request.
  Time since last request: 0,000094 seconds.
  path: Assets/Resources/guiballs/13.png
  artifactKey: Guid(73a0b21b083a484ba1e344caa16a40ec) Importer(2089858483,0ecaa5967403d082aa24f35e1b516d23)
Start importing Assets/Resources/guiballs/13.png using Guid(73a0b21b083a484ba1e344caa16a40ec) Importer(2089858483,0ecaa5967403d082aa24f35e1b516d23)  -> (artifact id: '98bd5effa488279d0e59b34db8aa8181') in 0,018547 seconds
Number of updated asset objects reloaded before import = 0
Number of asset objects unloaded after import = 3
========================================================================
Received Import Request.
  Time since last request: 0,000020 seconds.
  path: Assets/Resources/eghsmedals/medalGold.png
  artifactKey: Guid(c402b0236d4a453697152bebbfd2bd62) Importer(2089858483,0ecaa5967403d082aa24f35e1b516d23)
Start importing Assets/Resources/eghsmedals/medalGold.png using Guid(c402b0236d4a453697152bebbfd2bd62) Importer(2089858483,0ecaa5967403d082aa24f35e1b516d23)  -> (artifact id: '20328ba625f02079ddabb90a19888aab') in 0,022329 seconds
Number of updated asset objects reloaded before import = 0
Number of asset objects unloaded after import = 3
========================================================================
Received Import Request.
  Time since last request: 0,330328 seconds.
  path: Assets/Resources/guiballs/16.png
  artifactKey: Guid(fcf4e6ee2a42449583c9f37b57143943) Importer(2089858483,0ecaa5967403d082aa24f35e1b516d23)
Start importing Assets/Resources/guiballs/16.png using Guid(fcf4e6ee2a42449583c9f37b57143943) Importer(2089858483,0ecaa5967403d082aa24f35e1b516d23)  -> (artifact id: 'f675a68909f75f12bd74e819641fd300') in 0,014165 seconds
Number of updated asset objects reloaded before import = 0
Number of asset objects unloaded after import = 3
========================================================================
Received Import Request.
  Time since last request: 0,000016 seconds.
  path: Assets/Resources/avatars/set1/3.png
  artifactKey: Guid(9a96e013d4914587bb0225ec01d16654) Importer(2089858483,0ecaa5967403d082aa24f35e1b516d23)
Start importing Assets/Resources/avatars/set1/3.png using Guid(9a96e013d4914587bb0225ec01d16654) Importer(2089858483,0ecaa5967403d082aa24f35e1b516d23)  -> (artifact id: '34f31661dd30fb0a812710eb798b90f4') in 0,016373 seconds
Number of updated asset objects reloaded before import = 0
Number of asset objects unloaded after import = 3
========================================================================
Received Import Request.
  Time since last request: 0,000017 seconds.
  path: Assets/Resources/sounds/ballPocket2.wav
  artifactKey: Guid(4b1019209f1c40bd879da614eab8653f) Importer(2089858483,0ecaa5967403d082aa24f35e1b516d23)
Start importing Assets/Resources/sounds/ballPocket2.wav using Guid(4b1019209f1c40bd879da614eab8653f) Importer(2089858483,0ecaa5967403d082aa24f35e1b516d23)  -> (artifact id: '0b74a0078bc08432ecb9a9ce95bcd83a') in 0,054601 seconds
Number of updated asset objects reloaded before import = 0
Number of asset objects unloaded after import = 1
========================================================================
Received Import Request.
  Time since last request: 0,000049 seconds.
  path: Assets/Resources/guiballs/21.png
  artifactKey: Guid(5388763ff60e433fbbd9abfff7d186d0) Importer(2089858483,0ecaa5967403d082aa24f35e1b516d23)
Start importing Assets/Resources/guiballs/21.png using Guid(5388763ff60e433fbbd9abfff7d186d0) Importer(2089858483,0ecaa5967403d082aa24f35e1b516d23)  -> (artifact id: 'dfea2bbbc76b3ba73b013ba51d73ce35') in 0,012762 seconds
Number of updated asset objects reloaded before import = 0
Number of asset objects unloaded after import = 3
========================================================================
Received Import Request.
  Time since last request: 0,000018 seconds.
  path: Assets/Resources/tablepatterns/9.png
  artifactKey: Guid(f5ce655002954a2984b347eecdd36f9b) Importer(2089858483,0ecaa5967403d082aa24f35e1b516d23)
Start importing Assets/Resources/tablepatterns/9.png using Guid(f5ce655002954a2984b347eecdd36f9b) Importer(2089858483,0ecaa5967403d082aa24f35e1b516d23)  -> (artifact id: '29b49066d8d75c789e88372790ea9ff2') in 0,012249 seconds
Number of updated asset objects reloaded before import = 0
Number of asset objects unloaded after import = 1
========================================================================
Received Import Request.
  Time since last request: 0,000034 seconds.
  path: Assets/Resources/sounds/ballHit1.wav
  artifactKey: Guid(f3f0d40a1dc0463cbcaa10ea952e8509) Importer(2089858483,0ecaa5967403d082aa24f35e1b516d23)
Start importing Assets/Resources/sounds/ballHit1.wav using Guid(f3f0d40a1dc0463cbcaa10ea952e8509) Importer(2089858483,0ecaa5967403d082aa24f35e1b516d23)  -> (artifact id: '70d89fb66f0a9126284c61fe39842da2') in 0,045601 seconds
Number of updated asset objects reloaded before import = 0
Number of asset objects unloaded after import = 1
========================================================================
Received Import Request.
  Time since last request: 0,000044 seconds.
  path: Assets/Resources/guiballs/22.png
  artifactKey: Guid(eae80d34789943248857fe6204154cbe) Importer(2089858483,0ecaa5967403d082aa24f35e1b516d23)
Start importing Assets/Resources/guiballs/22.png using Guid(eae80d34789943248857fe6204154cbe) Importer(2089858483,0ecaa5967403d082aa24f35e1b516d23)  -> (artifact id: 'b77fcaa2059370494b89b23fae152ffb') in 0,014084 seconds
Number of updated asset objects reloaded before import = 0
Number of asset objects unloaded after import = 3
========================================================================
Received Import Request.
  Time since last request: 0,000252 seconds.
  path: Assets/Resources/guiballs/6.png
  artifactKey: Guid(83763b5c0cbe423eb72a1390b46e4913) Importer(2089858483,0ecaa5967403d082aa24f35e1b516d23)
Start importing Assets/Resources/guiballs/6.png using Guid(83763b5c0cbe423eb72a1390b46e4913) Importer(2089858483,0ecaa5967403d082aa24f35e1b516d23)  -> (artifact id: '18f223e88a8558df4b0c424607beb0c7') in 0,015452 seconds
Number of updated asset objects reloaded before import = 0
Number of asset objects unloaded after import = 3
========================================================================
Received Import Request.
  Time since last request: 0,000017 seconds.
  path: Assets/Resources/avatars/set1/5.png
  artifactKey: Guid(32b82211785f449b8d0e02bbe0f39652) Importer(2089858483,0ecaa5967403d082aa24f35e1b516d23)
Start importing Assets/Resources/avatars/set1/5.png using Guid(32b82211785f449b8d0e02bbe0f39652) Importer(2089858483,0ecaa5967403d082aa24f35e1b516d23)  -> (artifact id: '9da1d9aabf79e4900c55114aa9a1d421') in 0,016780 seconds
Number of updated asset objects reloaded before import = 0
Number of asset objects unloaded after import = 3
========================================================================
Received Import Request.
  Time since last request: 0,000016 seconds.
  path: Assets/Resources/sounds/buttonClick.wav
  artifactKey: Guid(eb7c15e99bb94dbf8c9cb858e5b1154c) Importer(2089858483,0ecaa5967403d082aa24f35e1b516d23)
Start importing Assets/Resources/sounds/buttonClick.wav using Guid(eb7c15e99bb94dbf8c9cb858e5b1154c) Importer(2089858483,0ecaa5967403d082aa24f35e1b516d23)  -> (artifact id: 'f8249e840b8b38c0e9860b008631db3e') in 0,044686 seconds
Number of updated asset objects reloaded before import = 0
Number of asset objects unloaded after import = 1
========================================================================
Received Import Request.
  Time since last request: 0,000081 seconds.
  path: Assets/Resources/avatars/set2/6.png
  artifactKey: Guid(3e7b7972b1a044e69820363751c10b4b) Importer(2089858483,0ecaa5967403d082aa24f35e1b516d23)
Start importing Assets/Resources/avatars/set2/6.png using Guid(3e7b7972b1a044e69820363751c10b4b) Importer(2089858483,0ecaa5967403d082aa24f35e1b516d23)  -> (artifact id: '2f1935e9c6fb6b76df6ce47ea1af584d') in 0,016230 seconds
Number of updated asset objects reloaded before import = 0
Number of asset objects unloaded after import = 3
========================================================================
Received Import Request.
  Time since last request: 0,000016 seconds.
  path: Assets/Resources/musics/DriftAway.wav
  artifactKey: Guid(5f16dbbbe4f54fed9c08021f21fadc6d) Importer(2089858483,0ecaa5967403d082aa24f35e1b516d23)
Start importing Assets/Resources/musics/DriftAway.wav using Guid(5f16dbbbe4f54fed9c08021f21fadc6d) Importer(2089858483,0ecaa5967403d082aa24f35e1b516d23)  -> (artifact id: 'e44deead61a2d216a376a75512a74dd4') in 0,292813 seconds
Number of updated asset objects reloaded before import = 0
Number of asset objects unloaded after import = 1
========================================================================
Received Prepare
Begin MonoManager ReloadAssembly
- Loaded All Assemblies, in  0,581 seconds
Refreshing native plugins compatible for Editor in 1,87 ms, found 0 plugins.
Native extension for LinuxStandalone target not found
Native extension for WindowsStandalone target not found
Native extension for WebGL target not found
[Package Manager] Server::EnsureServerProcessIsRunning -- launch failed, reason: Unity was launched with the -noUpm command-line argument
[Package Manager] UpmClient::Send -- Unable to send message (not connected to UPM process).
[Package Manager] Cannot connect to Unity Package Manager local server
Mono: successfully reloaded assembly
- Finished resetting the current domain, in  0,844 seconds
Domain Reload Profiling: 1425ms
	BeginReloadAssembly (246ms)
		ExecutionOrderSort (0ms)
		DisableScriptedObjects (7ms)
		BackupInstance (0ms)
		ReleaseScriptingObjects (0ms)
		CreateAndSetChildDomain (43ms)
	RebuildCommonClasses (52ms)
	RebuildNativeTypeToScriptingClass (13ms)
	initialDomainReloadingComplete (38ms)
	LoadAllAssembliesAndSetupDomain (231ms)
		LoadAssemblies (286ms)
		RebuildTransferFunctionScriptingTraits (0ms)
		AnalyzeDomain (26ms)
			TypeCache.Refresh (10ms)
				TypeCache.ScanAssembly (2ms)
			ScanForSourceGeneratedMonoScriptInfo (10ms)
			ResolveRequiredComponents (4ms)
	FinalizeReload (845ms)
		ReleaseScriptCaches (0ms)
		RebuildScriptCaches (0ms)
		SetupLoadedEditorAssemblies (503ms)
			LogAssemblyErrors (0ms)
			InitializePlatformSupportModulesInManaged (58ms)
			SetLoadedEditorAssemblies (4ms)
			RefreshPlugins (0ms)
			BeforeProcessingInitializeOnLoad (60ms)
			ProcessInitializeOnLoadAttributes (342ms)
			ProcessInitializeOnLoadMethodAttributes (31ms)
			AfterProcessingInitializeOnLoad (8ms)
			EditorAssembliesLoaded (0ms)
		ExecutionOrderSort2 (0ms)
		AwakeInstancesAfterBackupRestoration (5ms)
Refreshing native plugins compatible for Editor in 1,81 ms, found 0 plugins.
Preloading 0 native plugins for Editor in 0,00 ms.
Unloading 1554 Unused Serialized files (Serialized files now loaded: 0)
Unloading 32 unused Assets / (35,9 KB). Loaded Objects now: 2027.
Memory consumption went from 83,4 MB to 83,3 MB.
Total: 4,339437 ms (FindLiveObjects: 0,177312 ms CreateObjectMapping: 0,042680 ms MarkObjects: 3,967850 ms  DeleteObjects: 0,150242 ms)

Prepare: number of updated asset objects reloaded= 0
AssetImportParameters requested are different than current active one (requested -> active):
  custom:video-encoder-webm-vp8: eb34c28f22e8b96e1ab97ce403110664 -> 
  custom:video-decoder-webm-vp8: 9c59270c3fd7afecdb556c50c9e8de78 -> 
  custom:audio-decoder-ogg-vorbis: bf7c407c2cedff20999df2af8eb42d56 -> 
  custom:SearchIndexIgnoredProperties: e643bd26f0fe6173181afceb89e7c659 -> 
  custom:container-demuxer-ogg: 62fdf1f143b41e24485cea50d1cbac27 -> 
  custom:AudioImporter_EditorPlatform: 2f0ff77a95e0ac474e3e8eeba4e2f7cb -> 
  custom:CustomObjectIndexerAttribute: 232f87dd983dbecb2a4e21e08eb2cef8 -> 
  custom:container-demuxer-webm: 4f35f7cbe854078d1ac9338744f61a02 -> 
  custom:video-decoder-ogg-theora: a1e56fd34408186e4bbccfd4996cb3dc -> 
  custom:audio-encoder-webm-vorbis: bf7c407c2cedff20999df2af8eb42d56 -> 
  custom:container-muxer-webm: aa71ff27fc2769a1b78a27578f13a17b -> 
Editor requested this worker to shutdown with reason: Scaling down because of idle timeout
TcpMessagingSession - receive error: operation aborted. errorcode: 125, details: Operation aborted.
AssetImportWorker is now disconnected from the server
Process exiting
